100/6001
200/6001
300/6001
400/6001
500/6001
600/6001
700/6001
800/6001
900/6001
1000/6001
1100/6001
1200/6001
1300/6001
1400/6001
1500/6001
1600/6001
1700/6001
1800/6001
1900/6001
2000/6001
2100/6001
2200/6001
2300/6001
2400/6001
2500/6001
2600/6001
2700/6001
2800/6001
2900/6001
3000/6001
3100/6001
3200/6001
3300/6001
3400/6001
3500/6001
3600/6001
3700/6001
3800/6001
3900/6001
4000/6001
4100/6001
4200/6001
4300/6001
4400/6001
4500/6001
4600/6001
4700/6001
4800/6001
4900/6001
5000/6001
5100/6001
5200/6001
5300/6001
5400/6001
5500/6001
5600/6001
5700/6001
5800/6001
5900/6001
6000/6001
outdir is ../../result_brain/Goal-directed_WGAN-GP/epoch1000/
10/6001
20/6001
30/6001
40/6001
50/6001
60/6001
70/6001
80/6001
90/6001
100/6001
110/6001
120/6001
130/6001
140/6001
150/6001
160/6001
170/6001
180/6001
190/6001
200/6001
210/6001
220/6001
230/6001
240/6001
250/6001
260/6001
270/6001
280/6001
290/6001
300/6001
310/6001
320/6001
330/6001
340/6001
350/6001
360/6001
370/6001
380/6001
390/6001
400/6001
410/6001
420/6001
430/6001
440/6001
450/6001
460/6001
470/6001
480/6001
490/6001
500/6001
510/6001
520/6001
530/6001
540/6001
550/6001
560/6001
570/6001
580/6001
590/6001
600/6001
610/6001
620/6001
630/6001
640/6001
650/6001
660/6001
670/6001
680/6001
690/6001
700/6001
710/6001
720/6001
730/6001
740/6001
750/6001
760/6001
770/6001
780/6001
790/6001
800/6001
810/6001
820/6001
830/6001
840/6001
850/6001
860/6001
870/6001
880/6001
890/6001
900/6001
910/6001
920/6001
930/6001
940/6001
950/6001
960/6001
970/6001
980/6001
990/6001
1000/6001
1010/6001
1020/6001
1030/6001
1040/6001
1050/6001
1060/6001
1070/6001
1080/6001
1090/6001
1100/6001
1110/6001
1120/6001
1130/6001
1140/6001
1150/6001
1160/6001
1170/6001
1180/6001
1190/6001
1200/6001
1210/6001
1220/6001
1230/6001
1240/6001
1250/6001
1260/6001
1270/6001
1280/6001
1290/6001
1300/6001
1310/6001
1320/6001
1330/6001
1340/6001
1350/6001
1360/6001
1370/6001
1380/6001
1390/6001
1400/6001
1410/6001
1420/6001
1430/6001
1440/6001
1450/6001
1460/6001
1470/6001
1480/6001
1490/6001
1500/6001
1510/6001
1520/6001
1530/6001
1540/6001
1550/6001
1560/6001
1570/6001
1580/6001
1590/6001
1600/6001
1610/6001
1620/6001
1630/6001
1640/6001
1650/6001
1660/6001
1670/6001
1680/6001
1690/6001
1700/6001
1710/6001
1720/6001
1730/6001
1740/6001
1750/6001
1760/6001
1770/6001
1780/6001
1790/6001
1800/6001
1810/6001
1820/6001
1830/6001
1840/6001
1850/6001
1860/6001
1870/6001
1880/6001
1890/6001
1900/6001
1910/6001
1920/6001
1930/6001
1940/6001
1950/6001
1960/6001
1970/6001
1980/6001
1990/6001
2000/6001
2010/6001
2020/6001
2030/6001
2040/6001
2050/6001
2060/6001
2070/6001
2080/6001
2090/6001
2100/6001
2110/6001
2120/6001
2130/6001
2140/6001
2150/6001
2160/6001
2170/6001
2180/6001
2190/6001
2200/6001
2210/6001
2220/6001
2230/6001
2240/6001
2250/6001
2260/6001
2270/6001
2280/6001
2290/6001
2300/6001
2310/6001
2320/6001
2330/6001
2340/6001
2350/6001
2360/6001
2370/6001
2380/6001
2390/6001
2400/6001
2410/6001
2420/6001
2430/6001
2440/6001
2450/6001
2460/6001
2470/6001
2480/6001
2490/6001
2500/6001
2510/6001
2520/6001
2530/6001
2540/6001
2550/6001
2560/6001
2570/6001
2580/6001
2590/6001
2600/6001
2610/6001
2620/6001
2630/6001
2640/6001
2650/6001
2660/6001
2670/6001
2680/6001
2690/6001
2700/6001
2710/6001
2720/6001
2730/6001
2740/6001
2750/6001
2760/6001
2770/6001
2780/6001
2790/6001
2800/6001
2810/6001
2820/6001
2830/6001
2840/6001
2850/6001
2860/6001
2870/6001
2880/6001
2890/6001
2900/6001
2910/6001
2920/6001
2930/6001
2940/6001
2950/6001
2960/6001
2970/6001
2980/6001
2990/6001
3000/6001
3010/6001
3020/6001
3030/6001
3040/6001
3050/6001
3060/6001
3070/6001
3080/6001
3090/6001
3100/6001
3110/6001
3120/6001
3130/6001
3140/6001
3150/6001
3160/6001
3170/6001
3180/6001
3190/6001
3200/6001
3210/6001
3220/6001
3230/6001
3240/6001
3250/6001
3260/6001
3270/6001
3280/6001
3290/6001
3300/6001
3310/6001
3320/6001
3330/6001
3340/6001
3350/6001
3360/6001
3370/6001
3380/6001
3390/6001
3400/6001
3410/6001
3420/6001
3430/6001
3440/6001
3450/6001
3460/6001
3470/6001
3480/6001
3490/6001
3500/6001
3510/6001
3520/6001
3530/6001
3540/6001
3550/6001
3560/6001
3570/6001
3580/6001
3590/6001
3600/6001
3610/6001
3620/6001
3630/6001
3640/6001
3650/6001
3660/6001
3670/6001
3680/6001
3690/6001
3700/6001
3710/6001
3720/6001
3730/6001
3740/6001
3750/6001
3760/6001
3770/6001
3780/6001
3790/6001
3800/6001
3810/6001
3820/6001
3830/6001
3840/6001
3850/6001
3860/6001
3870/6001
3880/6001
3890/6001
3900/6001
3910/6001
3920/6001
3930/6001
3940/6001
3950/6001
3960/6001
3970/6001
3980/6001
3990/6001
4000/6001
4010/6001
4020/6001
4030/6001
4040/6001
4050/6001
4060/6001
4070/6001
4080/6001
4090/6001
4100/6001
4110/6001
4120/6001
4130/6001
4140/6001
4150/6001
4160/6001
4170/6001
4180/6001
4190/6001
4200/6001
4210/6001
4220/6001
4230/6001
4240/6001
4250/6001
4260/6001
4270/6001
4280/6001
4290/6001
4300/6001
4310/6001
4320/6001
4330/6001
4340/6001
4350/6001
4360/6001
4370/6001
4380/6001
4390/6001
4400/6001
4410/6001
4420/6001
4430/6001
4440/6001
4450/6001
4460/6001
4470/6001
4480/6001
4490/6001
4500/6001
4510/6001
4520/6001
4530/6001
4540/6001
4550/6001
4560/6001
4570/6001
4580/6001
4590/6001
4600/6001
4610/6001
4620/6001
4630/6001
4640/6001
4650/6001
4660/6001
4670/6001
4680/6001
4690/6001
4700/6001
4710/6001
4720/6001
4730/6001
4740/6001
4750/6001
4760/6001
4770/6001
4780/6001
4790/6001
4800/6001
4810/6001
4820/6001
4830/6001
4840/6001
4850/6001
4860/6001
4870/6001
4880/6001
4890/6001
4900/6001
4910/6001
4920/6001
4930/6001
4940/6001
4950/6001
4960/6001
4970/6001
4980/6001
4990/6001
5000/6001
5010/6001
5020/6001
5030/6001
5040/6001
5050/6001
5060/6001
5070/6001
5080/6001
5090/6001
5100/6001
5110/6001
5120/6001
5130/6001
5140/6001
5150/6001
5160/6001
5170/6001
5180/6001
5190/6001
5200/6001
5210/6001
5220/6001
5230/6001
5240/6001
5250/6001
5260/6001
5270/6001
5280/6001
5290/6001
5300/6001
5310/6001
5320/6001
5330/6001
5340/6001
5350/6001
5360/6001
5370/6001
5380/6001
5390/6001
5400/6001
5410/6001
5420/6001
5430/6001
5440/6001
5450/6001
5460/6001
5470/6001
5480/6001
5490/6001
5500/6001
5510/6001
5520/6001
5530/6001
5540/6001
5550/6001
5560/6001
5570/6001
5580/6001
5590/6001
5600/6001
5610/6001
5620/6001
5630/6001
5640/6001
5650/6001
5660/6001
5670/6001
5680/6001
5690/6001
5700/6001
5710/6001
5720/6001
5730/6001
5740/6001
5750/6001
5760/6001
5770/6001
5780/6001
5790/6001
5800/6001
5810/6001
5820/6001
5830/6001
5840/6001
5850/6001
5860/6001
5870/6001
5880/6001
5890/6001
5900/6001
5910/6001
5920/6001
5930/6001
5940/6001
5950/6001
5960/6001
5970/6001
5980/6001
5990/6001
6000/6001

 Method: Goal-directed_WGAN-GP
Number of same peptides: 0
100/9796
200/9796
300/9796
400/9796
500/9796
600/9796
700/9796
800/9796
900/9796
1000/9796
1100/9796
1200/9796
1300/9796
1400/9796
1500/9796
1600/9796
1700/9796
1800/9796
1900/9796
2000/9796
2100/9796
2200/9796
2300/9796
2400/9796
2500/9796
2600/9796
2700/9796
2800/9796
2900/9796
3000/9796
3100/9796
3200/9796
3300/9796
3400/9796
3500/9796
3600/9796
3700/9796
3800/9796
3900/9796
4000/9796
4100/9796
4200/9796
4300/9796
4400/9796
4500/9796
4600/9796
4700/9796
4800/9796
4900/9796
5000/9796
5100/9796
5200/9796
5300/9796
5400/9796
5500/9796
5600/9796
5700/9796
5800/9796
5900/9796
6000/9796
6100/9796
6200/9796
6300/9796
6400/9796
6500/9796
6600/9796
6700/9796
6800/9796
6900/9796
7000/9796
7100/9796
7200/9796
7300/9796
7400/9796
7500/9796
7600/9796
7700/9796
7800/9796
7900/9796
8000/9796
8100/9796
8200/9796
8300/9796
8400/9796
8500/9796
8600/9796
8700/9796
8800/9796
8900/9796
9000/9796
9100/9796
9200/9796
9300/9796
9400/9796
9500/9796
9600/9796
9700/9796
outdir is ../../result_brain/WGAN-GP/epoch1000/
10/9796
20/9796
30/9796
40/9796
50/9796
60/9796
70/9796
80/9796
90/9796
100/9796
110/9796
120/9796
130/9796
140/9796
150/9796
160/9796
170/9796
180/9796
190/9796
200/9796
210/9796
220/9796
230/9796
240/9796
250/9796
260/9796
270/9796
280/9796
290/9796
300/9796
310/9796
320/9796
330/9796
340/9796
350/9796
360/9796
370/9796
380/9796
390/9796
400/9796
410/9796
420/9796
430/9796
440/9796
450/9796
460/9796
470/9796
480/9796
490/9796
500/9796
510/9796
520/9796
530/9796
540/9796
550/9796
560/9796
570/9796
580/9796
590/9796
600/9796
610/9796
620/9796
630/9796
640/9796
650/9796
660/9796
670/9796
680/9796
690/9796
700/9796
710/9796
720/9796
730/9796
740/9796
750/9796
760/9796
770/9796
780/9796
790/9796
800/9796
810/9796
820/9796
830/9796
840/9796
850/9796
860/9796
870/9796
880/9796
890/9796
900/9796
910/9796
920/9796
930/9796
940/9796
950/9796
960/9796
970/9796
980/9796
990/9796
1000/9796
1010/9796
1020/9796
1030/9796
1040/9796
1050/9796
1060/9796
1070/9796
1080/9796
1090/9796
1100/9796
1110/9796
1120/9796
1130/9796
1140/9796
1150/9796
1160/9796
1170/9796
1180/9796
1190/9796
1200/9796
1210/9796
1220/9796
1230/9796
1240/9796
1250/9796
1260/9796
1270/9796
1280/9796
1290/9796
1300/9796
1310/9796
1320/9796
1330/9796
1340/9796
1350/9796
1360/9796
1370/9796
1380/9796
1390/9796
1400/9796
1410/9796
1420/9796
1430/9796
1440/9796
1450/9796
1460/9796
1470/9796
1480/9796
1490/9796
1500/9796
1510/9796
1520/9796
1530/9796
1540/9796
1550/9796
1560/9796
1570/9796
1580/9796
1590/9796
1600/9796
1610/9796
1620/9796
1630/9796
1640/9796
1650/9796
1660/9796
1670/9796
1680/9796
1690/9796
1700/9796
1710/9796
1720/9796
1730/9796
1740/9796
1750/9796
1760/9796
1770/9796
1780/9796
1790/9796
1800/9796
1810/9796
1820/9796
1830/9796
1840/9796
1850/9796
1860/9796
1870/9796
1880/9796
1890/9796
1900/9796
1910/9796
1920/9796
1930/9796
1940/9796
1950/9796
1960/9796
1970/9796
1980/9796
1990/9796
2000/9796
2010/9796
2020/9796
2030/9796
2040/9796
2050/9796
2060/9796
2070/9796
2080/9796
2090/9796
2100/9796
2110/9796
2120/9796
2130/9796
2140/9796
2150/9796
2160/9796
2170/9796
2180/9796
2190/9796
2200/9796
2210/9796
2220/9796
2230/9796
2240/9796
2250/9796
2260/9796
2270/9796
2280/9796
2290/9796
2300/9796
2310/9796
2320/9796
2330/9796
2340/9796
2350/9796
2360/9796
2370/9796
2380/9796
2390/9796
2400/9796
2410/9796
2420/9796
2430/9796
2440/9796
2450/9796
2460/9796
2470/9796
2480/9796
2490/9796
2500/9796
2510/9796
2520/9796
2530/9796
2540/9796
2550/9796
2560/9796
2570/9796
2580/9796
2590/9796
2600/9796
2610/9796
2620/9796
2630/9796
2640/9796
2650/9796
2660/9796
2670/9796
2680/9796
2690/9796
2700/9796
2710/9796
2720/9796
2730/9796
2740/9796
2750/9796
2760/9796
2770/9796
2780/9796
2790/9796
2800/9796
2810/9796
2820/9796
2830/9796
2840/9796
2850/9796
2860/9796
2870/9796
2880/9796
2890/9796
2900/9796
2910/9796
2920/9796
2930/9796
2940/9796
2950/9796
2960/9796
2970/9796
2980/9796
2990/9796
3000/9796
3010/9796
3020/9796
3030/9796
3040/9796
3050/9796
3060/9796
3070/9796
3080/9796
3090/9796
3100/9796
3110/9796
3120/9796
3130/9796
3140/9796
3150/9796
3160/9796
3170/9796
3180/9796
3190/9796
3200/9796
3210/9796
3220/9796
3230/9796
3240/9796
3250/9796
3260/9796
3270/9796
3280/9796
3290/9796
3300/9796
3310/9796
3320/9796
3330/9796
3340/9796
3350/9796
3360/9796
3370/9796
3380/9796
3390/9796
3400/9796
3410/9796
3420/9796
3430/9796
3440/9796
3450/9796
3460/9796
3470/9796
3480/9796
3490/9796
3500/9796
3510/9796
3520/9796
3530/9796
3540/9796
3550/9796
3560/9796
3570/9796
3580/9796
3590/9796
3600/9796
3610/9796
3620/9796
3630/9796
3640/9796
3650/9796
3660/9796
3670/9796
3680/9796
3690/9796
3700/9796
3710/9796
3720/9796
3730/9796
3740/9796
3750/9796
3760/9796
3770/9796
3780/9796
3790/9796
3800/9796
3810/9796
3820/9796
3830/9796
3840/9796
3850/9796
3860/9796
3870/9796
3880/9796
3890/9796
3900/9796
3910/9796
3920/9796
3930/9796
3940/9796
3950/9796
3960/9796
3970/9796
3980/9796
3990/9796
4000/9796
4010/9796
4020/9796
4030/9796
4040/9796
4050/9796
4060/9796
4070/9796
4080/9796
4090/9796
4100/9796
4110/9796
4120/9796
4130/9796
4140/9796
4150/9796
4160/9796
4170/9796
4180/9796
4190/9796
4200/9796
4210/9796
4220/9796
4230/9796
4240/9796
4250/9796
4260/9796
4270/9796
4280/9796
4290/9796
4300/9796
4310/9796
4320/9796
4330/9796
4340/9796
4350/9796
4360/9796
4370/9796
4380/9796
4390/9796
4400/9796
4410/9796
4420/9796
4430/9796
4440/9796
4450/9796
4460/9796
4470/9796
4480/9796
4490/9796
4500/9796
4510/9796
4520/9796
4530/9796
4540/9796
4550/9796
4560/9796
4570/9796
4580/9796
4590/9796
4600/9796
4610/9796
4620/9796
4630/9796
4640/9796
4650/9796
4660/9796
4670/9796
4680/9796
4690/9796
4700/9796
4710/9796
4720/9796
4730/9796
4740/9796
4750/9796
4760/9796
4770/9796
4780/9796
4790/9796
4800/9796
4810/9796
4820/9796
4830/9796
4840/9796
4850/9796
4860/9796
4870/9796
4880/9796
4890/9796
4900/9796
4910/9796
4920/9796
4930/9796
4940/9796
4950/9796
4960/9796
4970/9796
4980/9796
4990/9796
5000/9796
5010/9796
5020/9796
5030/9796
5040/9796
5050/9796
5060/9796
5070/9796
5080/9796
5090/9796
5100/9796
5110/9796
5120/9796
5130/9796
5140/9796
5150/9796
5160/9796
5170/9796
5180/9796
5190/9796
5200/9796
5210/9796
5220/9796
5230/9796
5240/9796
5250/9796
5260/9796
5270/9796
5280/9796
5290/9796
5300/9796
5310/9796
5320/9796
5330/9796
5340/9796
5350/9796
5360/9796
5370/9796
5380/9796
5390/9796
5400/9796
5410/9796
5420/9796
5430/9796
5440/9796
5450/9796
5460/9796
5470/9796
5480/9796
5490/9796
5500/9796
5510/9796
5520/9796
5530/9796
5540/9796
5550/9796
5560/9796
5570/9796
5580/9796
5590/9796
5600/9796
5610/9796
5620/9796
5630/9796
5640/9796
5650/9796
5660/9796
5670/9796
5680/9796
5690/9796
5700/9796
5710/9796
5720/9796
5730/9796
5740/9796
5750/9796
5760/9796
5770/9796
5780/9796
5790/9796
5800/9796
5810/9796
5820/9796
5830/9796
5840/9796
5850/9796
5860/9796
5870/9796
5880/9796
5890/9796
5900/9796
5910/9796
5920/9796
5930/9796
5940/9796
5950/9796
5960/9796
5970/9796
5980/9796
5990/9796
6000/9796
6010/9796
6020/9796
6030/9796
6040/9796
6050/9796
6060/9796
6070/9796
6080/9796
6090/9796
6100/9796
6110/9796
6120/9796
6130/9796
6140/9796
6150/9796
6160/9796
6170/9796
6180/9796
6190/9796
6200/9796
6210/9796
6220/9796
6230/9796
6240/9796
6250/9796
6260/9796
6270/9796
6280/9796
6290/9796
6300/9796
6310/9796
6320/9796
6330/9796
6340/9796
6350/9796
6360/9796
6370/9796
6380/9796
6390/9796
6400/9796
6410/9796
6420/9796
6430/9796
6440/9796
6450/9796
6460/9796
6470/9796
6480/9796
6490/9796
6500/9796
6510/9796
6520/9796
6530/9796
6540/9796
6550/9796
6560/9796
6570/9796
6580/9796
6590/9796
6600/9796
6610/9796
6620/9796
6630/9796
6640/9796
6650/9796
6660/9796
6670/9796
6680/9796
6690/9796
6700/9796
6710/9796
6720/9796
6730/9796
6740/9796
6750/9796
6760/9796
6770/9796
6780/9796
6790/9796
6800/9796
6810/9796
6820/9796
6830/9796
6840/9796
6850/9796
6860/9796
6870/9796
6880/9796
6890/9796
6900/9796
6910/9796
6920/9796
6930/9796
6940/9796
6950/9796
6960/9796
6970/9796
6980/9796
6990/9796
7000/9796
7010/9796
7020/9796
7030/9796
7040/9796
7050/9796
7060/9796
7070/9796
7080/9796
7090/9796
7100/9796
7110/9796
7120/9796
7130/9796
7140/9796
7150/9796
7160/9796
7170/9796
7180/9796
7190/9796
7200/9796
7210/9796
7220/9796
7230/9796
7240/9796
7250/9796
7260/9796
7270/9796
7280/9796
7290/9796
7300/9796
7310/9796
7320/9796
7330/9796
7340/9796
7350/9796
7360/9796
7370/9796
7380/9796
7390/9796
7400/9796
7410/9796
7420/9796
7430/9796
7440/9796
7450/9796
7460/9796
7470/9796
7480/9796
7490/9796
7500/9796
7510/9796
7520/9796
7530/9796
7540/9796
7550/9796
7560/9796
7570/9796
7580/9796
7590/9796
7600/9796
7610/9796
7620/9796
7630/9796
7640/9796
7650/9796
7660/9796
7670/9796
7680/9796
7690/9796
7700/9796
7710/9796
7720/9796
7730/9796
7740/9796
7750/9796
7760/9796
7770/9796
7780/9796
7790/9796
7800/9796
7810/9796
7820/9796
7830/9796
7840/9796
7850/9796
7860/9796
7870/9796
7880/9796
7890/9796
7900/9796
7910/9796
7920/9796
7930/9796
7940/9796
7950/9796
7960/9796
7970/9796
7980/9796
7990/9796
8000/9796
8010/9796
8020/9796
8030/9796
8040/9796
8050/9796
8060/9796
8070/9796
8080/9796
8090/9796
8100/9796
8110/9796
8120/9796
8130/9796
8140/9796
8150/9796
8160/9796
8170/9796
8180/9796
8190/9796
8200/9796
8210/9796
8220/9796
8230/9796
8240/9796
8250/9796
8260/9796
8270/9796
8280/9796
8290/9796
8300/9796
8310/9796
8320/9796
8330/9796
8340/9796
8350/9796
8360/9796
8370/9796
8380/9796
8390/9796
8400/9796
8410/9796
8420/9796
8430/9796
8440/9796
8450/9796
8460/9796
8470/9796
8480/9796
8490/9796
8500/9796
8510/9796
8520/9796
8530/9796
8540/9796
8550/9796
8560/9796
8570/9796
8580/9796
8590/9796
8600/9796
8610/9796
8620/9796
8630/9796
8640/9796
8650/9796
8660/9796
8670/9796
8680/9796
8690/9796
8700/9796
8710/9796
8720/9796
8730/9796
8740/9796
8750/9796
8760/9796
8770/9796
8780/9796
8790/9796
8800/9796
8810/9796
8820/9796
8830/9796
8840/9796
8850/9796
8860/9796
8870/9796
8880/9796
8890/9796
8900/9796
8910/9796
8920/9796
8930/9796
8940/9796
8950/9796
8960/9796
8970/9796
8980/9796
8990/9796
9000/9796
9010/9796
9020/9796
9030/9796
9040/9796
9050/9796
9060/9796
9070/9796
9080/9796
9090/9796
9100/9796
9110/9796
9120/9796
9130/9796
9140/9796
9150/9796
9160/9796
9170/9796
9180/9796
9190/9796
9200/9796
9210/9796
9220/9796
9230/9796
9240/9796
9250/9796
9260/9796
9270/9796
9280/9796
9290/9796
9300/9796
9310/9796
9320/9796
9330/9796
9340/9796
9350/9796
9360/9796
9370/9796
9380/9796
9390/9796
9400/9796
9410/9796
9420/9796
9430/9796
9440/9796
9450/9796
9460/9796
9470/9796
9480/9796
9490/9796
9500/9796
9510/9796
9520/9796
9530/9796
9540/9796
9550/9796
9560/9796
9570/9796
9580/9796
9590/9796
9600/9796
9610/9796
9620/9796
9630/9796
9640/9796
9650/9796
9660/9796
9670/9796
9680/9796
9690/9796
9700/9796
9710/9796
9720/9796
9730/9796
9740/9796
9750/9796
9760/9796
9770/9796
9780/9796
9790/9796

 Method: WGAN-GP
Number of same peptides: 0
100/9686
200/9686
300/9686
400/9686
500/9686
600/9686
700/9686
800/9686
900/9686
1000/9686
1100/9686
1200/9686
1300/9686
1400/9686
1500/9686
1600/9686
1700/9686
1800/9686
1900/9686
2000/9686
2100/9686
2200/9686
2300/9686
2400/9686
2500/9686
2600/9686
2700/9686
2800/9686
2900/9686
3000/9686
3100/9686
3200/9686
3300/9686
3400/9686
3500/9686
3600/9686
3700/9686
3800/9686
3900/9686
4000/9686
4100/9686
4200/9686
4300/9686
4400/9686
4500/9686
4600/9686
4700/9686
4800/9686
4900/9686
5000/9686
5100/9686
5200/9686
5300/9686
5400/9686
5500/9686
5600/9686
5700/9686
5800/9686
5900/9686
6000/9686
6100/9686
6200/9686
6300/9686
6400/9686
6500/9686
6600/9686
6700/9686
6800/9686
6900/9686
7000/9686
7100/9686
7200/9686
7300/9686
7400/9686
7500/9686
7600/9686
7700/9686
7800/9686
7900/9686
8000/9686
8100/9686
8200/9686
8300/9686
8400/9686
8500/9686
8600/9686
8700/9686
8800/9686
8900/9686
9000/9686
9100/9686
9200/9686
9300/9686
9400/9686
9500/9686
9600/9686
outdir is ../../result_brain/Goal-directed_WGAN-GP_Gamma0_25/epoch1000/
10/9686
20/9686
30/9686
40/9686
50/9686
60/9686
70/9686
80/9686
90/9686
100/9686
110/9686
120/9686
130/9686
140/9686
150/9686
160/9686
170/9686
180/9686
190/9686
200/9686
210/9686
220/9686
230/9686
240/9686
250/9686
260/9686
270/9686
280/9686
290/9686
300/9686
310/9686
320/9686
330/9686
340/9686
350/9686
360/9686
370/9686
380/9686
390/9686
400/9686
410/9686
420/9686
430/9686
440/9686
450/9686
460/9686
470/9686
480/9686
490/9686
500/9686
510/9686
520/9686
530/9686
540/9686
550/9686
560/9686
570/9686
580/9686
590/9686
600/9686
610/9686
620/9686
630/9686
640/9686
650/9686
660/9686
670/9686
680/9686
690/9686
700/9686
710/9686
720/9686
730/9686
740/9686
750/9686
760/9686
770/9686
780/9686
790/9686
800/9686
810/9686
820/9686
830/9686
840/9686
850/9686
860/9686
870/9686
880/9686
890/9686
900/9686
910/9686
920/9686
930/9686
940/9686
950/9686
960/9686
970/9686
980/9686
990/9686
1000/9686
1010/9686
1020/9686
1030/9686
1040/9686
1050/9686
1060/9686
1070/9686
1080/9686
1090/9686
1100/9686
1110/9686
1120/9686
1130/9686
1140/9686
1150/9686
1160/9686
1170/9686
1180/9686
1190/9686
1200/9686
1210/9686
1220/9686
1230/9686
1240/9686
1250/9686
1260/9686
1270/9686
1280/9686
1290/9686
1300/9686
1310/9686
1320/9686
1330/9686
1340/9686
1350/9686
1360/9686
1370/9686
1380/9686
1390/9686
1400/9686
1410/9686
1420/9686
1430/9686
1440/9686
1450/9686
1460/9686
1470/9686
1480/9686
1490/9686
1500/9686
1510/9686
1520/9686
1530/9686
1540/9686
1550/9686
1560/9686
1570/9686
1580/9686
1590/9686
1600/9686
1610/9686
1620/9686
1630/9686
1640/9686
1650/9686
1660/9686
1670/9686
1680/9686
1690/9686
1700/9686
1710/9686
1720/9686
1730/9686
1740/9686
1750/9686
1760/9686
1770/9686
1780/9686
1790/9686
1800/9686
1810/9686
1820/9686
1830/9686
1840/9686
1850/9686
1860/9686
1870/9686
1880/9686
1890/9686
1900/9686
1910/9686
1920/9686
1930/9686
1940/9686
1950/9686
1960/9686
1970/9686
1980/9686
1990/9686
2000/9686
2010/9686
2020/9686
2030/9686
2040/9686
2050/9686
2060/9686
2070/9686
2080/9686
2090/9686
2100/9686
2110/9686
2120/9686
2130/9686
2140/9686
2150/9686
2160/9686
2170/9686
2180/9686
2190/9686
2200/9686
2210/9686
2220/9686
2230/9686
2240/9686
2250/9686
2260/9686
2270/9686
2280/9686
2290/9686
2300/9686
2310/9686
2320/9686
2330/9686
2340/9686
2350/9686
2360/9686
2370/9686
2380/9686
2390/9686
2400/9686
2410/9686
2420/9686
2430/9686
2440/9686
2450/9686
2460/9686
2470/9686
2480/9686
2490/9686
2500/9686
2510/9686
2520/9686
2530/9686
2540/9686
2550/9686
2560/9686
2570/9686
2580/9686
2590/9686
2600/9686
2610/9686
2620/9686
2630/9686
2640/9686
2650/9686
2660/9686
2670/9686
2680/9686
2690/9686
2700/9686
2710/9686
2720/9686
2730/9686
2740/9686
2750/9686
2760/9686
2770/9686
2780/9686
2790/9686
2800/9686
2810/9686
2820/9686
2830/9686
2840/9686
2850/9686
2860/9686
2870/9686
2880/9686
2890/9686
2900/9686
2910/9686
2920/9686
2930/9686
2940/9686
2950/9686
2960/9686
2970/9686
2980/9686
2990/9686
3000/9686
3010/9686
3020/9686
3030/9686
3040/9686
3050/9686
3060/9686
3070/9686
3080/9686
3090/9686
3100/9686
3110/9686
3120/9686
3130/9686
3140/9686
3150/9686
3160/9686
3170/9686
3180/9686
3190/9686
3200/9686
3210/9686
3220/9686
3230/9686
3240/9686
3250/9686
3260/9686
3270/9686
3280/9686
3290/9686
3300/9686
3310/9686
3320/9686
3330/9686
3340/9686
3350/9686
3360/9686
3370/9686
3380/9686
3390/9686
3400/9686
3410/9686
3420/9686
3430/9686
3440/9686
3450/9686
3460/9686
3470/9686
3480/9686
3490/9686
3500/9686
3510/9686
3520/9686
3530/9686
3540/9686
3550/9686
3560/9686
3570/9686
3580/9686
3590/9686
3600/9686
3610/9686
3620/9686
3630/9686
3640/9686
3650/9686
3660/9686
3670/9686
3680/9686
3690/9686
3700/9686
3710/9686
3720/9686
3730/9686
3740/9686
3750/9686
3760/9686
3770/9686
3780/9686
3790/9686
3800/9686
3810/9686
3820/9686
3830/9686
3840/9686
3850/9686
3860/9686
3870/9686
3880/9686
3890/9686
3900/9686
3910/9686
3920/9686
3930/9686
3940/9686
3950/9686
3960/9686
3970/9686
3980/9686
3990/9686
4000/9686
4010/9686
4020/9686
4030/9686
4040/9686
4050/9686
4060/9686
4070/9686
4080/9686
4090/9686
4100/9686
4110/9686
4120/9686
4130/9686
4140/9686
4150/9686
4160/9686
4170/9686
4180/9686
4190/9686
4200/9686
4210/9686
4220/9686
4230/9686
4240/9686
4250/9686
4260/9686
4270/9686
4280/9686
4290/9686
4300/9686
4310/9686
4320/9686
4330/9686
4340/9686
4350/9686
4360/9686
4370/9686
4380/9686
4390/9686
4400/9686
4410/9686
4420/9686
4430/9686
4440/9686
4450/9686
4460/9686
4470/9686
4480/9686
4490/9686
4500/9686
4510/9686
4520/9686
4530/9686
4540/9686
4550/9686
4560/9686
4570/9686
4580/9686
4590/9686
4600/9686
4610/9686
4620/9686
4630/9686
4640/9686
4650/9686
4660/9686
4670/9686
4680/9686
4690/9686
4700/9686
4710/9686
4720/9686
4730/9686
4740/9686
4750/9686
4760/9686
4770/9686
4780/9686
4790/9686
4800/9686
4810/9686
4820/9686
4830/9686
4840/9686
4850/9686
4860/9686
4870/9686
4880/9686
4890/9686
4900/9686
4910/9686
4920/9686
4930/9686
4940/9686
4950/9686
4960/9686
4970/9686
4980/9686
4990/9686
5000/9686
5010/9686
5020/9686
5030/9686
5040/9686
5050/9686
5060/9686
5070/9686
5080/9686
5090/9686
5100/9686
5110/9686
5120/9686
5130/9686
5140/9686
5150/9686
5160/9686
5170/9686
5180/9686
5190/9686
5200/9686
5210/9686
5220/9686
5230/9686
5240/9686
5250/9686
5260/9686
5270/9686
5280/9686
5290/9686
5300/9686
5310/9686
5320/9686
5330/9686
5340/9686
5350/9686
5360/9686
5370/9686
5380/9686
5390/9686
5400/9686
5410/9686
5420/9686
5430/9686
5440/9686
5450/9686
5460/9686
5470/9686
5480/9686
5490/9686
5500/9686
5510/9686
5520/9686
5530/9686
5540/9686
5550/9686
5560/9686
5570/9686
5580/9686
5590/9686
5600/9686
5610/9686
5620/9686
5630/9686
5640/9686
5650/9686
5660/9686
5670/9686
5680/9686
5690/9686
5700/9686
5710/9686
5720/9686
5730/9686
5740/9686
5750/9686
5760/9686
5770/9686
5780/9686
5790/9686
5800/9686
5810/9686
5820/9686
5830/9686
5840/9686
5850/9686
5860/9686
5870/9686
5880/9686
5890/9686
5900/9686
5910/9686
5920/9686
5930/9686
5940/9686
5950/9686
5960/9686
5970/9686
5980/9686
5990/9686
6000/9686
6010/9686
6020/9686
6030/9686
6040/9686
6050/9686
6060/9686
6070/9686
6080/9686
6090/9686
6100/9686
6110/9686
6120/9686
6130/9686
6140/9686
6150/9686
6160/9686
6170/9686
6180/9686
6190/9686
6200/9686
6210/9686
6220/9686
6230/9686
6240/9686
6250/9686
6260/9686
6270/9686
6280/9686
6290/9686
6300/9686
6310/9686
6320/9686
6330/9686
6340/9686
6350/9686
6360/9686
6370/9686
6380/9686
6390/9686
6400/9686
6410/9686
6420/9686
6430/9686
6440/9686
6450/9686
6460/9686
6470/9686
6480/9686
6490/9686
6500/9686
6510/9686
6520/9686
6530/9686
6540/9686
6550/9686
6560/9686
6570/9686
6580/9686
6590/9686
6600/9686
6610/9686
6620/9686
6630/9686
6640/9686
6650/9686
6660/9686
6670/9686
6680/9686
6690/9686
6700/9686
6710/9686
6720/9686
6730/9686
6740/9686
6750/9686
6760/9686
6770/9686
6780/9686
6790/9686
6800/9686
6810/9686
6820/9686
6830/9686
6840/9686
6850/9686
6860/9686
6870/9686
6880/9686
6890/9686
6900/9686
6910/9686
6920/9686
6930/9686
6940/9686
6950/9686
6960/9686
6970/9686
6980/9686
6990/9686
7000/9686
7010/9686
7020/9686
7030/9686
7040/9686
7050/9686
7060/9686
7070/9686
7080/9686
7090/9686
7100/9686
7110/9686
7120/9686
7130/9686
7140/9686
7150/9686
7160/9686
7170/9686
7180/9686
7190/9686
7200/9686
7210/9686
7220/9686
7230/9686
7240/9686
7250/9686
7260/9686
7270/9686
7280/9686
7290/9686
7300/9686
7310/9686
7320/9686
7330/9686
7340/9686
7350/9686
7360/9686
7370/9686
7380/9686
7390/9686
7400/9686
7410/9686
7420/9686
7430/9686
7440/9686
7450/9686
7460/9686
7470/9686
7480/9686
7490/9686
7500/9686
7510/9686
7520/9686
7530/9686
7540/9686
7550/9686
7560/9686
7570/9686
7580/9686
7590/9686
7600/9686
7610/9686
7620/9686
7630/9686
7640/9686
7650/9686
7660/9686
7670/9686
7680/9686
7690/9686
7700/9686
7710/9686
7720/9686
7730/9686
7740/9686
7750/9686
7760/9686
7770/9686
7780/9686
7790/9686
7800/9686
7810/9686
7820/9686
7830/9686
7840/9686
7850/9686
7860/9686
7870/9686
7880/9686
7890/9686
7900/9686
7910/9686
7920/9686
7930/9686
7940/9686
7950/9686
7960/9686
7970/9686
7980/9686
7990/9686
8000/9686
8010/9686
8020/9686
8030/9686
8040/9686
8050/9686
8060/9686
8070/9686
8080/9686
8090/9686
8100/9686
8110/9686
8120/9686
8130/9686
8140/9686
8150/9686
8160/9686
8170/9686
8180/9686
8190/9686
8200/9686
8210/9686
8220/9686
8230/9686
8240/9686
8250/9686
8260/9686
8270/9686
8280/9686
8290/9686
8300/9686
8310/9686
8320/9686
8330/9686
8340/9686
8350/9686
8360/9686
8370/9686
8380/9686
8390/9686
8400/9686
8410/9686
8420/9686
8430/9686
8440/9686
8450/9686
8460/9686
8470/9686
8480/9686
8490/9686
8500/9686
8510/9686
8520/9686
8530/9686
8540/9686
8550/9686
8560/9686
8570/9686
8580/9686
8590/9686
8600/9686
8610/9686
8620/9686
8630/9686
8640/9686
8650/9686
8660/9686
8670/9686
8680/9686
8690/9686
8700/9686
8710/9686
8720/9686
8730/9686
8740/9686
8750/9686
8760/9686
8770/9686
8780/9686
8790/9686
8800/9686
8810/9686
8820/9686
8830/9686
8840/9686
8850/9686
8860/9686
8870/9686
8880/9686
8890/9686
8900/9686
8910/9686
8920/9686
8930/9686
8940/9686
8950/9686
8960/9686
8970/9686
8980/9686
8990/9686
9000/9686
9010/9686
9020/9686
9030/9686
9040/9686
9050/9686
9060/9686
9070/9686
9080/9686
9090/9686
9100/9686
9110/9686
9120/9686
9130/9686
9140/9686
9150/9686
9160/9686
9170/9686
9180/9686
9190/9686
9200/9686
9210/9686
9220/9686
9230/9686
9240/9686
9250/9686
9260/9686
9270/9686
9280/9686
9290/9686
9300/9686
9310/9686
9320/9686
9330/9686
9340/9686
9350/9686
9360/9686
9370/9686
9380/9686
9390/9686
9400/9686
9410/9686
9420/9686
9430/9686
9440/9686
9450/9686
9460/9686
9470/9686
9480/9686
9490/9686
9500/9686
9510/9686
9520/9686
9530/9686
9540/9686
9550/9686
9560/9686
9570/9686
9580/9686
9590/9686
9600/9686
9610/9686
9620/9686
9630/9686
9640/9686
9650/9686
9660/9686
9670/9686
9680/9686

 Method: Goal-directed_WGAN-GP_Gamma0_25
Number of same peptides: 0
100/9690
200/9690
300/9690
400/9690
500/9690
600/9690
700/9690
800/9690
900/9690
1000/9690
1100/9690
1200/9690
1300/9690
1400/9690
1500/9690
1600/9690
1700/9690
1800/9690
1900/9690
2000/9690
2100/9690
2200/9690
2300/9690
2400/9690
2500/9690
2600/9690
2700/9690
2800/9690
2900/9690
3000/9690
3100/9690
3200/9690
3300/9690
3400/9690
3500/9690
3600/9690
3700/9690
3800/9690
3900/9690
4000/9690
4100/9690
4200/9690
4300/9690
4400/9690
4500/9690
4600/9690
4700/9690
4800/9690
4900/9690
5000/9690
5100/9690
5200/9690
5300/9690
5400/9690
5500/9690
5600/9690
5700/9690
5800/9690
5900/9690
6000/9690
6100/9690
6200/9690
6300/9690
6400/9690
6500/9690
6600/9690
6700/9690
6800/9690
6900/9690
7000/9690
7100/9690
7200/9690
7300/9690
7400/9690
7500/9690
7600/9690
7700/9690
7800/9690
7900/9690
8000/9690
8100/9690
8200/9690
8300/9690
8400/9690
8500/9690
8600/9690
8700/9690
8800/9690
8900/9690
9000/9690
9100/9690
9200/9690
9300/9690
9400/9690
9500/9690
9600/9690
outdir is ../../result_brain/Goal-directed_WGAN-GP_Gamma0_5/epoch1000/
10/9690
20/9690
30/9690
40/9690
50/9690
60/9690
70/9690
80/9690
90/9690
100/9690
110/9690
120/9690
130/9690
140/9690
150/9690
160/9690
170/9690
180/9690
190/9690
200/9690
210/9690
220/9690
230/9690
240/9690
250/9690
260/9690
270/9690
280/9690
290/9690
300/9690
310/9690
320/9690
330/9690
340/9690
350/9690
360/9690
370/9690
380/9690
390/9690
400/9690
410/9690
420/9690
430/9690
440/9690
450/9690
460/9690
470/9690
480/9690
490/9690
500/9690
510/9690
520/9690
530/9690
540/9690
550/9690
560/9690
570/9690
580/9690
590/9690
600/9690
610/9690
620/9690
630/9690
640/9690
650/9690
660/9690
670/9690
680/9690
690/9690
700/9690
710/9690
720/9690
730/9690
740/9690
750/9690
760/9690
770/9690
780/9690
790/9690
800/9690
810/9690
820/9690
830/9690
840/9690
850/9690
860/9690
870/9690
880/9690
890/9690
900/9690
910/9690
920/9690
930/9690
940/9690
950/9690
960/9690
970/9690
980/9690
990/9690
1000/9690
1010/9690
1020/9690
1030/9690
1040/9690
1050/9690
1060/9690
1070/9690
1080/9690
1090/9690
1100/9690
1110/9690
1120/9690
1130/9690
1140/9690
1150/9690
1160/9690
1170/9690
1180/9690
1190/9690
1200/9690
1210/9690
1220/9690
1230/9690
1240/9690
1250/9690
1260/9690
1270/9690
1280/9690
1290/9690
1300/9690
1310/9690
1320/9690
1330/9690
1340/9690
1350/9690
1360/9690
1370/9690
1380/9690
1390/9690
1400/9690
1410/9690
1420/9690
1430/9690
1440/9690
1450/9690
1460/9690
1470/9690
1480/9690
1490/9690
1500/9690
1510/9690
1520/9690
1530/9690
1540/9690
1550/9690
1560/9690
1570/9690
1580/9690
1590/9690
1600/9690
1610/9690
1620/9690
1630/9690
1640/9690
1650/9690
1660/9690
1670/9690
1680/9690
1690/9690
1700/9690
1710/9690
1720/9690
1730/9690
1740/9690
1750/9690
1760/9690
1770/9690
1780/9690
1790/9690
1800/9690
1810/9690
1820/9690
1830/9690
1840/9690
1850/9690
1860/9690
1870/9690
1880/9690
1890/9690
1900/9690
1910/9690
1920/9690
1930/9690
1940/9690
1950/9690
1960/9690
1970/9690
1980/9690
1990/9690
2000/9690
2010/9690
2020/9690
2030/9690
2040/9690
2050/9690
2060/9690
2070/9690
2080/9690
2090/9690
2100/9690
2110/9690
2120/9690
2130/9690
2140/9690
2150/9690
2160/9690
2170/9690
2180/9690
2190/9690
2200/9690
2210/9690
2220/9690
2230/9690
2240/9690
2250/9690
2260/9690
2270/9690
2280/9690
2290/9690
2300/9690
2310/9690
2320/9690
2330/9690
2340/9690
2350/9690
2360/9690
2370/9690
2380/9690
2390/9690
2400/9690
2410/9690
2420/9690
2430/9690
2440/9690
2450/9690
2460/9690
2470/9690
2480/9690
2490/9690
2500/9690
2510/9690
2520/9690
2530/9690
2540/9690
2550/9690
2560/9690
2570/9690
2580/9690
2590/9690
2600/9690
2610/9690
2620/9690
2630/9690
2640/9690
2650/9690
2660/9690
2670/9690
2680/9690
2690/9690
2700/9690
2710/9690
2720/9690
2730/9690
2740/9690
2750/9690
2760/9690
2770/9690
2780/9690
2790/9690
2800/9690
2810/9690
2820/9690
2830/9690
2840/9690
2850/9690
2860/9690
2870/9690
2880/9690
2890/9690
2900/9690
2910/9690
2920/9690
2930/9690
2940/9690
2950/9690
2960/9690
2970/9690
2980/9690
2990/9690
3000/9690
3010/9690
3020/9690
3030/9690
3040/9690
3050/9690
3060/9690
3070/9690
3080/9690
3090/9690
3100/9690
3110/9690
3120/9690
3130/9690
3140/9690
3150/9690
3160/9690
3170/9690
3180/9690
3190/9690
3200/9690
3210/9690
3220/9690
3230/9690
3240/9690
3250/9690
3260/9690
3270/9690
3280/9690
3290/9690
3300/9690
3310/9690
3320/9690
3330/9690
3340/9690
3350/9690
3360/9690
3370/9690
3380/9690
3390/9690
3400/9690
3410/9690
3420/9690
3430/9690
3440/9690
3450/9690
3460/9690
3470/9690
3480/9690
3490/9690
3500/9690
3510/9690
3520/9690
3530/9690
3540/9690
3550/9690
3560/9690
3570/9690
3580/9690
3590/9690
3600/9690
3610/9690
3620/9690
3630/9690
3640/9690
3650/9690
3660/9690
3670/9690
3680/9690
3690/9690
3700/9690
3710/9690
3720/9690
3730/9690
3740/9690
3750/9690
3760/9690
3770/9690
3780/9690
3790/9690
3800/9690
3810/9690
3820/9690
3830/9690
3840/9690
3850/9690
3860/9690
3870/9690
3880/9690
3890/9690
3900/9690
3910/9690
3920/9690
3930/9690
3940/9690
3950/9690
3960/9690
3970/9690
3980/9690
3990/9690
4000/9690
4010/9690
4020/9690
4030/9690
4040/9690
4050/9690
4060/9690
4070/9690
4080/9690
4090/9690
4100/9690
4110/9690
4120/9690
4130/9690
4140/9690
4150/9690
4160/9690
4170/9690
4180/9690
4190/9690
4200/9690
4210/9690
4220/9690
4230/9690
4240/9690
4250/9690
4260/9690
4270/9690
4280/9690
4290/9690
4300/9690
4310/9690
4320/9690
4330/9690
4340/9690
4350/9690
4360/9690
4370/9690
4380/9690
4390/9690
4400/9690
4410/9690
4420/9690
4430/9690
4440/9690
4450/9690
4460/9690
4470/9690
4480/9690
4490/9690
4500/9690
4510/9690
4520/9690
4530/9690
4540/9690
4550/9690
4560/9690
4570/9690
4580/9690
4590/9690
4600/9690
4610/9690
4620/9690
4630/9690
4640/9690
4650/9690
4660/9690
4670/9690
4680/9690
4690/9690
4700/9690
4710/9690
4720/9690
4730/9690
4740/9690
4750/9690
4760/9690
4770/9690
4780/9690
4790/9690
4800/9690
4810/9690
4820/9690
4830/9690
4840/9690
4850/9690
4860/9690
4870/9690
4880/9690
4890/9690
4900/9690
4910/9690
4920/9690
4930/9690
4940/9690
4950/9690
4960/9690
4970/9690
4980/9690
4990/9690
5000/9690
5010/9690
5020/9690
5030/9690
5040/9690
5050/9690
5060/9690
5070/9690
5080/9690
5090/9690
5100/9690
5110/9690
5120/9690
5130/9690
5140/9690
5150/9690
5160/9690
5170/9690
5180/9690
5190/9690
5200/9690
5210/9690
5220/9690
5230/9690
5240/9690
5250/9690
5260/9690
5270/9690
5280/9690
5290/9690
5300/9690
5310/9690
5320/9690
5330/9690
5340/9690
5350/9690
5360/9690
5370/9690
5380/9690
5390/9690
5400/9690
5410/9690
5420/9690
5430/9690
5440/9690
5450/9690
5460/9690
5470/9690
5480/9690
5490/9690
5500/9690
5510/9690
5520/9690
5530/9690
5540/9690
5550/9690
5560/9690
5570/9690
5580/9690
5590/9690
5600/9690
5610/9690
5620/9690
5630/9690
5640/9690
5650/9690
5660/9690
5670/9690
5680/9690
5690/9690
5700/9690
5710/9690
5720/9690
5730/9690
5740/9690
5750/9690
5760/9690
5770/9690
5780/9690
5790/9690
5800/9690
5810/9690
5820/9690
5830/9690
5840/9690
5850/9690
5860/9690
5870/9690
5880/9690
5890/9690
5900/9690
5910/9690
5920/9690
5930/9690
5940/9690
5950/9690
5960/9690
5970/9690
5980/9690
5990/9690
6000/9690
6010/9690
6020/9690
6030/9690
6040/9690
6050/9690
6060/9690
6070/9690
6080/9690
6090/9690
6100/9690
6110/9690
6120/9690
6130/9690
6140/9690
6150/9690
6160/9690
6170/9690
6180/9690
6190/9690
6200/9690
6210/9690
6220/9690
6230/9690
6240/9690
6250/9690
6260/9690
6270/9690
6280/9690
6290/9690
6300/9690
6310/9690
6320/9690
6330/9690
6340/9690
6350/9690
6360/9690
6370/9690
6380/9690
6390/9690
6400/9690
6410/9690
6420/9690
6430/9690
6440/9690
6450/9690
6460/9690
6470/9690
6480/9690
6490/9690
6500/9690
6510/9690
6520/9690
6530/9690
6540/9690
6550/9690
6560/9690
6570/9690
6580/9690
6590/9690
6600/9690
6610/9690
6620/9690
6630/9690
6640/9690
6650/9690
6660/9690
6670/9690
6680/9690
6690/9690
6700/9690
6710/9690
6720/9690
6730/9690
6740/9690
6750/9690
6760/9690
6770/9690
6780/9690
6790/9690
6800/9690
6810/9690
6820/9690
6830/9690
6840/9690
6850/9690
6860/9690
6870/9690
6880/9690
6890/9690
6900/9690
6910/9690
6920/9690
6930/9690
6940/9690
6950/9690
6960/9690
6970/9690
6980/9690
6990/9690
7000/9690
7010/9690
7020/9690
7030/9690
7040/9690
7050/9690
7060/9690
7070/9690
7080/9690
7090/9690
7100/9690
7110/9690
7120/9690
7130/9690
7140/9690
7150/9690
7160/9690
7170/9690
7180/9690
7190/9690
7200/9690
7210/9690
7220/9690
7230/9690
7240/9690
7250/9690
7260/9690
7270/9690
7280/9690
7290/9690
7300/9690
7310/9690
7320/9690
7330/9690
7340/9690
7350/9690
7360/9690
7370/9690
7380/9690
7390/9690
7400/9690
7410/9690
7420/9690
7430/9690
7440/9690
7450/9690
7460/9690
7470/9690
7480/9690
7490/9690
7500/9690
7510/9690
7520/9690
7530/9690
7540/9690
7550/9690
7560/9690
7570/9690
7580/9690
7590/9690
7600/9690
7610/9690
7620/9690
7630/9690
7640/9690
7650/9690
7660/9690
7670/9690
7680/9690
7690/9690
7700/9690
7710/9690
7720/9690
7730/9690
7740/9690
7750/9690
7760/9690
7770/9690
7780/9690
7790/9690
7800/9690
7810/9690
7820/9690
7830/9690
7840/9690
7850/9690
7860/9690
7870/9690
7880/9690
7890/9690
7900/9690
7910/9690
7920/9690
7930/9690
7940/9690
7950/9690
7960/9690
7970/9690
7980/9690
7990/9690
8000/9690
8010/9690
8020/9690
8030/9690
8040/9690
8050/9690
8060/9690
8070/9690
8080/9690
8090/9690
8100/9690
8110/9690
8120/9690
8130/9690
8140/9690
8150/9690
8160/9690
8170/9690
8180/9690
8190/9690
8200/9690
8210/9690
8220/9690
8230/9690
8240/9690
8250/9690
8260/9690
8270/9690
8280/9690
8290/9690
8300/9690
8310/9690
8320/9690
8330/9690
8340/9690
8350/9690
8360/9690
8370/9690
8380/9690
8390/9690
8400/9690
8410/9690
8420/9690
8430/9690
8440/9690
8450/9690
8460/9690
8470/9690
8480/9690
8490/9690
8500/9690
8510/9690
8520/9690
8530/9690
8540/9690
8550/9690
8560/9690
8570/9690
8580/9690
8590/9690
8600/9690
8610/9690
8620/9690
8630/9690
8640/9690
8650/9690
8660/9690
8670/9690
8680/9690
8690/9690
8700/9690
8710/9690
8720/9690
8730/9690
8740/9690
8750/9690
8760/9690
8770/9690
8780/9690
8790/9690
8800/9690
8810/9690
8820/9690
8830/9690
8840/9690
8850/9690
8860/9690
8870/9690
8880/9690
8890/9690
8900/9690
8910/9690
8920/9690
8930/9690
8940/9690
8950/9690
8960/9690
8970/9690
8980/9690
8990/9690
9000/9690
9010/9690
9020/9690
9030/9690
9040/9690
9050/9690
9060/9690
9070/9690
9080/9690
9090/9690
9100/9690
9110/9690
9120/9690
9130/9690
9140/9690
9150/9690
9160/9690
9170/9690
9180/9690
9190/9690
9200/9690
9210/9690
9220/9690
9230/9690
9240/9690
9250/9690
9260/9690
9270/9690
9280/9690
9290/9690
9300/9690
9310/9690
9320/9690
9330/9690
9340/9690
9350/9690
9360/9690
9370/9690
9380/9690
9390/9690
9400/9690
9410/9690
9420/9690
9430/9690
9440/9690
9450/9690
9460/9690
9470/9690
9480/9690
9490/9690
9500/9690
9510/9690
9520/9690
9530/9690
9540/9690
9550/9690
9560/9690
9570/9690
9580/9690
9590/9690
9600/9690
9610/9690
9620/9690
9630/9690
9640/9690
9650/9690
9660/9690
9670/9690
9680/9690
9690/9690

 Method: Goal-directed_WGAN-GP_Gamma0_5
Number of same peptides: 0
100/7671
200/7671
300/7671
400/7671
500/7671
600/7671
700/7671
800/7671
900/7671
1000/7671
1100/7671
1200/7671
1300/7671
1400/7671
1500/7671
1600/7671
1700/7671
1800/7671
1900/7671
2000/7671
2100/7671
2200/7671
2300/7671
2400/7671
2500/7671
2600/7671
2700/7671
2800/7671
2900/7671
3000/7671
3100/7671
3200/7671
3300/7671
3400/7671
3500/7671
3600/7671
3700/7671
3800/7671
3900/7671
4000/7671
4100/7671
4200/7671
4300/7671
4400/7671
4500/7671
4600/7671
4700/7671
4800/7671
4900/7671
5000/7671
5100/7671
5200/7671
5300/7671
5400/7671
5500/7671
5600/7671
5700/7671
5800/7671
5900/7671
6000/7671
6100/7671
6200/7671
6300/7671
6400/7671
6500/7671
6600/7671
6700/7671
6800/7671
6900/7671
7000/7671
7100/7671
7200/7671
7300/7671
7400/7671
7500/7671
7600/7671
outdir is ../../result_brain/Goal-directed_WGAN-GP_Gamma0_75/epoch1000/
10/7671
20/7671
30/7671
40/7671
50/7671
60/7671
70/7671
80/7671
90/7671
100/7671
110/7671
120/7671
130/7671
140/7671
150/7671
160/7671
170/7671
180/7671
190/7671
200/7671
210/7671
220/7671
230/7671
240/7671
250/7671
260/7671
270/7671
280/7671
290/7671
300/7671
310/7671
320/7671
330/7671
340/7671
350/7671
360/7671
370/7671
380/7671
390/7671
400/7671
410/7671
420/7671
430/7671
440/7671
450/7671
460/7671
470/7671
480/7671
490/7671
500/7671
510/7671
520/7671
530/7671
540/7671
550/7671
560/7671
570/7671
580/7671
590/7671
600/7671
610/7671
620/7671
630/7671
640/7671
650/7671
660/7671
670/7671
680/7671
690/7671
700/7671
710/7671
720/7671
730/7671
740/7671
750/7671
760/7671
770/7671
780/7671
790/7671
800/7671
810/7671
820/7671
830/7671
840/7671
850/7671
860/7671
870/7671
880/7671
890/7671
900/7671
910/7671
920/7671
930/7671
940/7671
950/7671
960/7671
970/7671
980/7671
990/7671
1000/7671
1010/7671
1020/7671
1030/7671
1040/7671
1050/7671
1060/7671
1070/7671
1080/7671
1090/7671
1100/7671
1110/7671
1120/7671
1130/7671
1140/7671
1150/7671
1160/7671
1170/7671
1180/7671
1190/7671
1200/7671
1210/7671
1220/7671
1230/7671
1240/7671
1250/7671
1260/7671
1270/7671
1280/7671
1290/7671
1300/7671
1310/7671
1320/7671
1330/7671
1340/7671
1350/7671
1360/7671
1370/7671
1380/7671
1390/7671
1400/7671
1410/7671
1420/7671
1430/7671
1440/7671
1450/7671
1460/7671
1470/7671
1480/7671
1490/7671
1500/7671
1510/7671
1520/7671
1530/7671
1540/7671
1550/7671
1560/7671
1570/7671
1580/7671
1590/7671
1600/7671
1610/7671
1620/7671
1630/7671
1640/7671
1650/7671
1660/7671
1670/7671
1680/7671
1690/7671
1700/7671
1710/7671
1720/7671
1730/7671
1740/7671
1750/7671
1760/7671
1770/7671
1780/7671
1790/7671
1800/7671
1810/7671
1820/7671
1830/7671
1840/7671
1850/7671
1860/7671
1870/7671
1880/7671
1890/7671
1900/7671
1910/7671
1920/7671
1930/7671
1940/7671
1950/7671
1960/7671
1970/7671
1980/7671
1990/7671
2000/7671
2010/7671
2020/7671
2030/7671
2040/7671
2050/7671
2060/7671
2070/7671
2080/7671
2090/7671
2100/7671
2110/7671
2120/7671
2130/7671
2140/7671
2150/7671
2160/7671
2170/7671
2180/7671
2190/7671
2200/7671
2210/7671
2220/7671
2230/7671
2240/7671
2250/7671
2260/7671
2270/7671
2280/7671
2290/7671
2300/7671
2310/7671
2320/7671
2330/7671
2340/7671
2350/7671
2360/7671
2370/7671
2380/7671
2390/7671
2400/7671
2410/7671
2420/7671
2430/7671
2440/7671
2450/7671
2460/7671
2470/7671
2480/7671
2490/7671
2500/7671
2510/7671
2520/7671
2530/7671
2540/7671
2550/7671
2560/7671
2570/7671
2580/7671
2590/7671
2600/7671
2610/7671
2620/7671
2630/7671
2640/7671
2650/7671
2660/7671
2670/7671
2680/7671
2690/7671
2700/7671
2710/7671
2720/7671
2730/7671
2740/7671
2750/7671
2760/7671
2770/7671
2780/7671
2790/7671
2800/7671
2810/7671
2820/7671
2830/7671
2840/7671
2850/7671
2860/7671
2870/7671
2880/7671
2890/7671
2900/7671
2910/7671
2920/7671
2930/7671
2940/7671
2950/7671
2960/7671
2970/7671
2980/7671
2990/7671
3000/7671
3010/7671
3020/7671
3030/7671
3040/7671
3050/7671
3060/7671
3070/7671
3080/7671
3090/7671
3100/7671
3110/7671
3120/7671
3130/7671
3140/7671
3150/7671
3160/7671
3170/7671
3180/7671
3190/7671
3200/7671
3210/7671
3220/7671
3230/7671
3240/7671
3250/7671
3260/7671
3270/7671
3280/7671
3290/7671
3300/7671
3310/7671
3320/7671
3330/7671
3340/7671
3350/7671
3360/7671
3370/7671
3380/7671
3390/7671
3400/7671
3410/7671
3420/7671
3430/7671
3440/7671
3450/7671
3460/7671
3470/7671
3480/7671
3490/7671
3500/7671
3510/7671
3520/7671
3530/7671
3540/7671
3550/7671
3560/7671
3570/7671
3580/7671
3590/7671
3600/7671
3610/7671
3620/7671
3630/7671
3640/7671
3650/7671
3660/7671
3670/7671
3680/7671
3690/7671
3700/7671
3710/7671
3720/7671
3730/7671
3740/7671
3750/7671
3760/7671
3770/7671
3780/7671
3790/7671
3800/7671
3810/7671
3820/7671
3830/7671
3840/7671
3850/7671
3860/7671
3870/7671
3880/7671
3890/7671
3900/7671
3910/7671
3920/7671
3930/7671
3940/7671
3950/7671
3960/7671
3970/7671
3980/7671
3990/7671
4000/7671
4010/7671
4020/7671
4030/7671
4040/7671
4050/7671
4060/7671
4070/7671
4080/7671
4090/7671
4100/7671
4110/7671
4120/7671
4130/7671
4140/7671
4150/7671
4160/7671
4170/7671
4180/7671
4190/7671
4200/7671
4210/7671
4220/7671
4230/7671
4240/7671
4250/7671
4260/7671
4270/7671
4280/7671
4290/7671
4300/7671
4310/7671
4320/7671
4330/7671
4340/7671
4350/7671
4360/7671
4370/7671
4380/7671
4390/7671
4400/7671
4410/7671
4420/7671
4430/7671
4440/7671
4450/7671
4460/7671
4470/7671
4480/7671
4490/7671
4500/7671
4510/7671
4520/7671
4530/7671
4540/7671
4550/7671
4560/7671
4570/7671
4580/7671
4590/7671
4600/7671
4610/7671
4620/7671
4630/7671
4640/7671
4650/7671
4660/7671
4670/7671
4680/7671
4690/7671
4700/7671
4710/7671
4720/7671
4730/7671
4740/7671
4750/7671
4760/7671
4770/7671
4780/7671
4790/7671
4800/7671
4810/7671
4820/7671
4830/7671
4840/7671
4850/7671
4860/7671
4870/7671
4880/7671
4890/7671
4900/7671
4910/7671
4920/7671
4930/7671
4940/7671
4950/7671
4960/7671
4970/7671
4980/7671
4990/7671
5000/7671
5010/7671
5020/7671
5030/7671
5040/7671
5050/7671
5060/7671
5070/7671
5080/7671
5090/7671
5100/7671
5110/7671
5120/7671
5130/7671
5140/7671
5150/7671
5160/7671
5170/7671
5180/7671
5190/7671
5200/7671
5210/7671
5220/7671
5230/7671
5240/7671
5250/7671
5260/7671
5270/7671
5280/7671
5290/7671
5300/7671
5310/7671
5320/7671
5330/7671
5340/7671
5350/7671
5360/7671
5370/7671
5380/7671
5390/7671
5400/7671
5410/7671
5420/7671
5430/7671
5440/7671
5450/7671
5460/7671
5470/7671
5480/7671
5490/7671
5500/7671
5510/7671
5520/7671
5530/7671
5540/7671
5550/7671
5560/7671
5570/7671
5580/7671
5590/7671
5600/7671
5610/7671
5620/7671
5630/7671
5640/7671
5650/7671
5660/7671
5670/7671
5680/7671
5690/7671
5700/7671
5710/7671
5720/7671
5730/7671
5740/7671
5750/7671
5760/7671
5770/7671
5780/7671
5790/7671
5800/7671
5810/7671
5820/7671
5830/7671
5840/7671
5850/7671
5860/7671
5870/7671
5880/7671
5890/7671
5900/7671
5910/7671
5920/7671
5930/7671
5940/7671
5950/7671
5960/7671
5970/7671
5980/7671
5990/7671
6000/7671
6010/7671
6020/7671
6030/7671
6040/7671
6050/7671
6060/7671
6070/7671
6080/7671
6090/7671
6100/7671
6110/7671
6120/7671
6130/7671
6140/7671
6150/7671
6160/7671
6170/7671
6180/7671
6190/7671
6200/7671
6210/7671
6220/7671
6230/7671
6240/7671
6250/7671
6260/7671
6270/7671
6280/7671
6290/7671
6300/7671
6310/7671
6320/7671
6330/7671
6340/7671
6350/7671
6360/7671
6370/7671
6380/7671
6390/7671
6400/7671
6410/7671
6420/7671
6430/7671
6440/7671
6450/7671
6460/7671
6470/7671
6480/7671
6490/7671
6500/7671
6510/7671
6520/7671
6530/7671
6540/7671
6550/7671
6560/7671
6570/7671
6580/7671
6590/7671
6600/7671
6610/7671
6620/7671
6630/7671
6640/7671
6650/7671
6660/7671
6670/7671
6680/7671
6690/7671
6700/7671
6710/7671
6720/7671
6730/7671
6740/7671
6750/7671
6760/7671
6770/7671
6780/7671
6790/7671
6800/7671
6810/7671
6820/7671
6830/7671
6840/7671
6850/7671
6860/7671
6870/7671
6880/7671
6890/7671
6900/7671
6910/7671
6920/7671
6930/7671
6940/7671
6950/7671
6960/7671
6970/7671
6980/7671
6990/7671
7000/7671
7010/7671
7020/7671
7030/7671
7040/7671
7050/7671
7060/7671
7070/7671
7080/7671
7090/7671
7100/7671
7110/7671
7120/7671
7130/7671
7140/7671
7150/7671
7160/7671
7170/7671
7180/7671
7190/7671
7200/7671
7210/7671
7220/7671
7230/7671
7240/7671
7250/7671
7260/7671
7270/7671
7280/7671
7290/7671
7300/7671
7310/7671
7320/7671
7330/7671
7340/7671
7350/7671
7360/7671
7370/7671
7380/7671
7390/7671
7400/7671
7410/7671
7420/7671
7430/7671
7440/7671
7450/7671
7460/7671
7470/7671
7480/7671
7490/7671
7500/7671
7510/7671
7520/7671
7530/7671
7540/7671
7550/7671
7560/7671
7570/7671
7580/7671
7590/7671
7600/7671
7610/7671
7620/7671
7630/7671
7640/7671
7650/7671
7660/7671
7670/7671

 Method: Goal-directed_WGAN-GP_Gamma0_75
Number of same peptides: 0
100/9858
200/9858
300/9858
400/9858
500/9858
600/9858
700/9858
800/9858
900/9858
1000/9858
1100/9858
1200/9858
1300/9858
1400/9858
1500/9858
1600/9858
1700/9858
1800/9858
1900/9858
2000/9858
2100/9858
2200/9858
2300/9858
2400/9858
2500/9858
2600/9858
2700/9858
2800/9858
2900/9858
3000/9858
3100/9858
3200/9858
3300/9858
3400/9858
3500/9858
3600/9858
3700/9858
3800/9858
3900/9858
4000/9858
4100/9858
4200/9858
4300/9858
4400/9858
4500/9858
4600/9858
4700/9858
4800/9858
4900/9858
5000/9858
5100/9858
5200/9858
5300/9858
5400/9858
5500/9858
5600/9858
5700/9858
5800/9858
5900/9858
6000/9858
6100/9858
6200/9858
6300/9858
6400/9858
6500/9858
6600/9858
6700/9858
6800/9858
6900/9858
7000/9858
7100/9858
7200/9858
7300/9858
7400/9858
7500/9858
7600/9858
7700/9858
7800/9858
7900/9858
8000/9858
8100/9858
8200/9858
8300/9858
8400/9858
8500/9858
8600/9858
8700/9858
8800/9858
8900/9858
9000/9858
9100/9858
9200/9858
9300/9858
9400/9858
9500/9858
9600/9858
9700/9858
9800/9858
outdir is ../../result_brain/Goal-directed_WGAN-GP_noRewardNet/epoch1000/
10/9858
20/9858
30/9858
40/9858
50/9858
60/9858
70/9858
80/9858
90/9858
100/9858
110/9858
120/9858
130/9858
140/9858
150/9858
160/9858
170/9858
180/9858
190/9858
200/9858
210/9858
220/9858
230/9858
240/9858
250/9858
260/9858
270/9858
280/9858
290/9858
300/9858
310/9858
320/9858
330/9858
340/9858
350/9858
360/9858
370/9858
380/9858
390/9858
400/9858
410/9858
420/9858
430/9858
440/9858
450/9858
460/9858
470/9858
480/9858
490/9858
500/9858
510/9858
520/9858
530/9858
540/9858
550/9858
560/9858
570/9858
580/9858
590/9858
600/9858
610/9858
620/9858
630/9858
640/9858
650/9858
660/9858
670/9858
680/9858
690/9858
700/9858
710/9858
720/9858
730/9858
740/9858
750/9858
760/9858
770/9858
780/9858
790/9858
800/9858
810/9858
820/9858
830/9858
840/9858
850/9858
860/9858
870/9858
880/9858
890/9858
900/9858
910/9858
920/9858
930/9858
940/9858
950/9858
960/9858
970/9858
980/9858
990/9858
1000/9858
1010/9858
1020/9858
1030/9858
1040/9858
1050/9858
1060/9858
1070/9858
1080/9858
1090/9858
1100/9858
1110/9858
1120/9858
1130/9858
1140/9858
1150/9858
1160/9858
1170/9858
1180/9858
1190/9858
1200/9858
1210/9858
1220/9858
1230/9858
1240/9858
1250/9858
1260/9858
1270/9858
1280/9858
1290/9858
1300/9858
1310/9858
1320/9858
1330/9858
1340/9858
1350/9858
1360/9858
1370/9858
1380/9858
1390/9858
1400/9858
1410/9858
1420/9858
1430/9858
1440/9858
1450/9858
1460/9858
1470/9858
1480/9858
1490/9858
1500/9858
1510/9858
1520/9858
1530/9858
1540/9858
1550/9858
1560/9858
1570/9858
1580/9858
1590/9858
1600/9858
1610/9858
1620/9858
1630/9858
1640/9858
1650/9858
1660/9858
1670/9858
1680/9858
1690/9858
1700/9858
1710/9858
1720/9858
1730/9858
1740/9858
1750/9858
1760/9858
1770/9858
1780/9858
1790/9858
1800/9858
1810/9858
1820/9858
1830/9858
1840/9858
1850/9858
1860/9858
1870/9858
1880/9858
1890/9858
1900/9858
1910/9858
1920/9858
1930/9858
1940/9858
1950/9858
1960/9858
1970/9858
1980/9858
1990/9858
2000/9858
2010/9858
2020/9858
2030/9858
2040/9858
2050/9858
2060/9858
2070/9858
2080/9858
2090/9858
2100/9858
2110/9858
2120/9858
2130/9858
2140/9858
2150/9858
2160/9858
2170/9858
2180/9858
2190/9858
2200/9858
2210/9858
2220/9858
2230/9858
2240/9858
2250/9858
2260/9858
2270/9858
2280/9858
2290/9858
2300/9858
2310/9858
2320/9858
2330/9858
2340/9858
2350/9858
2360/9858
2370/9858
2380/9858
2390/9858
2400/9858
2410/9858
2420/9858
2430/9858
2440/9858
2450/9858
2460/9858
2470/9858
2480/9858
2490/9858
2500/9858
2510/9858
2520/9858
2530/9858
2540/9858
2550/9858
2560/9858
2570/9858
2580/9858
2590/9858
2600/9858
2610/9858
2620/9858
2630/9858
2640/9858
2650/9858
2660/9858
2670/9858
2680/9858
2690/9858
2700/9858
2710/9858
2720/9858
2730/9858
2740/9858
2750/9858
2760/9858
2770/9858
2780/9858
2790/9858
2800/9858
2810/9858
2820/9858
2830/9858
2840/9858
2850/9858
2860/9858
2870/9858
2880/9858
2890/9858
2900/9858
2910/9858
2920/9858
2930/9858
2940/9858
2950/9858
2960/9858
2970/9858
2980/9858
2990/9858
3000/9858
3010/9858
3020/9858
3030/9858
3040/9858
3050/9858
3060/9858
3070/9858
3080/9858
3090/9858
3100/9858
3110/9858
3120/9858
3130/9858
3140/9858
3150/9858
3160/9858
3170/9858
3180/9858
3190/9858
3200/9858
3210/9858
3220/9858
3230/9858
3240/9858
3250/9858
3260/9858
3270/9858
3280/9858
3290/9858
3300/9858
3310/9858
3320/9858
3330/9858
3340/9858
3350/9858
3360/9858
3370/9858
3380/9858
3390/9858
3400/9858
3410/9858
3420/9858
3430/9858
3440/9858
3450/9858
3460/9858
3470/9858
3480/9858
3490/9858
3500/9858
3510/9858
3520/9858
3530/9858
3540/9858
3550/9858
3560/9858
3570/9858
3580/9858
3590/9858
3600/9858
3610/9858
3620/9858
3630/9858
3640/9858
3650/9858
3660/9858
3670/9858
3680/9858
3690/9858
3700/9858
3710/9858
3720/9858
3730/9858
3740/9858
3750/9858
3760/9858
3770/9858
3780/9858
3790/9858
3800/9858
3810/9858
3820/9858
3830/9858
3840/9858
3850/9858
3860/9858
3870/9858
3880/9858
3890/9858
3900/9858
3910/9858
3920/9858
3930/9858
3940/9858
3950/9858
3960/9858
3970/9858
3980/9858
3990/9858
4000/9858
4010/9858
4020/9858
4030/9858
4040/9858
4050/9858
4060/9858
4070/9858
4080/9858
4090/9858
4100/9858
4110/9858
4120/9858
4130/9858
4140/9858
4150/9858
4160/9858
4170/9858
4180/9858
4190/9858
4200/9858
4210/9858
4220/9858
4230/9858
4240/9858
4250/9858
4260/9858
4270/9858
4280/9858
4290/9858
4300/9858
4310/9858
4320/9858
4330/9858
4340/9858
4350/9858
4360/9858
4370/9858
4380/9858
4390/9858
4400/9858
4410/9858
4420/9858
4430/9858
4440/9858
4450/9858
4460/9858
4470/9858
4480/9858
4490/9858
4500/9858
4510/9858
4520/9858
4530/9858
4540/9858
4550/9858
4560/9858
4570/9858
4580/9858
4590/9858
4600/9858
4610/9858
4620/9858
4630/9858
4640/9858
4650/9858
4660/9858
4670/9858
4680/9858
4690/9858
4700/9858
4710/9858
4720/9858
4730/9858
4740/9858
4750/9858
4760/9858
4770/9858
4780/9858
4790/9858
4800/9858
4810/9858
4820/9858
4830/9858
4840/9858
4850/9858
4860/9858
4870/9858
4880/9858
4890/9858
4900/9858
4910/9858
4920/9858
4930/9858
4940/9858
4950/9858
4960/9858
4970/9858
4980/9858
4990/9858
5000/9858
5010/9858
5020/9858
5030/9858
5040/9858
5050/9858
5060/9858
5070/9858
5080/9858
5090/9858
5100/9858
5110/9858
5120/9858
5130/9858
5140/9858
5150/9858
5160/9858
5170/9858
5180/9858
5190/9858
5200/9858
5210/9858
5220/9858
5230/9858
5240/9858
5250/9858
5260/9858
5270/9858
5280/9858
5290/9858
5300/9858
5310/9858
5320/9858
5330/9858
5340/9858
5350/9858
5360/9858
5370/9858
5380/9858
5390/9858
5400/9858
5410/9858
5420/9858
5430/9858
5440/9858
5450/9858
5460/9858
5470/9858
5480/9858
5490/9858
5500/9858
5510/9858
5520/9858
5530/9858
5540/9858
5550/9858
5560/9858
5570/9858
5580/9858
5590/9858
5600/9858
5610/9858
5620/9858
5630/9858
5640/9858
5650/9858
5660/9858
5670/9858
5680/9858
5690/9858
5700/9858
5710/9858
5720/9858
5730/9858
5740/9858
5750/9858
5760/9858
5770/9858
5780/9858
5790/9858
5800/9858
5810/9858
5820/9858
5830/9858
5840/9858
5850/9858
5860/9858
5870/9858
5880/9858
5890/9858
5900/9858
5910/9858
5920/9858
5930/9858
5940/9858
5950/9858
5960/9858
5970/9858
5980/9858
5990/9858
6000/9858
6010/9858
6020/9858
6030/9858
6040/9858
6050/9858
6060/9858
6070/9858
6080/9858
6090/9858
6100/9858
6110/9858
6120/9858
6130/9858
6140/9858
6150/9858
6160/9858
6170/9858
6180/9858
6190/9858
6200/9858
6210/9858
6220/9858
6230/9858
6240/9858
6250/9858
6260/9858
6270/9858
6280/9858
6290/9858
6300/9858
6310/9858
6320/9858
6330/9858
6340/9858
6350/9858
6360/9858
6370/9858
6380/9858
6390/9858
6400/9858
6410/9858
6420/9858
6430/9858
6440/9858
6450/9858
6460/9858
6470/9858
6480/9858
6490/9858
6500/9858
6510/9858
6520/9858
6530/9858
6540/9858
6550/9858
6560/9858
6570/9858
6580/9858
6590/9858
6600/9858
6610/9858
6620/9858
6630/9858
6640/9858
6650/9858
6660/9858
6670/9858
6680/9858
6690/9858
6700/9858
6710/9858
6720/9858
6730/9858
6740/9858
6750/9858
6760/9858
6770/9858
6780/9858
6790/9858
6800/9858
6810/9858
6820/9858
6830/9858
6840/9858
6850/9858
6860/9858
6870/9858
6880/9858
6890/9858
6900/9858
6910/9858
6920/9858
6930/9858
6940/9858
6950/9858
6960/9858
6970/9858
6980/9858
6990/9858
7000/9858
7010/9858
7020/9858
7030/9858
7040/9858
7050/9858
7060/9858
7070/9858
7080/9858
7090/9858
7100/9858
7110/9858
7120/9858
7130/9858
7140/9858
7150/9858
7160/9858
7170/9858
7180/9858
7190/9858
7200/9858
7210/9858
7220/9858
7230/9858
7240/9858
7250/9858
7260/9858
7270/9858
7280/9858
7290/9858
7300/9858
7310/9858
7320/9858
7330/9858
7340/9858
7350/9858
7360/9858
7370/9858
7380/9858
7390/9858
7400/9858
7410/9858
7420/9858
7430/9858
7440/9858
7450/9858
7460/9858
7470/9858
7480/9858
7490/9858
7500/9858
7510/9858
7520/9858
7530/9858
7540/9858
7550/9858
7560/9858
7570/9858
7580/9858
7590/9858
7600/9858
7610/9858
7620/9858
7630/9858
7640/9858
7650/9858
7660/9858
7670/9858
7680/9858
7690/9858
7700/9858
7710/9858
7720/9858
7730/9858
7740/9858
7750/9858
7760/9858
7770/9858
7780/9858
7790/9858
7800/9858
7810/9858
7820/9858
7830/9858
7840/9858
7850/9858
7860/9858
7870/9858
7880/9858
7890/9858
7900/9858
7910/9858
7920/9858
7930/9858
7940/9858
7950/9858
7960/9858
7970/9858
7980/9858
7990/9858
8000/9858
8010/9858
8020/9858
8030/9858
8040/9858
8050/9858
8060/9858
8070/9858
8080/9858
8090/9858
8100/9858
8110/9858
8120/9858
8130/9858
8140/9858
8150/9858
8160/9858
8170/9858
8180/9858
8190/9858
8200/9858
8210/9858
8220/9858
8230/9858
8240/9858
8250/9858
8260/9858
8270/9858
8280/9858
8290/9858
8300/9858
8310/9858
8320/9858
8330/9858
8340/9858
8350/9858
8360/9858
8370/9858
8380/9858
8390/9858
8400/9858
8410/9858
8420/9858
8430/9858
8440/9858
8450/9858
8460/9858
8470/9858
8480/9858
8490/9858
8500/9858
8510/9858
8520/9858
8530/9858
8540/9858
8550/9858
8560/9858
8570/9858
8580/9858
8590/9858
8600/9858
8610/9858
8620/9858
8630/9858
8640/9858
8650/9858
8660/9858
8670/9858
8680/9858
8690/9858
8700/9858
8710/9858
8720/9858
8730/9858
8740/9858
8750/9858
8760/9858
8770/9858
8780/9858
8790/9858
8800/9858
8810/9858
8820/9858
8830/9858
8840/9858
8850/9858
8860/9858
8870/9858
8880/9858
8890/9858
8900/9858
8910/9858
8920/9858
8930/9858
8940/9858
8950/9858
8960/9858
8970/9858
8980/9858
8990/9858
9000/9858
9010/9858
9020/9858
9030/9858
9040/9858
9050/9858
9060/9858
9070/9858
9080/9858
9090/9858
9100/9858
9110/9858
9120/9858
9130/9858
9140/9858
9150/9858
9160/9858
9170/9858
9180/9858
9190/9858
9200/9858
9210/9858
9220/9858
9230/9858
9240/9858
9250/9858
9260/9858
9270/9858
9280/9858
9290/9858
9300/9858
9310/9858
9320/9858
9330/9858
9340/9858
9350/9858
9360/9858
9370/9858
9380/9858
9390/9858
9400/9858
9410/9858
9420/9858
9430/9858
9440/9858
9450/9858
9460/9858
9470/9858
9480/9858
9490/9858
9500/9858
9510/9858
9520/9858
9530/9858
9540/9858
9550/9858
9560/9858
9570/9858
9580/9858
9590/9858
9600/9858
9610/9858
9620/9858
9630/9858
9640/9858
9650/9858
9660/9858
9670/9858
9680/9858
9690/9858
9700/9858
9710/9858
9720/9858
9730/9858
9740/9858
9750/9858
9760/9858
9770/9858
9780/9858
9790/9858
9800/9858
9810/9858
9820/9858
9830/9858
9840/9858
9850/9858

 Method: Goal-directed_WGAN-GP_noRewardNet
Number of same peptides: 0
100/9671
200/9671
300/9671
400/9671
500/9671
600/9671
700/9671
800/9671
900/9671
1000/9671
1100/9671
1200/9671
1300/9671
1400/9671
1500/9671
1600/9671
1700/9671
1800/9671
1900/9671
2000/9671
2100/9671
2200/9671
2300/9671
2400/9671
2500/9671
2600/9671
2700/9671
2800/9671
2900/9671
3000/9671
3100/9671
3200/9671
3300/9671
3400/9671
3500/9671
3600/9671
3700/9671
3800/9671
3900/9671
4000/9671
4100/9671
4200/9671
4300/9671
4400/9671
4500/9671
4600/9671
4700/9671
4800/9671
4900/9671
5000/9671
5100/9671
5200/9671
5300/9671
5400/9671
5500/9671
5600/9671
5700/9671
5800/9671
5900/9671
6000/9671
6100/9671
6200/9671
6300/9671
6400/9671
6500/9671
6600/9671
6700/9671
6800/9671
6900/9671
7000/9671
7100/9671
7200/9671
7300/9671
7400/9671
7500/9671
7600/9671
7700/9671
7800/9671
7900/9671
8000/9671
8100/9671
8200/9671
8300/9671
8400/9671
8500/9671
8600/9671
8700/9671
8800/9671
8900/9671
9000/9671
9100/9671
9200/9671
9300/9671
9400/9671
9500/9671
9600/9671
outdir is ../../result_brain/Goal-directed_WGAN-GP_noSscale/epoch1000/
10/9671
20/9671
30/9671
40/9671
50/9671
60/9671
70/9671
80/9671
90/9671
100/9671
110/9671
120/9671
130/9671
140/9671
150/9671
160/9671
170/9671
180/9671
190/9671
200/9671
210/9671
220/9671
230/9671
240/9671
250/9671
260/9671
270/9671
280/9671
290/9671
300/9671
310/9671
320/9671
330/9671
340/9671
350/9671
360/9671
370/9671
380/9671
390/9671
400/9671
410/9671
420/9671
430/9671
440/9671
450/9671
460/9671
470/9671
480/9671
490/9671
500/9671
510/9671
520/9671
530/9671
540/9671
550/9671
560/9671
570/9671
580/9671
590/9671
600/9671
610/9671
620/9671
630/9671
640/9671
650/9671
660/9671
670/9671
680/9671
690/9671
700/9671
710/9671
720/9671
730/9671
740/9671
750/9671
760/9671
770/9671
780/9671
790/9671
800/9671
810/9671
820/9671
830/9671
840/9671
850/9671
860/9671
870/9671
880/9671
890/9671
900/9671
910/9671
920/9671
930/9671
940/9671
950/9671
960/9671
970/9671
980/9671
990/9671
1000/9671
1010/9671
1020/9671
1030/9671
1040/9671
1050/9671
1060/9671
1070/9671
1080/9671
1090/9671
1100/9671
1110/9671
1120/9671
1130/9671
1140/9671
1150/9671
1160/9671
1170/9671
1180/9671
1190/9671
1200/9671
1210/9671
1220/9671
1230/9671
1240/9671
1250/9671
1260/9671
1270/9671
1280/9671
1290/9671
1300/9671
1310/9671
1320/9671
1330/9671
1340/9671
1350/9671
1360/9671
1370/9671
1380/9671
1390/9671
1400/9671
1410/9671
1420/9671
1430/9671
1440/9671
1450/9671
1460/9671
1470/9671
1480/9671
1490/9671
1500/9671
1510/9671
1520/9671
1530/9671
1540/9671
1550/9671
1560/9671
1570/9671
1580/9671
1590/9671
1600/9671
1610/9671
1620/9671
1630/9671
1640/9671
1650/9671
1660/9671
1670/9671
1680/9671
1690/9671
1700/9671
1710/9671
1720/9671
1730/9671
1740/9671
1750/9671
1760/9671
1770/9671
1780/9671
1790/9671
1800/9671
1810/9671
1820/9671
1830/9671
1840/9671
1850/9671
1860/9671
1870/9671
1880/9671
1890/9671
1900/9671
1910/9671
1920/9671
1930/9671
1940/9671
1950/9671
1960/9671
1970/9671
1980/9671
1990/9671
2000/9671
2010/9671
2020/9671
2030/9671
2040/9671
2050/9671
2060/9671
2070/9671
2080/9671
2090/9671
2100/9671
2110/9671
2120/9671
2130/9671
2140/9671
2150/9671
2160/9671
2170/9671
2180/9671
2190/9671
2200/9671
2210/9671
2220/9671
2230/9671
2240/9671
2250/9671
2260/9671
2270/9671
2280/9671
2290/9671
2300/9671
2310/9671
2320/9671
2330/9671
2340/9671
2350/9671
2360/9671
2370/9671
2380/9671
2390/9671
2400/9671
2410/9671
2420/9671
2430/9671
2440/9671
2450/9671
2460/9671
2470/9671
2480/9671
2490/9671
2500/9671
2510/9671
2520/9671
2530/9671
2540/9671
2550/9671
2560/9671
2570/9671
2580/9671
2590/9671
2600/9671
2610/9671
2620/9671
2630/9671
2640/9671
2650/9671
2660/9671
2670/9671
2680/9671
2690/9671
2700/9671
2710/9671
2720/9671
2730/9671
2740/9671
2750/9671
2760/9671
2770/9671
2780/9671
2790/9671
2800/9671
2810/9671
2820/9671
2830/9671
2840/9671
2850/9671
2860/9671
2870/9671
2880/9671
2890/9671
2900/9671
2910/9671
2920/9671
2930/9671
2940/9671
2950/9671
2960/9671
2970/9671
2980/9671
2990/9671
3000/9671
3010/9671
3020/9671
3030/9671
3040/9671
3050/9671
3060/9671
3070/9671
3080/9671
3090/9671
3100/9671
3110/9671
3120/9671
3130/9671
3140/9671
3150/9671
3160/9671
3170/9671
3180/9671
3190/9671
3200/9671
3210/9671
3220/9671
3230/9671
3240/9671
3250/9671
3260/9671
3270/9671
3280/9671
3290/9671
3300/9671
3310/9671
3320/9671
3330/9671
3340/9671
3350/9671
3360/9671
3370/9671
3380/9671
3390/9671
3400/9671
3410/9671
3420/9671
3430/9671
3440/9671
3450/9671
3460/9671
3470/9671
3480/9671
3490/9671
3500/9671
3510/9671
3520/9671
3530/9671
3540/9671
3550/9671
3560/9671
3570/9671
3580/9671
3590/9671
3600/9671
3610/9671
3620/9671
3630/9671
3640/9671
3650/9671
3660/9671
3670/9671
3680/9671
3690/9671
3700/9671
3710/9671
3720/9671
3730/9671
3740/9671
3750/9671
3760/9671
3770/9671
3780/9671
3790/9671
3800/9671
3810/9671
3820/9671
3830/9671
3840/9671
3850/9671
3860/9671
3870/9671
3880/9671
3890/9671
3900/9671
3910/9671
3920/9671
3930/9671
3940/9671
3950/9671
3960/9671
3970/9671
3980/9671
3990/9671
4000/9671
4010/9671
4020/9671
4030/9671
4040/9671
4050/9671
4060/9671
4070/9671
4080/9671
4090/9671
4100/9671
4110/9671
4120/9671
4130/9671
4140/9671
4150/9671
4160/9671
4170/9671
4180/9671
4190/9671
4200/9671
4210/9671
4220/9671
4230/9671
4240/9671
4250/9671
4260/9671
4270/9671
4280/9671
4290/9671
4300/9671
4310/9671
4320/9671
4330/9671
4340/9671
4350/9671
4360/9671
4370/9671
4380/9671
4390/9671
4400/9671
4410/9671
4420/9671
4430/9671
4440/9671
4450/9671
4460/9671
4470/9671
4480/9671
4490/9671
4500/9671
4510/9671
4520/9671
4530/9671
4540/9671
4550/9671
4560/9671
4570/9671
4580/9671
4590/9671
4600/9671
4610/9671
4620/9671
4630/9671
4640/9671
4650/9671
4660/9671
4670/9671
4680/9671
4690/9671
4700/9671
4710/9671
4720/9671
4730/9671
4740/9671
4750/9671
4760/9671
4770/9671
4780/9671
4790/9671
4800/9671
4810/9671
4820/9671
4830/9671
4840/9671
4850/9671
4860/9671
4870/9671
4880/9671
4890/9671
4900/9671
4910/9671
4920/9671
4930/9671
4940/9671
4950/9671
4960/9671
4970/9671
4980/9671
4990/9671
5000/9671
5010/9671
5020/9671
5030/9671
5040/9671
5050/9671
5060/9671
5070/9671
5080/9671
5090/9671
5100/9671
5110/9671
5120/9671
5130/9671
5140/9671
5150/9671
5160/9671
5170/9671
5180/9671
5190/9671
5200/9671
5210/9671
5220/9671
5230/9671
5240/9671
5250/9671
5260/9671
5270/9671
5280/9671
5290/9671
5300/9671
5310/9671
5320/9671
5330/9671
5340/9671
5350/9671
5360/9671
5370/9671
5380/9671
5390/9671
5400/9671
5410/9671
5420/9671
5430/9671
5440/9671
5450/9671
5460/9671
5470/9671
5480/9671
5490/9671
5500/9671
5510/9671
5520/9671
5530/9671
5540/9671
5550/9671
5560/9671
5570/9671
5580/9671
5590/9671
5600/9671
5610/9671
5620/9671
5630/9671
5640/9671
5650/9671
5660/9671
5670/9671
5680/9671
5690/9671
5700/9671
5710/9671
5720/9671
5730/9671
5740/9671
5750/9671
5760/9671
5770/9671
5780/9671
5790/9671
5800/9671
5810/9671
5820/9671
5830/9671
5840/9671
5850/9671
5860/9671
5870/9671
5880/9671
5890/9671
5900/9671
5910/9671
5920/9671
5930/9671
5940/9671
5950/9671
5960/9671
5970/9671
5980/9671
5990/9671
6000/9671
6010/9671
6020/9671
6030/9671
6040/9671
6050/9671
6060/9671
6070/9671
6080/9671
6090/9671
6100/9671
6110/9671
6120/9671
6130/9671
6140/9671
6150/9671
6160/9671
6170/9671
6180/9671
6190/9671
6200/9671
6210/9671
6220/9671
6230/9671
6240/9671
6250/9671
6260/9671
6270/9671
6280/9671
6290/9671
6300/9671
6310/9671
6320/9671
6330/9671
6340/9671
6350/9671
6360/9671
6370/9671
6380/9671
6390/9671
6400/9671
6410/9671
6420/9671
6430/9671
6440/9671
6450/9671
6460/9671
6470/9671
6480/9671
6490/9671
6500/9671
6510/9671
6520/9671
6530/9671
6540/9671
6550/9671
6560/9671
6570/9671
6580/9671
6590/9671
6600/9671
6610/9671
6620/9671
6630/9671
6640/9671
6650/9671
6660/9671
6670/9671
6680/9671
6690/9671
6700/9671
6710/9671
6720/9671
6730/9671
6740/9671
6750/9671
6760/9671
6770/9671
6780/9671
6790/9671
6800/9671
6810/9671
6820/9671
6830/9671
6840/9671
6850/9671
6860/9671
6870/9671
6880/9671
6890/9671
6900/9671
6910/9671
6920/9671
6930/9671
6940/9671
6950/9671
6960/9671
6970/9671
6980/9671
6990/9671
7000/9671
7010/9671
7020/9671
7030/9671
7040/9671
7050/9671
7060/9671
7070/9671
7080/9671
7090/9671
7100/9671
7110/9671
7120/9671
7130/9671
7140/9671
7150/9671
7160/9671
7170/9671
7180/9671
7190/9671
7200/9671
7210/9671
7220/9671
7230/9671
7240/9671
7250/9671
7260/9671
7270/9671
7280/9671
7290/9671
7300/9671
7310/9671
7320/9671
7330/9671
7340/9671
7350/9671
7360/9671
7370/9671
7380/9671
7390/9671
7400/9671
7410/9671
7420/9671
7430/9671
7440/9671
7450/9671
7460/9671
7470/9671
7480/9671
7490/9671
7500/9671
7510/9671
7520/9671
7530/9671
7540/9671
7550/9671
7560/9671
7570/9671
7580/9671
7590/9671
7600/9671
7610/9671
7620/9671
7630/9671
7640/9671
7650/9671
7660/9671
7670/9671
7680/9671
7690/9671
7700/9671
7710/9671
7720/9671
7730/9671
7740/9671
7750/9671
7760/9671
7770/9671
7780/9671
7790/9671
7800/9671
7810/9671
7820/9671
7830/9671
7840/9671
7850/9671
7860/9671
7870/9671
7880/9671
7890/9671
7900/9671
7910/9671
7920/9671
7930/9671
7940/9671
7950/9671
7960/9671
7970/9671
7980/9671
7990/9671
8000/9671
8010/9671
8020/9671
8030/9671
8040/9671
8050/9671
8060/9671
8070/9671
8080/9671
8090/9671
8100/9671
8110/9671
8120/9671
8130/9671
8140/9671
8150/9671
8160/9671
8170/9671
8180/9671
8190/9671
8200/9671
8210/9671
8220/9671
8230/9671
8240/9671
8250/9671
8260/9671
8270/9671
8280/9671
8290/9671
8300/9671
8310/9671
8320/9671
8330/9671
8340/9671
8350/9671
8360/9671
8370/9671
8380/9671
8390/9671
8400/9671
8410/9671
8420/9671
8430/9671
8440/9671
8450/9671
8460/9671
8470/9671
8480/9671
8490/9671
8500/9671
8510/9671
8520/9671
8530/9671
8540/9671
8550/9671
8560/9671
8570/9671
8580/9671
8590/9671
8600/9671
8610/9671
8620/9671
8630/9671
8640/9671
8650/9671
8660/9671
8670/9671
8680/9671
8690/9671
8700/9671
8710/9671
8720/9671
8730/9671
8740/9671
8750/9671
8760/9671
8770/9671
8780/9671
8790/9671
8800/9671
8810/9671
8820/9671
8830/9671
8840/9671
8850/9671
8860/9671
8870/9671
8880/9671
8890/9671
8900/9671
8910/9671
8920/9671
8930/9671
8940/9671
8950/9671
8960/9671
8970/9671
8980/9671
8990/9671
9000/9671
9010/9671
9020/9671
9030/9671
9040/9671
9050/9671
9060/9671
9070/9671
9080/9671
9090/9671
9100/9671
9110/9671
9120/9671
9130/9671
9140/9671
9150/9671
9160/9671
9170/9671
9180/9671
9190/9671
9200/9671
9210/9671
9220/9671
9230/9671
9240/9671
9250/9671
9260/9671
9270/9671
9280/9671
9290/9671
9300/9671
9310/9671
9320/9671
9330/9671
9340/9671
9350/9671
9360/9671
9370/9671
9380/9671
9390/9671
9400/9671
9410/9671
9420/9671
9430/9671
9440/9671
9450/9671
9460/9671
9470/9671
9480/9671
9490/9671
9500/9671
9510/9671
9520/9671
9530/9671
9540/9671
9550/9671
9560/9671
9570/9671
9580/9671
9590/9671
9600/9671
9610/9671
9620/9671
9630/9671
9640/9671
9650/9671
9660/9671
9670/9671

 Method: Goal-directed_WGAN-GP_noSscale
Number of same peptides: 0
outdir is ../../result_brain/GD_WGAN_wclip_MolGAN_Gamma0_DScalar_Loss_MyPredictor/epoch1000/

 Method: GD_WGAN_wclip_MolGAN_Gamma0_DScalar_Loss_MyPredictor
Number of same peptides: 0
100/998
200/998
300/998
400/998
500/998
600/998
700/998
800/998
900/998
outdir is ../../result_brain/GD_WGAN_wclip_MolGAN_DScalar_Loss_MyPredictor/epoch1000/
10/998
20/998
30/998
40/998
50/998
60/998
70/998
80/998
90/998
100/998
110/998
120/998
130/998
140/998
150/998
160/998
170/998
180/998
190/998
200/998
210/998
220/998
230/998
240/998
250/998
260/998
270/998
280/998
290/998
300/998
310/998
320/998
330/998
340/998
350/998
360/998
370/998
380/998
390/998
400/998
410/998
420/998
430/998
440/998
450/998
460/998
470/998
480/998
490/998
500/998
510/998
520/998
530/998
540/998
550/998
560/998
570/998
580/998
590/998
600/998
610/998
620/998
630/998
640/998
650/998
660/998
670/998
680/998
690/998
700/998
710/998
720/998
730/998
740/998
750/998
760/998
770/998
780/998
790/998
800/998
810/998
820/998
830/998
840/998
850/998
860/998
870/998
880/998
890/998
900/998
910/998
920/998
930/998
940/998
950/998
960/998
970/998
980/998
990/998

 Method: GD_WGAN_wclip_MolGAN_DScalar_Loss_MyPredictor
Number of same peptides: 0
outdir is ../../result_brain/GD_WGAN_wclip_OR_MolGAN_Gamma0_DScalar_Loss_MyPredictor/epoch1000/

 Method: GD_WGAN_wclip_OR_MolGAN_Gamma0_DScalar_Loss_MyPredictor
Number of same peptides: 0
100/9613
200/9613
300/9613
400/9613
500/9613
600/9613
700/9613
800/9613
900/9613
1000/9613
1100/9613
1200/9613
1300/9613
1400/9613
1500/9613
1600/9613
1700/9613
1800/9613
1900/9613
2000/9613
2100/9613
2200/9613
2300/9613
2400/9613
2500/9613
2600/9613
2700/9613
2800/9613
2900/9613
3000/9613
3100/9613
3200/9613
3300/9613
3400/9613
3500/9613
3600/9613
3700/9613
3800/9613
3900/9613
4000/9613
4100/9613
4200/9613
4300/9613
4400/9613
4500/9613
4600/9613
4700/9613
4800/9613
4900/9613
5000/9613
5100/9613
5200/9613
5300/9613
5400/9613
5500/9613
5600/9613
5700/9613
5800/9613
5900/9613
6000/9613
6100/9613
6200/9613
6300/9613
6400/9613
6500/9613
6600/9613
6700/9613
6800/9613
6900/9613
7000/9613
7100/9613
7200/9613
7300/9613
7400/9613
7500/9613
7600/9613
7700/9613
7800/9613
7900/9613
8000/9613
8100/9613
8200/9613
8300/9613
8400/9613
8500/9613
8600/9613
8700/9613
8800/9613
8900/9613
9000/9613
9100/9613
9200/9613
9300/9613
9400/9613
9500/9613
9600/9613
outdir is ../../result_brain/Goal-directed_WGAN-GP_ORGAN/epoch1000/
10/9613
20/9613
30/9613
40/9613
50/9613
60/9613
70/9613
80/9613
90/9613
100/9613
110/9613
120/9613
130/9613
140/9613
150/9613
160/9613
170/9613
180/9613
190/9613
200/9613
210/9613
220/9613
230/9613
240/9613
250/9613
260/9613
270/9613
280/9613
290/9613
300/9613
310/9613
320/9613
330/9613
340/9613
350/9613
360/9613
370/9613
380/9613
390/9613
400/9613
410/9613
420/9613
430/9613
440/9613
450/9613
460/9613
470/9613
480/9613
490/9613
500/9613
510/9613
520/9613
530/9613
540/9613
550/9613
560/9613
570/9613
580/9613
590/9613
600/9613
610/9613
620/9613
630/9613
640/9613
650/9613
660/9613
670/9613
680/9613
690/9613
700/9613
710/9613
720/9613
730/9613
740/9613
750/9613
760/9613
770/9613
780/9613
790/9613
800/9613
810/9613
820/9613
830/9613
840/9613
850/9613
860/9613
870/9613
880/9613
890/9613
900/9613
910/9613
920/9613
930/9613
940/9613
950/9613
960/9613
970/9613
980/9613
990/9613
1000/9613
1010/9613
1020/9613
1030/9613
1040/9613
1050/9613
1060/9613
1070/9613
1080/9613
1090/9613
1100/9613
1110/9613
1120/9613
1130/9613
1140/9613
1150/9613
1160/9613
1170/9613
1180/9613
1190/9613
1200/9613
1210/9613
1220/9613
1230/9613
1240/9613
1250/9613
1260/9613
1270/9613
1280/9613
1290/9613
1300/9613
1310/9613
1320/9613
1330/9613
1340/9613
1350/9613
1360/9613
1370/9613
1380/9613
1390/9613
1400/9613
1410/9613
1420/9613
1430/9613
1440/9613
1450/9613
1460/9613
1470/9613
1480/9613
1490/9613
1500/9613
1510/9613
1520/9613
1530/9613
1540/9613
1550/9613
1560/9613
1570/9613
1580/9613
1590/9613
1600/9613
1610/9613
1620/9613
1630/9613
1640/9613
1650/9613
1660/9613
1670/9613
1680/9613
1690/9613
1700/9613
1710/9613
1720/9613
1730/9613
1740/9613
1750/9613
1760/9613
1770/9613
1780/9613
1790/9613
1800/9613
1810/9613
1820/9613
1830/9613
1840/9613
1850/9613
1860/9613
1870/9613
1880/9613
1890/9613
1900/9613
1910/9613
1920/9613
1930/9613
1940/9613
1950/9613
1960/9613
1970/9613
1980/9613
1990/9613
2000/9613
2010/9613
2020/9613
2030/9613
2040/9613
2050/9613
2060/9613
2070/9613
2080/9613
2090/9613
2100/9613
2110/9613
2120/9613
2130/9613
2140/9613
2150/9613
2160/9613
2170/9613
2180/9613
2190/9613
2200/9613
2210/9613
2220/9613
2230/9613
2240/9613
2250/9613
2260/9613
2270/9613
2280/9613
2290/9613
2300/9613
2310/9613
2320/9613
2330/9613
2340/9613
2350/9613
2360/9613
2370/9613
2380/9613
2390/9613
2400/9613
2410/9613
2420/9613
2430/9613
2440/9613
2450/9613
2460/9613
2470/9613
2480/9613
2490/9613
2500/9613
2510/9613
2520/9613
2530/9613
2540/9613
2550/9613
2560/9613
2570/9613
2580/9613
2590/9613
2600/9613
2610/9613
2620/9613
2630/9613
2640/9613
2650/9613
2660/9613
2670/9613
2680/9613
2690/9613
2700/9613
2710/9613
2720/9613
2730/9613
2740/9613
2750/9613
2760/9613
2770/9613
2780/9613
2790/9613
2800/9613
2810/9613
2820/9613
2830/9613
2840/9613
2850/9613
2860/9613
2870/9613
2880/9613
2890/9613
2900/9613
2910/9613
2920/9613
2930/9613
2940/9613
2950/9613
2960/9613
2970/9613
2980/9613
2990/9613
3000/9613
3010/9613
3020/9613
3030/9613
3040/9613
3050/9613
3060/9613
3070/9613
3080/9613
3090/9613
3100/9613
3110/9613
3120/9613
3130/9613
3140/9613
3150/9613
3160/9613
3170/9613
3180/9613
3190/9613
3200/9613
3210/9613
3220/9613
3230/9613
3240/9613
3250/9613
3260/9613
3270/9613
3280/9613
3290/9613
3300/9613
3310/9613
3320/9613
3330/9613
3340/9613
3350/9613
3360/9613
3370/9613
3380/9613
3390/9613
3400/9613
3410/9613
3420/9613
3430/9613
3440/9613
3450/9613
3460/9613
3470/9613
3480/9613
3490/9613
3500/9613
3510/9613
3520/9613
3530/9613
3540/9613
3550/9613
3560/9613
3570/9613
3580/9613
3590/9613
3600/9613
3610/9613
3620/9613
3630/9613
3640/9613
3650/9613
3660/9613
3670/9613
3680/9613
3690/9613
3700/9613
3710/9613
3720/9613
3730/9613
3740/9613
3750/9613
3760/9613
3770/9613
3780/9613
3790/9613
3800/9613
3810/9613
3820/9613
3830/9613
3840/9613
3850/9613
3860/9613
3870/9613
3880/9613
3890/9613
3900/9613
3910/9613
3920/9613
3930/9613
3940/9613
3950/9613
3960/9613
3970/9613
3980/9613
3990/9613
4000/9613
4010/9613
4020/9613
4030/9613
4040/9613
4050/9613
4060/9613
4070/9613
4080/9613
4090/9613
4100/9613
4110/9613
4120/9613
4130/9613
4140/9613
4150/9613
4160/9613
4170/9613
4180/9613
4190/9613
4200/9613
4210/9613
4220/9613
4230/9613
4240/9613
4250/9613
4260/9613
4270/9613
4280/9613
4290/9613
4300/9613
4310/9613
4320/9613
4330/9613
4340/9613
4350/9613
4360/9613
4370/9613
4380/9613
4390/9613
4400/9613
4410/9613
4420/9613
4430/9613
4440/9613
4450/9613
4460/9613
4470/9613
4480/9613
4490/9613
4500/9613
4510/9613
4520/9613
4530/9613
4540/9613
4550/9613
4560/9613
4570/9613
4580/9613
4590/9613
4600/9613
4610/9613
4620/9613
4630/9613
4640/9613
4650/9613
4660/9613
4670/9613
4680/9613
4690/9613
4700/9613
4710/9613
4720/9613
4730/9613
4740/9613
4750/9613
4760/9613
4770/9613
4780/9613
4790/9613
4800/9613
4810/9613
4820/9613
4830/9613
4840/9613
4850/9613
4860/9613
4870/9613
4880/9613
4890/9613
4900/9613
4910/9613
4920/9613
4930/9613
4940/9613
4950/9613
4960/9613
4970/9613
4980/9613
4990/9613
5000/9613
5010/9613
5020/9613
5030/9613
5040/9613
5050/9613
5060/9613
5070/9613
5080/9613
5090/9613
5100/9613
5110/9613
5120/9613
5130/9613
5140/9613
5150/9613
5160/9613
5170/9613
5180/9613
5190/9613
5200/9613
5210/9613
5220/9613
5230/9613
5240/9613
5250/9613
5260/9613
5270/9613
5280/9613
5290/9613
5300/9613
5310/9613
5320/9613
5330/9613
5340/9613
5350/9613
5360/9613
5370/9613
5380/9613
5390/9613
5400/9613
5410/9613
5420/9613
5430/9613
5440/9613
5450/9613
5460/9613
5470/9613
5480/9613
5490/9613
5500/9613
5510/9613
5520/9613
5530/9613
5540/9613
5550/9613
5560/9613
5570/9613
5580/9613
5590/9613
5600/9613
5610/9613
5620/9613
5630/9613
5640/9613
5650/9613
5660/9613
5670/9613
5680/9613
5690/9613
5700/9613
5710/9613
5720/9613
5730/9613
5740/9613
5750/9613
5760/9613
5770/9613
5780/9613
5790/9613
5800/9613
5810/9613
5820/9613
5830/9613
5840/9613
5850/9613
5860/9613
5870/9613
5880/9613
5890/9613
5900/9613
5910/9613
5920/9613
5930/9613
5940/9613
5950/9613
5960/9613
5970/9613
5980/9613
5990/9613
6000/9613
6010/9613
6020/9613
6030/9613
6040/9613
6050/9613
6060/9613
6070/9613
6080/9613
6090/9613
6100/9613
6110/9613
6120/9613
6130/9613
6140/9613
6150/9613
6160/9613
6170/9613
6180/9613
6190/9613
6200/9613
6210/9613
6220/9613
6230/9613
6240/9613
6250/9613
6260/9613
6270/9613
6280/9613
6290/9613
6300/9613
6310/9613
6320/9613
6330/9613
6340/9613
6350/9613
6360/9613
6370/9613
6380/9613
6390/9613
6400/9613
6410/9613
6420/9613
6430/9613
6440/9613
6450/9613
6460/9613
6470/9613
6480/9613
6490/9613
6500/9613
6510/9613
6520/9613
6530/9613
6540/9613
6550/9613
6560/9613
6570/9613
6580/9613
6590/9613
6600/9613
6610/9613
6620/9613
6630/9613
6640/9613
6650/9613
6660/9613
6670/9613
6680/9613
6690/9613
6700/9613
6710/9613
6720/9613
6730/9613
6740/9613
6750/9613
6760/9613
6770/9613
6780/9613
6790/9613
6800/9613
6810/9613
6820/9613
6830/9613
6840/9613
6850/9613
6860/9613
6870/9613
6880/9613
6890/9613
6900/9613
6910/9613
6920/9613
6930/9613
6940/9613
6950/9613
6960/9613
6970/9613
6980/9613
6990/9613
7000/9613
7010/9613
7020/9613
7030/9613
7040/9613
7050/9613
7060/9613
7070/9613
7080/9613
7090/9613
7100/9613
7110/9613
7120/9613
7130/9613
7140/9613
7150/9613
7160/9613
7170/9613
7180/9613
7190/9613
7200/9613
7210/9613
7220/9613
7230/9613
7240/9613
7250/9613
7260/9613
7270/9613
7280/9613
7290/9613
7300/9613
7310/9613
7320/9613
7330/9613
7340/9613
7350/9613
7360/9613
7370/9613
7380/9613
7390/9613
7400/9613
7410/9613
7420/9613
7430/9613
7440/9613
7450/9613
7460/9613
7470/9613
7480/9613
7490/9613
7500/9613
7510/9613
7520/9613
7530/9613
7540/9613
7550/9613
7560/9613
7570/9613
7580/9613
7590/9613
7600/9613
7610/9613
7620/9613
7630/9613
7640/9613
7650/9613
7660/9613
7670/9613
7680/9613
7690/9613
7700/9613
7710/9613
7720/9613
7730/9613
7740/9613
7750/9613
7760/9613
7770/9613
7780/9613
7790/9613
7800/9613
7810/9613
7820/9613
7830/9613
7840/9613
7850/9613
7860/9613
7870/9613
7880/9613
7890/9613
7900/9613
7910/9613
7920/9613
7930/9613
7940/9613
7950/9613
7960/9613
7970/9613
7980/9613
7990/9613
8000/9613
8010/9613
8020/9613
8030/9613
8040/9613
8050/9613
8060/9613
8070/9613
8080/9613
8090/9613
8100/9613
8110/9613
8120/9613
8130/9613
8140/9613
8150/9613
8160/9613
8170/9613
8180/9613
8190/9613
8200/9613
8210/9613
8220/9613
8230/9613
8240/9613
8250/9613
8260/9613
8270/9613
8280/9613
8290/9613
8300/9613
8310/9613
8320/9613
8330/9613
8340/9613
8350/9613
8360/9613
8370/9613
8380/9613
8390/9613
8400/9613
8410/9613
8420/9613
8430/9613
8440/9613
8450/9613
8460/9613
8470/9613
8480/9613
8490/9613
8500/9613
8510/9613
8520/9613
8530/9613
8540/9613
8550/9613
8560/9613
8570/9613
8580/9613
8590/9613
8600/9613
8610/9613
8620/9613
8630/9613
8640/9613
8650/9613
8660/9613
8670/9613
8680/9613
8690/9613
8700/9613
8710/9613
8720/9613
8730/9613
8740/9613
8750/9613
8760/9613
8770/9613
8780/9613
8790/9613
8800/9613
8810/9613
8820/9613
8830/9613
8840/9613
8850/9613
8860/9613
8870/9613
8880/9613
8890/9613
8900/9613
8910/9613
8920/9613
8930/9613
8940/9613
8950/9613
8960/9613
8970/9613
8980/9613
8990/9613
9000/9613
9010/9613
9020/9613
9030/9613
9040/9613
9050/9613
9060/9613
9070/9613
9080/9613
9090/9613
9100/9613
9110/9613
9120/9613
9130/9613
9140/9613
9150/9613
9160/9613
9170/9613
9180/9613
9190/9613
9200/9613
9210/9613
9220/9613
9230/9613
9240/9613
9250/9613
9260/9613
9270/9613
9280/9613
9290/9613
9300/9613
9310/9613
9320/9613
9330/9613
9340/9613
9350/9613
9360/9613
9370/9613
9380/9613
9390/9613
9400/9613
9410/9613
9420/9613
9430/9613
9440/9613
9450/9613
9460/9613
9470/9613
9480/9613
9490/9613
9500/9613
9510/9613
9520/9613
9530/9613
9540/9613
9550/9613
9560/9613
9570/9613
9580/9613
9590/9613
9600/9613
9610/9613

 Method: Goal-directed_WGAN-GP_ORGAN
Number of same peptides: 0
