100/7730
200/7730
300/7730
400/7730
500/7730
600/7730
700/7730
800/7730
900/7730
1000/7730
1100/7730
1200/7730
1300/7730
1400/7730
1500/7730
1600/7730
1700/7730
1800/7730
1900/7730
2000/7730
2100/7730
2200/7730
2300/7730
2400/7730
2500/7730
2600/7730
2700/7730
2800/7730
2900/7730
3000/7730
3100/7730
3200/7730
3300/7730
3400/7730
3500/7730
3600/7730
3700/7730
3800/7730
3900/7730
4000/7730
4100/7730
4200/7730
4300/7730
4400/7730
4500/7730
4600/7730
4700/7730
4800/7730
4900/7730
5000/7730
5100/7730
5200/7730
5300/7730
5400/7730
5500/7730
5600/7730
5700/7730
5800/7730
5900/7730
6000/7730
6100/7730
6200/7730
6300/7730
6400/7730
6500/7730
6600/7730
6700/7730
6800/7730
6900/7730
7000/7730
7100/7730
7200/7730
7300/7730
7400/7730
7500/7730
7600/7730
7700/7730
outdir is ../../result/Goal-directed_WGAN-GP/epoch1000/
10/7730
20/7730
30/7730
40/7730
50/7730
60/7730
70/7730
80/7730
90/7730
100/7730
110/7730
120/7730
130/7730
140/7730
150/7730
160/7730
170/7730
180/7730
190/7730
200/7730
210/7730
220/7730
230/7730
240/7730
250/7730
260/7730
270/7730
280/7730
290/7730
300/7730
310/7730
320/7730
330/7730
340/7730
350/7730
360/7730
370/7730
380/7730
390/7730
400/7730
410/7730
420/7730
430/7730
440/7730
450/7730
460/7730
470/7730
480/7730
490/7730
500/7730
510/7730
520/7730
530/7730
540/7730
550/7730
560/7730
570/7730
580/7730
590/7730
600/7730
610/7730
620/7730
630/7730
640/7730
650/7730
660/7730
670/7730
680/7730
690/7730
700/7730
710/7730
720/7730
730/7730
740/7730
750/7730
760/7730
770/7730
780/7730
790/7730
800/7730
810/7730
820/7730
830/7730
840/7730
850/7730
860/7730
870/7730
880/7730
890/7730
900/7730
910/7730
920/7730
930/7730
940/7730
950/7730
960/7730
970/7730
980/7730
990/7730
1000/7730
1010/7730
1020/7730
1030/7730
1040/7730
1050/7730
1060/7730
1070/7730
1080/7730
1090/7730
1100/7730
1110/7730
1120/7730
1130/7730
1140/7730
1150/7730
1160/7730
1170/7730
1180/7730
1190/7730
1200/7730
1210/7730
1220/7730
1230/7730
1240/7730
1250/7730
1260/7730
1270/7730
1280/7730
1290/7730
1300/7730
1310/7730
1320/7730
1330/7730
1340/7730
1350/7730
1360/7730
1370/7730
1380/7730
1390/7730
1400/7730
1410/7730
1420/7730
1430/7730
1440/7730
1450/7730
1460/7730
1470/7730
1480/7730
1490/7730
1500/7730
1510/7730
1520/7730
1530/7730
1540/7730
1550/7730
1560/7730
1570/7730
1580/7730
1590/7730
1600/7730
1610/7730
1620/7730
1630/7730
1640/7730
1650/7730
1660/7730
1670/7730
1680/7730
1690/7730
1700/7730
1710/7730
1720/7730
1730/7730
1740/7730
1750/7730
1760/7730
1770/7730
1780/7730
1790/7730
1800/7730
1810/7730
1820/7730
1830/7730
1840/7730
1850/7730
1860/7730
1870/7730
1880/7730
1890/7730
1900/7730
1910/7730
1920/7730
1930/7730
1940/7730
1950/7730
1960/7730
1970/7730
1980/7730
1990/7730
2000/7730
2010/7730
2020/7730
2030/7730
2040/7730
2050/7730
2060/7730
2070/7730
2080/7730
2090/7730
2100/7730
2110/7730
2120/7730
2130/7730
2140/7730
2150/7730
2160/7730
2170/7730
2180/7730
2190/7730
2200/7730
2210/7730
2220/7730
2230/7730
2240/7730
2250/7730
2260/7730
2270/7730
2280/7730
2290/7730
2300/7730
2310/7730
2320/7730
2330/7730
2340/7730
2350/7730
2360/7730
2370/7730
2380/7730
2390/7730
2400/7730
2410/7730
2420/7730
2430/7730
2440/7730
2450/7730
2460/7730
2470/7730
2480/7730
2490/7730
2500/7730
2510/7730
2520/7730
2530/7730
2540/7730
2550/7730
2560/7730
2570/7730
2580/7730
2590/7730
2600/7730
2610/7730
2620/7730
2630/7730
2640/7730
2650/7730
2660/7730
2670/7730
2680/7730
2690/7730
2700/7730
2710/7730
2720/7730
2730/7730
2740/7730
2750/7730
2760/7730
2770/7730
2780/7730
2790/7730
2800/7730
2810/7730
2820/7730
2830/7730
2840/7730
2850/7730
2860/7730
2870/7730
2880/7730
2890/7730
2900/7730
2910/7730
2920/7730
2930/7730
2940/7730
2950/7730
2960/7730
2970/7730
2980/7730
2990/7730
3000/7730
3010/7730
3020/7730
3030/7730
3040/7730
3050/7730
3060/7730
3070/7730
3080/7730
3090/7730
3100/7730
3110/7730
3120/7730
3130/7730
3140/7730
3150/7730
3160/7730
3170/7730
3180/7730
3190/7730
3200/7730
3210/7730
3220/7730
3230/7730
3240/7730
3250/7730
3260/7730
3270/7730
3280/7730
3290/7730
3300/7730
3310/7730
3320/7730
3330/7730
3340/7730
3350/7730
3360/7730
3370/7730
3380/7730
3390/7730
3400/7730
3410/7730
3420/7730
3430/7730
3440/7730
3450/7730
3460/7730
3470/7730
3480/7730
3490/7730
3500/7730
3510/7730
3520/7730
3530/7730
3540/7730
3550/7730
3560/7730
3570/7730
3580/7730
3590/7730
3600/7730
3610/7730
3620/7730
3630/7730
3640/7730
3650/7730
3660/7730
3670/7730
3680/7730
3690/7730
3700/7730
3710/7730
3720/7730
3730/7730
3740/7730
3750/7730
3760/7730
3770/7730
3780/7730
3790/7730
3800/7730
3810/7730
3820/7730
3830/7730
3840/7730
3850/7730
3860/7730
3870/7730
3880/7730
3890/7730
3900/7730
3910/7730
3920/7730
3930/7730
3940/7730
3950/7730
3960/7730
3970/7730
3980/7730
3990/7730
4000/7730
4010/7730
4020/7730
4030/7730
4040/7730
4050/7730
4060/7730
4070/7730
4080/7730
4090/7730
4100/7730
4110/7730
4120/7730
4130/7730
4140/7730
4150/7730
4160/7730
4170/7730
4180/7730
4190/7730
4200/7730
4210/7730
4220/7730
4230/7730
4240/7730
4250/7730
4260/7730
4270/7730
4280/7730
4290/7730
4300/7730
4310/7730
4320/7730
4330/7730
4340/7730
4350/7730
4360/7730
4370/7730
4380/7730
4390/7730
4400/7730
4410/7730
4420/7730
4430/7730
4440/7730
4450/7730
4460/7730
4470/7730
4480/7730
4490/7730
4500/7730
4510/7730
4520/7730
4530/7730
4540/7730
4550/7730
4560/7730
4570/7730
4580/7730
4590/7730
4600/7730
4610/7730
4620/7730
4630/7730
4640/7730
4650/7730
4660/7730
4670/7730
4680/7730
4690/7730
4700/7730
4710/7730
4720/7730
4730/7730
4740/7730
4750/7730
4760/7730
4770/7730
4780/7730
4790/7730
4800/7730
4810/7730
4820/7730
4830/7730
4840/7730
4850/7730
4860/7730
4870/7730
4880/7730
4890/7730
4900/7730
4910/7730
4920/7730
4930/7730
4940/7730
4950/7730
4960/7730
4970/7730
4980/7730
4990/7730
5000/7730
5010/7730
5020/7730
5030/7730
5040/7730
5050/7730
5060/7730
5070/7730
5080/7730
5090/7730
5100/7730
5110/7730
5120/7730
5130/7730
5140/7730
5150/7730
5160/7730
5170/7730
5180/7730
5190/7730
5200/7730
5210/7730
5220/7730
5230/7730
5240/7730
5250/7730
5260/7730
5270/7730
5280/7730
5290/7730
5300/7730
5310/7730
5320/7730
5330/7730
5340/7730
5350/7730
5360/7730
5370/7730
5380/7730
5390/7730
5400/7730
5410/7730
5420/7730
5430/7730
5440/7730
5450/7730
5460/7730
5470/7730
5480/7730
5490/7730
5500/7730
5510/7730
5520/7730
5530/7730
5540/7730
5550/7730
5560/7730
5570/7730
5580/7730
5590/7730
5600/7730
5610/7730
5620/7730
5630/7730
5640/7730
5650/7730
5660/7730
5670/7730
5680/7730
5690/7730
5700/7730
5710/7730
5720/7730
5730/7730
5740/7730
5750/7730
5760/7730
5770/7730
5780/7730
5790/7730
5800/7730
5810/7730
5820/7730
5830/7730
5840/7730
5850/7730
5860/7730
5870/7730
5880/7730
5890/7730
5900/7730
5910/7730
5920/7730
5930/7730
5940/7730
5950/7730
5960/7730
5970/7730
5980/7730
5990/7730
6000/7730
6010/7730
6020/7730
6030/7730
6040/7730
6050/7730
6060/7730
6070/7730
6080/7730
6090/7730
6100/7730
6110/7730
6120/7730
6130/7730
6140/7730
6150/7730
6160/7730
6170/7730
6180/7730
6190/7730
6200/7730
6210/7730
6220/7730
6230/7730
6240/7730
6250/7730
6260/7730
6270/7730
6280/7730
6290/7730
6300/7730
6310/7730
6320/7730
6330/7730
6340/7730
6350/7730
6360/7730
6370/7730
6380/7730
6390/7730
6400/7730
6410/7730
6420/7730
6430/7730
6440/7730
6450/7730
6460/7730
6470/7730
6480/7730
6490/7730
6500/7730
6510/7730
6520/7730
6530/7730
6540/7730
6550/7730
6560/7730
6570/7730
6580/7730
6590/7730
6600/7730
6610/7730
6620/7730
6630/7730
6640/7730
6650/7730
6660/7730
6670/7730
6680/7730
6690/7730
6700/7730
6710/7730
6720/7730
6730/7730
6740/7730
6750/7730
6760/7730
6770/7730
6780/7730
6790/7730
6800/7730
6810/7730
6820/7730
6830/7730
6840/7730
6850/7730
6860/7730
6870/7730
6880/7730
6890/7730
6900/7730
6910/7730
6920/7730
6930/7730
6940/7730
6950/7730
6960/7730
6970/7730
6980/7730
6990/7730
7000/7730
7010/7730
7020/7730
7030/7730
7040/7730
7050/7730
7060/7730
7070/7730
7080/7730
7090/7730
7100/7730
7110/7730
7120/7730
7130/7730
7140/7730
7150/7730
7160/7730
7170/7730
7180/7730
7190/7730
7200/7730
7210/7730
7220/7730
7230/7730
7240/7730
7250/7730
7260/7730
7270/7730
7280/7730
7290/7730
7300/7730
7310/7730
7320/7730
7330/7730
7340/7730
7350/7730
7360/7730
7370/7730
7380/7730
7390/7730
7400/7730
7410/7730
7420/7730
7430/7730
7440/7730
7450/7730
7460/7730
7470/7730
7480/7730
7490/7730
7500/7730
7510/7730
7520/7730
7530/7730
7540/7730
7550/7730
7560/7730
7570/7730
7580/7730
7590/7730
7600/7730
7610/7730
7620/7730
7630/7730
7640/7730
7650/7730
7660/7730
7670/7730
7680/7730
7690/7730
7700/7730
7710/7730
7720/7730
7730/7730

 Method: Goal-directed_WGAN-GP
Number of same peptides: 0
100/9907
200/9907
300/9907
400/9907
500/9907
600/9907
700/9907
800/9907
900/9907
1000/9907
1100/9907
1200/9907
1300/9907
1400/9907
1500/9907
1600/9907
1700/9907
1800/9907
1900/9907
2000/9907
2100/9907
2200/9907
2300/9907
2400/9907
2500/9907
2600/9907
2700/9907
2800/9907
2900/9907
3000/9907
3100/9907
3200/9907
3300/9907
3400/9907
3500/9907
3600/9907
3700/9907
3800/9907
3900/9907
4000/9907
4100/9907
4200/9907
4300/9907
4400/9907
4500/9907
4600/9907
4700/9907
4800/9907
4900/9907
5000/9907
5100/9907
5200/9907
5300/9907
5400/9907
5500/9907
5600/9907
5700/9907
5800/9907
5900/9907
6000/9907
6100/9907
6200/9907
6300/9907
6400/9907
6500/9907
6600/9907
6700/9907
6800/9907
6900/9907
7000/9907
7100/9907
7200/9907
7300/9907
7400/9907
7500/9907
7600/9907
7700/9907
7800/9907
7900/9907
8000/9907
8100/9907
8200/9907
8300/9907
8400/9907
8500/9907
8600/9907
8700/9907
8800/9907
8900/9907
9000/9907
9100/9907
9200/9907
9300/9907
9400/9907
9500/9907
9600/9907
9700/9907
9800/9907
9900/9907
outdir is ../../result/WGAN-GP/epoch1000/
10/9907
20/9907
30/9907
40/9907
50/9907
60/9907
70/9907
80/9907
90/9907
100/9907
110/9907
120/9907
130/9907
140/9907
150/9907
160/9907
170/9907
180/9907
190/9907
200/9907
210/9907
220/9907
230/9907
240/9907
250/9907
260/9907
270/9907
280/9907
290/9907
300/9907
310/9907
320/9907
330/9907
340/9907
350/9907
360/9907
370/9907
380/9907
390/9907
400/9907
410/9907
420/9907
430/9907
440/9907
450/9907
460/9907
470/9907
480/9907
490/9907
500/9907
510/9907
520/9907
530/9907
540/9907
550/9907
560/9907
570/9907
580/9907
590/9907
600/9907
610/9907
620/9907
630/9907
640/9907
650/9907
660/9907
670/9907
680/9907
690/9907
700/9907
710/9907
720/9907
730/9907
740/9907
750/9907
760/9907
770/9907
780/9907
790/9907
800/9907
810/9907
820/9907
830/9907
840/9907
850/9907
860/9907
870/9907
880/9907
890/9907
900/9907
910/9907
920/9907
930/9907
940/9907
950/9907
960/9907
970/9907
980/9907
990/9907
1000/9907
1010/9907
1020/9907
1030/9907
1040/9907
1050/9907
1060/9907
1070/9907
1080/9907
1090/9907
1100/9907
1110/9907
1120/9907
1130/9907
1140/9907
1150/9907
1160/9907
1170/9907
1180/9907
1190/9907
1200/9907
1210/9907
1220/9907
1230/9907
1240/9907
1250/9907
1260/9907
1270/9907
1280/9907
1290/9907
1300/9907
1310/9907
1320/9907
1330/9907
1340/9907
1350/9907
1360/9907
1370/9907
1380/9907
1390/9907
1400/9907
1410/9907
1420/9907
1430/9907
1440/9907
1450/9907
1460/9907
1470/9907
1480/9907
1490/9907
1500/9907
1510/9907
1520/9907
1530/9907
1540/9907
1550/9907
1560/9907
1570/9907
1580/9907
1590/9907
1600/9907
1610/9907
1620/9907
1630/9907
1640/9907
1650/9907
1660/9907
1670/9907
1680/9907
1690/9907
1700/9907
1710/9907
1720/9907
1730/9907
1740/9907
1750/9907
1760/9907
1770/9907
1780/9907
1790/9907
1800/9907
1810/9907
1820/9907
1830/9907
1840/9907
1850/9907
1860/9907
1870/9907
1880/9907
1890/9907
1900/9907
1910/9907
1920/9907
1930/9907
1940/9907
1950/9907
1960/9907
1970/9907
1980/9907
1990/9907
2000/9907
2010/9907
2020/9907
2030/9907
2040/9907
2050/9907
2060/9907
2070/9907
2080/9907
2090/9907
2100/9907
2110/9907
2120/9907
2130/9907
2140/9907
2150/9907
2160/9907
2170/9907
2180/9907
2190/9907
2200/9907
2210/9907
2220/9907
2230/9907
2240/9907
2250/9907
2260/9907
2270/9907
2280/9907
2290/9907
2300/9907
2310/9907
2320/9907
2330/9907
2340/9907
2350/9907
2360/9907
2370/9907
2380/9907
2390/9907
2400/9907
2410/9907
2420/9907
2430/9907
2440/9907
2450/9907
2460/9907
2470/9907
2480/9907
2490/9907
2500/9907
2510/9907
2520/9907
2530/9907
2540/9907
2550/9907
2560/9907
2570/9907
2580/9907
2590/9907
2600/9907
2610/9907
2620/9907
2630/9907
2640/9907
2650/9907
2660/9907
2670/9907
2680/9907
2690/9907
2700/9907
2710/9907
2720/9907
2730/9907
2740/9907
2750/9907
2760/9907
2770/9907
2780/9907
2790/9907
2800/9907
2810/9907
2820/9907
2830/9907
2840/9907
2850/9907
2860/9907
2870/9907
2880/9907
2890/9907
2900/9907
2910/9907
2920/9907
2930/9907
2940/9907
2950/9907
2960/9907
2970/9907
2980/9907
2990/9907
3000/9907
3010/9907
3020/9907
3030/9907
3040/9907
3050/9907
3060/9907
3070/9907
3080/9907
3090/9907
3100/9907
3110/9907
3120/9907
3130/9907
3140/9907
3150/9907
3160/9907
3170/9907
3180/9907
3190/9907
3200/9907
3210/9907
3220/9907
3230/9907
3240/9907
3250/9907
3260/9907
3270/9907
3280/9907
3290/9907
3300/9907
3310/9907
3320/9907
3330/9907
3340/9907
3350/9907
3360/9907
3370/9907
3380/9907
3390/9907
3400/9907
3410/9907
3420/9907
3430/9907
3440/9907
3450/9907
3460/9907
3470/9907
3480/9907
3490/9907
3500/9907
3510/9907
3520/9907
3530/9907
3540/9907
3550/9907
3560/9907
3570/9907
3580/9907
3590/9907
3600/9907
3610/9907
3620/9907
3630/9907
3640/9907
3650/9907
3660/9907
3670/9907
3680/9907
3690/9907
3700/9907
3710/9907
3720/9907
3730/9907
3740/9907
3750/9907
3760/9907
3770/9907
3780/9907
3790/9907
3800/9907
3810/9907
3820/9907
3830/9907
3840/9907
3850/9907
3860/9907
3870/9907
3880/9907
3890/9907
3900/9907
3910/9907
3920/9907
3930/9907
3940/9907
3950/9907
3960/9907
3970/9907
3980/9907
3990/9907
4000/9907
4010/9907
4020/9907
4030/9907
4040/9907
4050/9907
4060/9907
4070/9907
4080/9907
4090/9907
4100/9907
4110/9907
4120/9907
4130/9907
4140/9907
4150/9907
4160/9907
4170/9907
4180/9907
4190/9907
4200/9907
4210/9907
4220/9907
4230/9907
4240/9907
4250/9907
4260/9907
4270/9907
4280/9907
4290/9907
4300/9907
4310/9907
4320/9907
4330/9907
4340/9907
4350/9907
4360/9907
4370/9907
4380/9907
4390/9907
4400/9907
4410/9907
4420/9907
4430/9907
4440/9907
4450/9907
4460/9907
4470/9907
4480/9907
4490/9907
4500/9907
4510/9907
4520/9907
4530/9907
4540/9907
4550/9907
4560/9907
4570/9907
4580/9907
4590/9907
4600/9907
4610/9907
4620/9907
4630/9907
4640/9907
4650/9907
4660/9907
4670/9907
4680/9907
4690/9907
4700/9907
4710/9907
4720/9907
4730/9907
4740/9907
4750/9907
4760/9907
4770/9907
4780/9907
4790/9907
4800/9907
4810/9907
4820/9907
4830/9907
4840/9907
4850/9907
4860/9907
4870/9907
4880/9907
4890/9907
4900/9907
4910/9907
4920/9907
4930/9907
4940/9907
4950/9907
4960/9907
4970/9907
4980/9907
4990/9907
5000/9907
5010/9907
5020/9907
5030/9907
5040/9907
5050/9907
5060/9907
5070/9907
5080/9907
5090/9907
5100/9907
5110/9907
5120/9907
5130/9907
5140/9907
5150/9907
5160/9907
5170/9907
5180/9907
5190/9907
5200/9907
5210/9907
5220/9907
5230/9907
5240/9907
5250/9907
5260/9907
5270/9907
5280/9907
5290/9907
5300/9907
5310/9907
5320/9907
5330/9907
5340/9907
5350/9907
5360/9907
5370/9907
5380/9907
5390/9907
5400/9907
5410/9907
5420/9907
5430/9907
5440/9907
5450/9907
5460/9907
5470/9907
5480/9907
5490/9907
5500/9907
5510/9907
5520/9907
5530/9907
5540/9907
5550/9907
5560/9907
5570/9907
5580/9907
5590/9907
5600/9907
5610/9907
5620/9907
5630/9907
5640/9907
5650/9907
5660/9907
5670/9907
5680/9907
5690/9907
5700/9907
5710/9907
5720/9907
5730/9907
5740/9907
5750/9907
5760/9907
5770/9907
5780/9907
5790/9907
5800/9907
5810/9907
5820/9907
5830/9907
5840/9907
5850/9907
5860/9907
5870/9907
5880/9907
5890/9907
5900/9907
5910/9907
5920/9907
5930/9907
5940/9907
5950/9907
5960/9907
5970/9907
5980/9907
5990/9907
6000/9907
6010/9907
6020/9907
6030/9907
6040/9907
6050/9907
6060/9907
6070/9907
6080/9907
6090/9907
6100/9907
6110/9907
6120/9907
6130/9907
6140/9907
6150/9907
6160/9907
6170/9907
6180/9907
6190/9907
6200/9907
6210/9907
6220/9907
6230/9907
6240/9907
6250/9907
6260/9907
6270/9907
6280/9907
6290/9907
6300/9907
6310/9907
6320/9907
6330/9907
6340/9907
6350/9907
6360/9907
6370/9907
6380/9907
6390/9907
6400/9907
6410/9907
6420/9907
6430/9907
6440/9907
6450/9907
6460/9907
6470/9907
6480/9907
6490/9907
6500/9907
6510/9907
6520/9907
6530/9907
6540/9907
6550/9907
6560/9907
6570/9907
6580/9907
6590/9907
6600/9907
6610/9907
6620/9907
6630/9907
6640/9907
6650/9907
6660/9907
6670/9907
6680/9907
6690/9907
6700/9907
6710/9907
6720/9907
6730/9907
6740/9907
6750/9907
6760/9907
6770/9907
6780/9907
6790/9907
6800/9907
6810/9907
6820/9907
6830/9907
6840/9907
6850/9907
6860/9907
6870/9907
6880/9907
6890/9907
6900/9907
6910/9907
6920/9907
6930/9907
6940/9907
6950/9907
6960/9907
6970/9907
6980/9907
6990/9907
7000/9907
7010/9907
7020/9907
7030/9907
7040/9907
7050/9907
7060/9907
7070/9907
7080/9907
7090/9907
7100/9907
7110/9907
7120/9907
7130/9907
7140/9907
7150/9907
7160/9907
7170/9907
7180/9907
7190/9907
7200/9907
7210/9907
7220/9907
7230/9907
7240/9907
7250/9907
7260/9907
7270/9907
7280/9907
7290/9907
7300/9907
7310/9907
7320/9907
7330/9907
7340/9907
7350/9907
7360/9907
7370/9907
7380/9907
7390/9907
7400/9907
7410/9907
7420/9907
7430/9907
7440/9907
7450/9907
7460/9907
7470/9907
7480/9907
7490/9907
7500/9907
7510/9907
7520/9907
7530/9907
7540/9907
7550/9907
7560/9907
7570/9907
7580/9907
7590/9907
7600/9907
7610/9907
7620/9907
7630/9907
7640/9907
7650/9907
7660/9907
7670/9907
7680/9907
7690/9907
7700/9907
7710/9907
7720/9907
7730/9907
7740/9907
7750/9907
7760/9907
7770/9907
7780/9907
7790/9907
7800/9907
7810/9907
7820/9907
7830/9907
7840/9907
7850/9907
7860/9907
7870/9907
7880/9907
7890/9907
7900/9907
7910/9907
7920/9907
7930/9907
7940/9907
7950/9907
7960/9907
7970/9907
7980/9907
7990/9907
8000/9907
8010/9907
8020/9907
8030/9907
8040/9907
8050/9907
8060/9907
8070/9907
8080/9907
8090/9907
8100/9907
8110/9907
8120/9907
8130/9907
8140/9907
8150/9907
8160/9907
8170/9907
8180/9907
8190/9907
8200/9907
8210/9907
8220/9907
8230/9907
8240/9907
8250/9907
8260/9907
8270/9907
8280/9907
8290/9907
8300/9907
8310/9907
8320/9907
8330/9907
8340/9907
8350/9907
8360/9907
8370/9907
8380/9907
8390/9907
8400/9907
8410/9907
8420/9907
8430/9907
8440/9907
8450/9907
8460/9907
8470/9907
8480/9907
8490/9907
8500/9907
8510/9907
8520/9907
8530/9907
8540/9907
8550/9907
8560/9907
8570/9907
8580/9907
8590/9907
8600/9907
8610/9907
8620/9907
8630/9907
8640/9907
8650/9907
8660/9907
8670/9907
8680/9907
8690/9907
8700/9907
8710/9907
8720/9907
8730/9907
8740/9907
8750/9907
8760/9907
8770/9907
8780/9907
8790/9907
8800/9907
8810/9907
8820/9907
8830/9907
8840/9907
8850/9907
8860/9907
8870/9907
8880/9907
8890/9907
8900/9907
8910/9907
8920/9907
8930/9907
8940/9907
8950/9907
8960/9907
8970/9907
8980/9907
8990/9907
9000/9907
9010/9907
9020/9907
9030/9907
9040/9907
9050/9907
9060/9907
9070/9907
9080/9907
9090/9907
9100/9907
9110/9907
9120/9907
9130/9907
9140/9907
9150/9907
9160/9907
9170/9907
9180/9907
9190/9907
9200/9907
9210/9907
9220/9907
9230/9907
9240/9907
9250/9907
9260/9907
9270/9907
9280/9907
9290/9907
9300/9907
9310/9907
9320/9907
9330/9907
9340/9907
9350/9907
9360/9907
9370/9907
9380/9907
9390/9907
9400/9907
9410/9907
9420/9907
9430/9907
9440/9907
9450/9907
9460/9907
9470/9907
9480/9907
9490/9907
9500/9907
9510/9907
9520/9907
9530/9907
9540/9907
9550/9907
9560/9907
9570/9907
9580/9907
9590/9907
9600/9907
9610/9907
9620/9907
9630/9907
9640/9907
9650/9907
9660/9907
9670/9907
9680/9907
9690/9907
9700/9907
9710/9907
9720/9907
9730/9907
9740/9907
9750/9907
9760/9907
9770/9907
9780/9907
9790/9907
9800/9907
9810/9907
9820/9907
9830/9907
9840/9907
9850/9907
9860/9907
9870/9907
9880/9907
9890/9907
9900/9907

 Method: WGAN-GP
Number of same peptides: 0
100/9986
200/9986
300/9986
400/9986
500/9986
600/9986
700/9986
800/9986
900/9986
1000/9986
1100/9986
1200/9986
1300/9986
1400/9986
1500/9986
1600/9986
1700/9986
1800/9986
1900/9986
2000/9986
2100/9986
2200/9986
2300/9986
2400/9986
2500/9986
2600/9986
2700/9986
2800/9986
2900/9986
3000/9986
3100/9986
3200/9986
3300/9986
3400/9986
3500/9986
3600/9986
3700/9986
3800/9986
3900/9986
4000/9986
4100/9986
4200/9986
4300/9986
4400/9986
4500/9986
4600/9986
4700/9986
4800/9986
4900/9986
5000/9986
5100/9986
5200/9986
5300/9986
5400/9986
5500/9986
5600/9986
5700/9986
5800/9986
5900/9986
6000/9986
6100/9986
6200/9986
6300/9986
6400/9986
6500/9986
6600/9986
6700/9986
6800/9986
6900/9986
7000/9986
7100/9986
7200/9986
7300/9986
7400/9986
7500/9986
7600/9986
7700/9986
7800/9986
7900/9986
8000/9986
8100/9986
8200/9986
8300/9986
8400/9986
8500/9986
8600/9986
8700/9986
8800/9986
8900/9986
9000/9986
9100/9986
9200/9986
9300/9986
9400/9986
9500/9986
9600/9986
9700/9986
9800/9986
9900/9986
outdir is ../../result/Goal-directed_WGAN-GP_Gamma0_25/epoch1000/
10/9986
20/9986
30/9986
40/9986
50/9986
60/9986
70/9986
80/9986
90/9986
100/9986
110/9986
120/9986
130/9986
140/9986
150/9986
160/9986
170/9986
180/9986
190/9986
200/9986
210/9986
220/9986
230/9986
240/9986
250/9986
260/9986
270/9986
280/9986
290/9986
300/9986
310/9986
320/9986
330/9986
340/9986
350/9986
360/9986
370/9986
380/9986
390/9986
400/9986
410/9986
420/9986
430/9986
440/9986
450/9986
460/9986
470/9986
480/9986
490/9986
500/9986
510/9986
520/9986
530/9986
540/9986
550/9986
560/9986
570/9986
580/9986
590/9986
600/9986
610/9986
620/9986
630/9986
640/9986
650/9986
660/9986
670/9986
680/9986
690/9986
700/9986
710/9986
720/9986
730/9986
740/9986
750/9986
760/9986
770/9986
780/9986
790/9986
800/9986
810/9986
820/9986
830/9986
840/9986
850/9986
860/9986
870/9986
880/9986
890/9986
900/9986
910/9986
920/9986
930/9986
940/9986
950/9986
960/9986
970/9986
980/9986
990/9986
1000/9986
1010/9986
1020/9986
1030/9986
1040/9986
1050/9986
1060/9986
1070/9986
1080/9986
1090/9986
1100/9986
1110/9986
1120/9986
1130/9986
1140/9986
1150/9986
1160/9986
1170/9986
1180/9986
1190/9986
1200/9986
1210/9986
1220/9986
1230/9986
1240/9986
1250/9986
1260/9986
1270/9986
1280/9986
1290/9986
1300/9986
1310/9986
1320/9986
1330/9986
1340/9986
1350/9986
1360/9986
1370/9986
1380/9986
1390/9986
1400/9986
1410/9986
1420/9986
1430/9986
1440/9986
1450/9986
1460/9986
1470/9986
1480/9986
1490/9986
1500/9986
1510/9986
1520/9986
1530/9986
1540/9986
1550/9986
1560/9986
1570/9986
1580/9986
1590/9986
1600/9986
1610/9986
1620/9986
1630/9986
1640/9986
1650/9986
1660/9986
1670/9986
1680/9986
1690/9986
1700/9986
1710/9986
1720/9986
1730/9986
1740/9986
1750/9986
1760/9986
1770/9986
1780/9986
1790/9986
1800/9986
1810/9986
1820/9986
1830/9986
1840/9986
1850/9986
1860/9986
1870/9986
1880/9986
1890/9986
1900/9986
1910/9986
1920/9986
1930/9986
1940/9986
1950/9986
1960/9986
1970/9986
1980/9986
1990/9986
2000/9986
2010/9986
2020/9986
2030/9986
2040/9986
2050/9986
2060/9986
2070/9986
2080/9986
2090/9986
2100/9986
2110/9986
2120/9986
2130/9986
2140/9986
2150/9986
2160/9986
2170/9986
2180/9986
2190/9986
2200/9986
2210/9986
2220/9986
2230/9986
2240/9986
2250/9986
2260/9986
2270/9986
2280/9986
2290/9986
2300/9986
2310/9986
2320/9986
2330/9986
2340/9986
2350/9986
2360/9986
2370/9986
2380/9986
2390/9986
2400/9986
2410/9986
2420/9986
2430/9986
2440/9986
2450/9986
2460/9986
2470/9986
2480/9986
2490/9986
2500/9986
2510/9986
2520/9986
2530/9986
2540/9986
2550/9986
2560/9986
2570/9986
2580/9986
2590/9986
2600/9986
2610/9986
2620/9986
2630/9986
2640/9986
2650/9986
2660/9986
2670/9986
2680/9986
2690/9986
2700/9986
2710/9986
2720/9986
2730/9986
2740/9986
2750/9986
2760/9986
2770/9986
2780/9986
2790/9986
2800/9986
2810/9986
2820/9986
2830/9986
2840/9986
2850/9986
2860/9986
2870/9986
2880/9986
2890/9986
2900/9986
2910/9986
2920/9986
2930/9986
2940/9986
2950/9986
2960/9986
2970/9986
2980/9986
2990/9986
3000/9986
3010/9986
3020/9986
3030/9986
3040/9986
3050/9986
3060/9986
3070/9986
3080/9986
3090/9986
3100/9986
3110/9986
3120/9986
3130/9986
3140/9986
3150/9986
3160/9986
3170/9986
3180/9986
3190/9986
3200/9986
3210/9986
3220/9986
3230/9986
3240/9986
3250/9986
3260/9986
3270/9986
3280/9986
3290/9986
3300/9986
3310/9986
3320/9986
3330/9986
3340/9986
3350/9986
3360/9986
3370/9986
3380/9986
3390/9986
3400/9986
3410/9986
3420/9986
3430/9986
3440/9986
3450/9986
3460/9986
3470/9986
3480/9986
3490/9986
3500/9986
3510/9986
3520/9986
3530/9986
3540/9986
3550/9986
3560/9986
3570/9986
3580/9986
3590/9986
3600/9986
3610/9986
3620/9986
3630/9986
3640/9986
3650/9986
3660/9986
3670/9986
3680/9986
3690/9986
3700/9986
3710/9986
3720/9986
3730/9986
3740/9986
3750/9986
3760/9986
3770/9986
3780/9986
3790/9986
3800/9986
3810/9986
3820/9986
3830/9986
3840/9986
3850/9986
3860/9986
3870/9986
3880/9986
3890/9986
3900/9986
3910/9986
3920/9986
3930/9986
3940/9986
3950/9986
3960/9986
3970/9986
3980/9986
3990/9986
4000/9986
4010/9986
4020/9986
4030/9986
4040/9986
4050/9986
4060/9986
4070/9986
4080/9986
4090/9986
4100/9986
4110/9986
4120/9986
4130/9986
4140/9986
4150/9986
4160/9986
4170/9986
4180/9986
4190/9986
4200/9986
4210/9986
4220/9986
4230/9986
4240/9986
4250/9986
4260/9986
4270/9986
4280/9986
4290/9986
4300/9986
4310/9986
4320/9986
4330/9986
4340/9986
4350/9986
4360/9986
4370/9986
4380/9986
4390/9986
4400/9986
4410/9986
4420/9986
4430/9986
4440/9986
4450/9986
4460/9986
4470/9986
4480/9986
4490/9986
4500/9986
4510/9986
4520/9986
4530/9986
4540/9986
4550/9986
4560/9986
4570/9986
4580/9986
4590/9986
4600/9986
4610/9986
4620/9986
4630/9986
4640/9986
4650/9986
4660/9986
4670/9986
4680/9986
4690/9986
4700/9986
4710/9986
4720/9986
4730/9986
4740/9986
4750/9986
4760/9986
4770/9986
4780/9986
4790/9986
4800/9986
4810/9986
4820/9986
4830/9986
4840/9986
4850/9986
4860/9986
4870/9986
4880/9986
4890/9986
4900/9986
4910/9986
4920/9986
4930/9986
4940/9986
4950/9986
4960/9986
4970/9986
4980/9986
4990/9986
5000/9986
5010/9986
5020/9986
5030/9986
5040/9986
5050/9986
5060/9986
5070/9986
5080/9986
5090/9986
5100/9986
5110/9986
5120/9986
5130/9986
5140/9986
5150/9986
5160/9986
5170/9986
5180/9986
5190/9986
5200/9986
5210/9986
5220/9986
5230/9986
5240/9986
5250/9986
5260/9986
5270/9986
5280/9986
5290/9986
5300/9986
5310/9986
5320/9986
5330/9986
5340/9986
5350/9986
5360/9986
5370/9986
5380/9986
5390/9986
5400/9986
5410/9986
5420/9986
5430/9986
5440/9986
5450/9986
5460/9986
5470/9986
5480/9986
5490/9986
5500/9986
5510/9986
5520/9986
5530/9986
5540/9986
5550/9986
5560/9986
5570/9986
5580/9986
5590/9986
5600/9986
5610/9986
5620/9986
5630/9986
5640/9986
5650/9986
5660/9986
5670/9986
5680/9986
5690/9986
5700/9986
5710/9986
5720/9986
5730/9986
5740/9986
5750/9986
5760/9986
5770/9986
5780/9986
5790/9986
5800/9986
5810/9986
5820/9986
5830/9986
5840/9986
5850/9986
5860/9986
5870/9986
5880/9986
5890/9986
5900/9986
5910/9986
5920/9986
5930/9986
5940/9986
5950/9986
5960/9986
5970/9986
5980/9986
5990/9986
6000/9986
6010/9986
6020/9986
6030/9986
6040/9986
6050/9986
6060/9986
6070/9986
6080/9986
6090/9986
6100/9986
6110/9986
6120/9986
6130/9986
6140/9986
6150/9986
6160/9986
6170/9986
6180/9986
6190/9986
6200/9986
6210/9986
6220/9986
6230/9986
6240/9986
6250/9986
6260/9986
6270/9986
6280/9986
6290/9986
6300/9986
6310/9986
6320/9986
6330/9986
6340/9986
6350/9986
6360/9986
6370/9986
6380/9986
6390/9986
6400/9986
6410/9986
6420/9986
6430/9986
6440/9986
6450/9986
6460/9986
6470/9986
6480/9986
6490/9986
6500/9986
6510/9986
6520/9986
6530/9986
6540/9986
6550/9986
6560/9986
6570/9986
6580/9986
6590/9986
6600/9986
6610/9986
6620/9986
6630/9986
6640/9986
6650/9986
6660/9986
6670/9986
6680/9986
6690/9986
6700/9986
6710/9986
6720/9986
6730/9986
6740/9986
6750/9986
6760/9986
6770/9986
6780/9986
6790/9986
6800/9986
6810/9986
6820/9986
6830/9986
6840/9986
6850/9986
6860/9986
6870/9986
6880/9986
6890/9986
6900/9986
6910/9986
6920/9986
6930/9986
6940/9986
6950/9986
6960/9986
6970/9986
6980/9986
6990/9986
7000/9986
7010/9986
7020/9986
7030/9986
7040/9986
7050/9986
7060/9986
7070/9986
7080/9986
7090/9986
7100/9986
7110/9986
7120/9986
7130/9986
7140/9986
7150/9986
7160/9986
7170/9986
7180/9986
7190/9986
7200/9986
7210/9986
7220/9986
7230/9986
7240/9986
7250/9986
7260/9986
7270/9986
7280/9986
7290/9986
7300/9986
7310/9986
7320/9986
7330/9986
7340/9986
7350/9986
7360/9986
7370/9986
7380/9986
7390/9986
7400/9986
7410/9986
7420/9986
7430/9986
7440/9986
7450/9986
7460/9986
7470/9986
7480/9986
7490/9986
7500/9986
7510/9986
7520/9986
7530/9986
7540/9986
7550/9986
7560/9986
7570/9986
7580/9986
7590/9986
7600/9986
7610/9986
7620/9986
7630/9986
7640/9986
7650/9986
7660/9986
7670/9986
7680/9986
7690/9986
7700/9986
7710/9986
7720/9986
7730/9986
7740/9986
7750/9986
7760/9986
7770/9986
7780/9986
7790/9986
7800/9986
7810/9986
7820/9986
7830/9986
7840/9986
7850/9986
7860/9986
7870/9986
7880/9986
7890/9986
7900/9986
7910/9986
7920/9986
7930/9986
7940/9986
7950/9986
7960/9986
7970/9986
7980/9986
7990/9986
8000/9986
8010/9986
8020/9986
8030/9986
8040/9986
8050/9986
8060/9986
8070/9986
8080/9986
8090/9986
8100/9986
8110/9986
8120/9986
8130/9986
8140/9986
8150/9986
8160/9986
8170/9986
8180/9986
8190/9986
8200/9986
8210/9986
8220/9986
8230/9986
8240/9986
8250/9986
8260/9986
8270/9986
8280/9986
8290/9986
8300/9986
8310/9986
8320/9986
8330/9986
8340/9986
8350/9986
8360/9986
8370/9986
8380/9986
8390/9986
8400/9986
8410/9986
8420/9986
8430/9986
8440/9986
8450/9986
8460/9986
8470/9986
8480/9986
8490/9986
8500/9986
8510/9986
8520/9986
8530/9986
8540/9986
8550/9986
8560/9986
8570/9986
8580/9986
8590/9986
8600/9986
8610/9986
8620/9986
8630/9986
8640/9986
8650/9986
8660/9986
8670/9986
8680/9986
8690/9986
8700/9986
8710/9986
8720/9986
8730/9986
8740/9986
8750/9986
8760/9986
8770/9986
8780/9986
8790/9986
8800/9986
8810/9986
8820/9986
8830/9986
8840/9986
8850/9986
8860/9986
8870/9986
8880/9986
8890/9986
8900/9986
8910/9986
8920/9986
8930/9986
8940/9986
8950/9986
8960/9986
8970/9986
8980/9986
8990/9986
9000/9986
9010/9986
9020/9986
9030/9986
9040/9986
9050/9986
9060/9986
9070/9986
9080/9986
9090/9986
9100/9986
9110/9986
9120/9986
9130/9986
9140/9986
9150/9986
9160/9986
9170/9986
9180/9986
9190/9986
9200/9986
9210/9986
9220/9986
9230/9986
9240/9986
9250/9986
9260/9986
9270/9986
9280/9986
9290/9986
9300/9986
9310/9986
9320/9986
9330/9986
9340/9986
9350/9986
9360/9986
9370/9986
9380/9986
9390/9986
9400/9986
9410/9986
9420/9986
9430/9986
9440/9986
9450/9986
9460/9986
9470/9986
9480/9986
9490/9986
9500/9986
9510/9986
9520/9986
9530/9986
9540/9986
9550/9986
9560/9986
9570/9986
9580/9986
9590/9986
9600/9986
9610/9986
9620/9986
9630/9986
9640/9986
9650/9986
9660/9986
9670/9986
9680/9986
9690/9986
9700/9986
9710/9986
9720/9986
9730/9986
9740/9986
9750/9986
9760/9986
9770/9986
9780/9986
9790/9986
9800/9986
9810/9986
9820/9986
9830/9986
9840/9986
9850/9986
9860/9986
9870/9986
9880/9986
9890/9986
9900/9986
9910/9986
9920/9986
9930/9986
9940/9986
9950/9986
9960/9986
9970/9986
9980/9986

 Method: Goal-directed_WGAN-GP_Gamma0_25
Number of same peptides: 1
100/9919
200/9919
300/9919
400/9919
500/9919
600/9919
700/9919
800/9919
900/9919
1000/9919
1100/9919
1200/9919
1300/9919
1400/9919
1500/9919
1600/9919
1700/9919
1800/9919
1900/9919
2000/9919
2100/9919
2200/9919
2300/9919
2400/9919
2500/9919
2600/9919
2700/9919
2800/9919
2900/9919
3000/9919
3100/9919
3200/9919
3300/9919
3400/9919
3500/9919
3600/9919
3700/9919
3800/9919
3900/9919
4000/9919
4100/9919
4200/9919
4300/9919
4400/9919
4500/9919
4600/9919
4700/9919
4800/9919
4900/9919
5000/9919
5100/9919
5200/9919
5300/9919
5400/9919
5500/9919
5600/9919
5700/9919
5800/9919
5900/9919
6000/9919
6100/9919
6200/9919
6300/9919
6400/9919
6500/9919
6600/9919
6700/9919
6800/9919
6900/9919
7000/9919
7100/9919
7200/9919
7300/9919
7400/9919
7500/9919
7600/9919
7700/9919
7800/9919
7900/9919
8000/9919
8100/9919
8200/9919
8300/9919
8400/9919
8500/9919
8600/9919
8700/9919
8800/9919
8900/9919
9000/9919
9100/9919
9200/9919
9300/9919
9400/9919
9500/9919
9600/9919
9700/9919
9800/9919
9900/9919
outdir is ../../result/Goal-directed_WGAN-GP_Gamma0_5/epoch1000/
10/9919
20/9919
30/9919
40/9919
50/9919
60/9919
70/9919
80/9919
90/9919
100/9919
110/9919
120/9919
130/9919
140/9919
150/9919
160/9919
170/9919
180/9919
190/9919
200/9919
210/9919
220/9919
230/9919
240/9919
250/9919
260/9919
270/9919
280/9919
290/9919
300/9919
310/9919
320/9919
330/9919
340/9919
350/9919
360/9919
370/9919
380/9919
390/9919
400/9919
410/9919
420/9919
430/9919
440/9919
450/9919
460/9919
470/9919
480/9919
490/9919
500/9919
510/9919
520/9919
530/9919
540/9919
550/9919
560/9919
570/9919
580/9919
590/9919
600/9919
610/9919
620/9919
630/9919
640/9919
650/9919
660/9919
670/9919
680/9919
690/9919
700/9919
710/9919
720/9919
730/9919
740/9919
750/9919
760/9919
770/9919
780/9919
790/9919
800/9919
810/9919
820/9919
830/9919
840/9919
850/9919
860/9919
870/9919
880/9919
890/9919
900/9919
910/9919
920/9919
930/9919
940/9919
950/9919
960/9919
970/9919
980/9919
990/9919
1000/9919
1010/9919
1020/9919
1030/9919
1040/9919
1050/9919
1060/9919
1070/9919
1080/9919
1090/9919
1100/9919
1110/9919
1120/9919
1130/9919
1140/9919
1150/9919
1160/9919
1170/9919
1180/9919
1190/9919
1200/9919
1210/9919
1220/9919
1230/9919
1240/9919
1250/9919
1260/9919
1270/9919
1280/9919
1290/9919
1300/9919
1310/9919
1320/9919
1330/9919
1340/9919
1350/9919
1360/9919
1370/9919
1380/9919
1390/9919
1400/9919
1410/9919
1420/9919
1430/9919
1440/9919
1450/9919
1460/9919
1470/9919
1480/9919
1490/9919
1500/9919
1510/9919
1520/9919
1530/9919
1540/9919
1550/9919
1560/9919
1570/9919
1580/9919
1590/9919
1600/9919
1610/9919
1620/9919
1630/9919
1640/9919
1650/9919
1660/9919
1670/9919
1680/9919
1690/9919
1700/9919
1710/9919
1720/9919
1730/9919
1740/9919
1750/9919
1760/9919
1770/9919
1780/9919
1790/9919
1800/9919
1810/9919
1820/9919
1830/9919
1840/9919
1850/9919
1860/9919
1870/9919
1880/9919
1890/9919
1900/9919
1910/9919
1920/9919
1930/9919
1940/9919
1950/9919
1960/9919
1970/9919
1980/9919
1990/9919
2000/9919
2010/9919
2020/9919
2030/9919
2040/9919
2050/9919
2060/9919
2070/9919
2080/9919
2090/9919
2100/9919
2110/9919
2120/9919
2130/9919
2140/9919
2150/9919
2160/9919
2170/9919
2180/9919
2190/9919
2200/9919
2210/9919
2220/9919
2230/9919
2240/9919
2250/9919
2260/9919
2270/9919
2280/9919
2290/9919
2300/9919
2310/9919
2320/9919
2330/9919
2340/9919
2350/9919
2360/9919
2370/9919
2380/9919
2390/9919
2400/9919
2410/9919
2420/9919
2430/9919
2440/9919
2450/9919
2460/9919
2470/9919
2480/9919
2490/9919
2500/9919
2510/9919
2520/9919
2530/9919
2540/9919
2550/9919
2560/9919
2570/9919
2580/9919
2590/9919
2600/9919
2610/9919
2620/9919
2630/9919
2640/9919
2650/9919
2660/9919
2670/9919
2680/9919
2690/9919
2700/9919
2710/9919
2720/9919
2730/9919
2740/9919
2750/9919
2760/9919
2770/9919
2780/9919
2790/9919
2800/9919
2810/9919
2820/9919
2830/9919
2840/9919
2850/9919
2860/9919
2870/9919
2880/9919
2890/9919
2900/9919
2910/9919
2920/9919
2930/9919
2940/9919
2950/9919
2960/9919
2970/9919
2980/9919
2990/9919
3000/9919
3010/9919
3020/9919
3030/9919
3040/9919
3050/9919
3060/9919
3070/9919
3080/9919
3090/9919
3100/9919
3110/9919
3120/9919
3130/9919
3140/9919
3150/9919
3160/9919
3170/9919
3180/9919
3190/9919
3200/9919
3210/9919
3220/9919
3230/9919
3240/9919
3250/9919
3260/9919
3270/9919
3280/9919
3290/9919
3300/9919
3310/9919
3320/9919
3330/9919
3340/9919
3350/9919
3360/9919
3370/9919
3380/9919
3390/9919
3400/9919
3410/9919
3420/9919
3430/9919
3440/9919
3450/9919
3460/9919
3470/9919
3480/9919
3490/9919
3500/9919
3510/9919
3520/9919
3530/9919
3540/9919
3550/9919
3560/9919
3570/9919
3580/9919
3590/9919
3600/9919
3610/9919
3620/9919
3630/9919
3640/9919
3650/9919
3660/9919
3670/9919
3680/9919
3690/9919
3700/9919
3710/9919
3720/9919
3730/9919
3740/9919
3750/9919
3760/9919
3770/9919
3780/9919
3790/9919
3800/9919
3810/9919
3820/9919
3830/9919
3840/9919
3850/9919
3860/9919
3870/9919
3880/9919
3890/9919
3900/9919
3910/9919
3920/9919
3930/9919
3940/9919
3950/9919
3960/9919
3970/9919
3980/9919
3990/9919
4000/9919
4010/9919
4020/9919
4030/9919
4040/9919
4050/9919
4060/9919
4070/9919
4080/9919
4090/9919
4100/9919
4110/9919
4120/9919
4130/9919
4140/9919
4150/9919
4160/9919
4170/9919
4180/9919
4190/9919
4200/9919
4210/9919
4220/9919
4230/9919
4240/9919
4250/9919
4260/9919
4270/9919
4280/9919
4290/9919
4300/9919
4310/9919
4320/9919
4330/9919
4340/9919
4350/9919
4360/9919
4370/9919
4380/9919
4390/9919
4400/9919
4410/9919
4420/9919
4430/9919
4440/9919
4450/9919
4460/9919
4470/9919
4480/9919
4490/9919
4500/9919
4510/9919
4520/9919
4530/9919
4540/9919
4550/9919
4560/9919
4570/9919
4580/9919
4590/9919
4600/9919
4610/9919
4620/9919
4630/9919
4640/9919
4650/9919
4660/9919
4670/9919
4680/9919
4690/9919
4700/9919
4710/9919
4720/9919
4730/9919
4740/9919
4750/9919
4760/9919
4770/9919
4780/9919
4790/9919
4800/9919
4810/9919
4820/9919
4830/9919
4840/9919
4850/9919
4860/9919
4870/9919
4880/9919
4890/9919
4900/9919
4910/9919
4920/9919
4930/9919
4940/9919
4950/9919
4960/9919
4970/9919
4980/9919
4990/9919
5000/9919
5010/9919
5020/9919
5030/9919
5040/9919
5050/9919
5060/9919
5070/9919
5080/9919
5090/9919
5100/9919
5110/9919
5120/9919
5130/9919
5140/9919
5150/9919
5160/9919
5170/9919
5180/9919
5190/9919
5200/9919
5210/9919
5220/9919
5230/9919
5240/9919
5250/9919
5260/9919
5270/9919
5280/9919
5290/9919
5300/9919
5310/9919
5320/9919
5330/9919
5340/9919
5350/9919
5360/9919
5370/9919
5380/9919
5390/9919
5400/9919
5410/9919
5420/9919
5430/9919
5440/9919
5450/9919
5460/9919
5470/9919
5480/9919
5490/9919
5500/9919
5510/9919
5520/9919
5530/9919
5540/9919
5550/9919
5560/9919
5570/9919
5580/9919
5590/9919
5600/9919
5610/9919
5620/9919
5630/9919
5640/9919
5650/9919
5660/9919
5670/9919
5680/9919
5690/9919
5700/9919
5710/9919
5720/9919
5730/9919
5740/9919
5750/9919
5760/9919
5770/9919
5780/9919
5790/9919
5800/9919
5810/9919
5820/9919
5830/9919
5840/9919
5850/9919
5860/9919
5870/9919
5880/9919
5890/9919
5900/9919
5910/9919
5920/9919
5930/9919
5940/9919
5950/9919
5960/9919
5970/9919
5980/9919
5990/9919
6000/9919
6010/9919
6020/9919
6030/9919
6040/9919
6050/9919
6060/9919
6070/9919
6080/9919
6090/9919
6100/9919
6110/9919
6120/9919
6130/9919
6140/9919
6150/9919
6160/9919
6170/9919
6180/9919
6190/9919
6200/9919
6210/9919
6220/9919
6230/9919
6240/9919
6250/9919
6260/9919
6270/9919
6280/9919
6290/9919
6300/9919
6310/9919
6320/9919
6330/9919
6340/9919
6350/9919
6360/9919
6370/9919
6380/9919
6390/9919
6400/9919
6410/9919
6420/9919
6430/9919
6440/9919
6450/9919
6460/9919
6470/9919
6480/9919
6490/9919
6500/9919
6510/9919
6520/9919
6530/9919
6540/9919
6550/9919
6560/9919
6570/9919
6580/9919
6590/9919
6600/9919
6610/9919
6620/9919
6630/9919
6640/9919
6650/9919
6660/9919
6670/9919
6680/9919
6690/9919
6700/9919
6710/9919
6720/9919
6730/9919
6740/9919
6750/9919
6760/9919
6770/9919
6780/9919
6790/9919
6800/9919
6810/9919
6820/9919
6830/9919
6840/9919
6850/9919
6860/9919
6870/9919
6880/9919
6890/9919
6900/9919
6910/9919
6920/9919
6930/9919
6940/9919
6950/9919
6960/9919
6970/9919
6980/9919
6990/9919
7000/9919
7010/9919
7020/9919
7030/9919
7040/9919
7050/9919
7060/9919
7070/9919
7080/9919
7090/9919
7100/9919
7110/9919
7120/9919
7130/9919
7140/9919
7150/9919
7160/9919
7170/9919
7180/9919
7190/9919
7200/9919
7210/9919
7220/9919
7230/9919
7240/9919
7250/9919
7260/9919
7270/9919
7280/9919
7290/9919
7300/9919
7310/9919
7320/9919
7330/9919
7340/9919
7350/9919
7360/9919
7370/9919
7380/9919
7390/9919
7400/9919
7410/9919
7420/9919
7430/9919
7440/9919
7450/9919
7460/9919
7470/9919
7480/9919
7490/9919
7500/9919
7510/9919
7520/9919
7530/9919
7540/9919
7550/9919
7560/9919
7570/9919
7580/9919
7590/9919
7600/9919
7610/9919
7620/9919
7630/9919
7640/9919
7650/9919
7660/9919
7670/9919
7680/9919
7690/9919
7700/9919
7710/9919
7720/9919
7730/9919
7740/9919
7750/9919
7760/9919
7770/9919
7780/9919
7790/9919
7800/9919
7810/9919
7820/9919
7830/9919
7840/9919
7850/9919
7860/9919
7870/9919
7880/9919
7890/9919
7900/9919
7910/9919
7920/9919
7930/9919
7940/9919
7950/9919
7960/9919
7970/9919
7980/9919
7990/9919
8000/9919
8010/9919
8020/9919
8030/9919
8040/9919
8050/9919
8060/9919
8070/9919
8080/9919
8090/9919
8100/9919
8110/9919
8120/9919
8130/9919
8140/9919
8150/9919
8160/9919
8170/9919
8180/9919
8190/9919
8200/9919
8210/9919
8220/9919
8230/9919
8240/9919
8250/9919
8260/9919
8270/9919
8280/9919
8290/9919
8300/9919
8310/9919
8320/9919
8330/9919
8340/9919
8350/9919
8360/9919
8370/9919
8380/9919
8390/9919
8400/9919
8410/9919
8420/9919
8430/9919
8440/9919
8450/9919
8460/9919
8470/9919
8480/9919
8490/9919
8500/9919
8510/9919
8520/9919
8530/9919
8540/9919
8550/9919
8560/9919
8570/9919
8580/9919
8590/9919
8600/9919
8610/9919
8620/9919
8630/9919
8640/9919
8650/9919
8660/9919
8670/9919
8680/9919
8690/9919
8700/9919
8710/9919
8720/9919
8730/9919
8740/9919
8750/9919
8760/9919
8770/9919
8780/9919
8790/9919
8800/9919
8810/9919
8820/9919
8830/9919
8840/9919
8850/9919
8860/9919
8870/9919
8880/9919
8890/9919
8900/9919
8910/9919
8920/9919
8930/9919
8940/9919
8950/9919
8960/9919
8970/9919
8980/9919
8990/9919
9000/9919
9010/9919
9020/9919
9030/9919
9040/9919
9050/9919
9060/9919
9070/9919
9080/9919
9090/9919
9100/9919
9110/9919
9120/9919
9130/9919
9140/9919
9150/9919
9160/9919
9170/9919
9180/9919
9190/9919
9200/9919
9210/9919
9220/9919
9230/9919
9240/9919
9250/9919
9260/9919
9270/9919
9280/9919
9290/9919
9300/9919
9310/9919
9320/9919
9330/9919
9340/9919
9350/9919
9360/9919
9370/9919
9380/9919
9390/9919
9400/9919
9410/9919
9420/9919
9430/9919
9440/9919
9450/9919
9460/9919
9470/9919
9480/9919
9490/9919
9500/9919
9510/9919
9520/9919
9530/9919
9540/9919
9550/9919
9560/9919
9570/9919
9580/9919
9590/9919
9600/9919
9610/9919
9620/9919
9630/9919
9640/9919
9650/9919
9660/9919
9670/9919
9680/9919
9690/9919
9700/9919
9710/9919
9720/9919
9730/9919
9740/9919
9750/9919
9760/9919
9770/9919
9780/9919
9790/9919
9800/9919
9810/9919
9820/9919
9830/9919
9840/9919
9850/9919
9860/9919
9870/9919
9880/9919
9890/9919
9900/9919
9910/9919

 Method: Goal-directed_WGAN-GP_Gamma0_5
Number of same peptides: 0
100/8139
200/8139
300/8139
400/8139
500/8139
600/8139
700/8139
800/8139
900/8139
1000/8139
1100/8139
1200/8139
1300/8139
1400/8139
1500/8139
1600/8139
1700/8139
1800/8139
1900/8139
2000/8139
2100/8139
2200/8139
2300/8139
2400/8139
2500/8139
2600/8139
2700/8139
2800/8139
2900/8139
3000/8139
3100/8139
3200/8139
3300/8139
3400/8139
3500/8139
3600/8139
3700/8139
3800/8139
3900/8139
4000/8139
4100/8139
4200/8139
4300/8139
4400/8139
4500/8139
4600/8139
4700/8139
4800/8139
4900/8139
5000/8139
5100/8139
5200/8139
5300/8139
5400/8139
5500/8139
5600/8139
5700/8139
5800/8139
5900/8139
6000/8139
6100/8139
6200/8139
6300/8139
6400/8139
6500/8139
6600/8139
6700/8139
6800/8139
6900/8139
7000/8139
7100/8139
7200/8139
7300/8139
7400/8139
7500/8139
7600/8139
7700/8139
7800/8139
7900/8139
8000/8139
8100/8139
outdir is ../../result/Goal-directed_WGAN-GP_Gamma0_75/epoch1000/
10/8139
20/8139
30/8139
40/8139
50/8139
60/8139
70/8139
80/8139
90/8139
100/8139
110/8139
120/8139
130/8139
140/8139
150/8139
160/8139
170/8139
180/8139
190/8139
200/8139
210/8139
220/8139
230/8139
240/8139
250/8139
260/8139
270/8139
280/8139
290/8139
300/8139
310/8139
320/8139
330/8139
340/8139
350/8139
360/8139
370/8139
380/8139
390/8139
400/8139
410/8139
420/8139
430/8139
440/8139
450/8139
460/8139
470/8139
480/8139
490/8139
500/8139
510/8139
520/8139
530/8139
540/8139
550/8139
560/8139
570/8139
580/8139
590/8139
600/8139
610/8139
620/8139
630/8139
640/8139
650/8139
660/8139
670/8139
680/8139
690/8139
700/8139
710/8139
720/8139
730/8139
740/8139
750/8139
760/8139
770/8139
780/8139
790/8139
800/8139
810/8139
820/8139
830/8139
840/8139
850/8139
860/8139
870/8139
880/8139
890/8139
900/8139
910/8139
920/8139
930/8139
940/8139
950/8139
960/8139
970/8139
980/8139
990/8139
1000/8139
1010/8139
1020/8139
1030/8139
1040/8139
1050/8139
1060/8139
1070/8139
1080/8139
1090/8139
1100/8139
1110/8139
1120/8139
1130/8139
1140/8139
1150/8139
1160/8139
1170/8139
1180/8139
1190/8139
1200/8139
1210/8139
1220/8139
1230/8139
1240/8139
1250/8139
1260/8139
1270/8139
1280/8139
1290/8139
1300/8139
1310/8139
1320/8139
1330/8139
1340/8139
1350/8139
1360/8139
1370/8139
1380/8139
1390/8139
1400/8139
1410/8139
1420/8139
1430/8139
1440/8139
1450/8139
1460/8139
1470/8139
1480/8139
1490/8139
1500/8139
1510/8139
1520/8139
1530/8139
1540/8139
1550/8139
1560/8139
1570/8139
1580/8139
1590/8139
1600/8139
1610/8139
1620/8139
1630/8139
1640/8139
1650/8139
1660/8139
1670/8139
1680/8139
1690/8139
1700/8139
1710/8139
1720/8139
1730/8139
1740/8139
1750/8139
1760/8139
1770/8139
1780/8139
1790/8139
1800/8139
1810/8139
1820/8139
1830/8139
1840/8139
1850/8139
1860/8139
1870/8139
1880/8139
1890/8139
1900/8139
1910/8139
1920/8139
1930/8139
1940/8139
1950/8139
1960/8139
1970/8139
1980/8139
1990/8139
2000/8139
2010/8139
2020/8139
2030/8139
2040/8139
2050/8139
2060/8139
2070/8139
2080/8139
2090/8139
2100/8139
2110/8139
2120/8139
2130/8139
2140/8139
2150/8139
2160/8139
2170/8139
2180/8139
2190/8139
2200/8139
2210/8139
2220/8139
2230/8139
2240/8139
2250/8139
2260/8139
2270/8139
2280/8139
2290/8139
2300/8139
2310/8139
2320/8139
2330/8139
2340/8139
2350/8139
2360/8139
2370/8139
2380/8139
2390/8139
2400/8139
2410/8139
2420/8139
2430/8139
2440/8139
2450/8139
2460/8139
2470/8139
2480/8139
2490/8139
2500/8139
2510/8139
2520/8139
2530/8139
2540/8139
2550/8139
2560/8139
2570/8139
2580/8139
2590/8139
2600/8139
2610/8139
2620/8139
2630/8139
2640/8139
2650/8139
2660/8139
2670/8139
2680/8139
2690/8139
2700/8139
2710/8139
2720/8139
2730/8139
2740/8139
2750/8139
2760/8139
2770/8139
2780/8139
2790/8139
2800/8139
2810/8139
2820/8139
2830/8139
2840/8139
2850/8139
2860/8139
2870/8139
2880/8139
2890/8139
2900/8139
2910/8139
2920/8139
2930/8139
2940/8139
2950/8139
2960/8139
2970/8139
2980/8139
2990/8139
3000/8139
3010/8139
3020/8139
3030/8139
3040/8139
3050/8139
3060/8139
3070/8139
3080/8139
3090/8139
3100/8139
3110/8139
3120/8139
3130/8139
3140/8139
3150/8139
3160/8139
3170/8139
3180/8139
3190/8139
3200/8139
3210/8139
3220/8139
3230/8139
3240/8139
3250/8139
3260/8139
3270/8139
3280/8139
3290/8139
3300/8139
3310/8139
3320/8139
3330/8139
3340/8139
3350/8139
3360/8139
3370/8139
3380/8139
3390/8139
3400/8139
3410/8139
3420/8139
3430/8139
3440/8139
3450/8139
3460/8139
3470/8139
3480/8139
3490/8139
3500/8139
3510/8139
3520/8139
3530/8139
3540/8139
3550/8139
3560/8139
3570/8139
3580/8139
3590/8139
3600/8139
3610/8139
3620/8139
3630/8139
3640/8139
3650/8139
3660/8139
3670/8139
3680/8139
3690/8139
3700/8139
3710/8139
3720/8139
3730/8139
3740/8139
3750/8139
3760/8139
3770/8139
3780/8139
3790/8139
3800/8139
3810/8139
3820/8139
3830/8139
3840/8139
3850/8139
3860/8139
3870/8139
3880/8139
3890/8139
3900/8139
3910/8139
3920/8139
3930/8139
3940/8139
3950/8139
3960/8139
3970/8139
3980/8139
3990/8139
4000/8139
4010/8139
4020/8139
4030/8139
4040/8139
4050/8139
4060/8139
4070/8139
4080/8139
4090/8139
4100/8139
4110/8139
4120/8139
4130/8139
4140/8139
4150/8139
4160/8139
4170/8139
4180/8139
4190/8139
4200/8139
4210/8139
4220/8139
4230/8139
4240/8139
4250/8139
4260/8139
4270/8139
4280/8139
4290/8139
4300/8139
4310/8139
4320/8139
4330/8139
4340/8139
4350/8139
4360/8139
4370/8139
4380/8139
4390/8139
4400/8139
4410/8139
4420/8139
4430/8139
4440/8139
4450/8139
4460/8139
4470/8139
4480/8139
4490/8139
4500/8139
4510/8139
4520/8139
4530/8139
4540/8139
4550/8139
4560/8139
4570/8139
4580/8139
4590/8139
4600/8139
4610/8139
4620/8139
4630/8139
4640/8139
4650/8139
4660/8139
4670/8139
4680/8139
4690/8139
4700/8139
4710/8139
4720/8139
4730/8139
4740/8139
4750/8139
4760/8139
4770/8139
4780/8139
4790/8139
4800/8139
4810/8139
4820/8139
4830/8139
4840/8139
4850/8139
4860/8139
4870/8139
4880/8139
4890/8139
4900/8139
4910/8139
4920/8139
4930/8139
4940/8139
4950/8139
4960/8139
4970/8139
4980/8139
4990/8139
5000/8139
5010/8139
5020/8139
5030/8139
5040/8139
5050/8139
5060/8139
5070/8139
5080/8139
5090/8139
5100/8139
5110/8139
5120/8139
5130/8139
5140/8139
5150/8139
5160/8139
5170/8139
5180/8139
5190/8139
5200/8139
5210/8139
5220/8139
5230/8139
5240/8139
5250/8139
5260/8139
5270/8139
5280/8139
5290/8139
5300/8139
5310/8139
5320/8139
5330/8139
5340/8139
5350/8139
5360/8139
5370/8139
5380/8139
5390/8139
5400/8139
5410/8139
5420/8139
5430/8139
5440/8139
5450/8139
5460/8139
5470/8139
5480/8139
5490/8139
5500/8139
5510/8139
5520/8139
5530/8139
5540/8139
5550/8139
5560/8139
5570/8139
5580/8139
5590/8139
5600/8139
5610/8139
5620/8139
5630/8139
5640/8139
5650/8139
5660/8139
5670/8139
5680/8139
5690/8139
5700/8139
5710/8139
5720/8139
5730/8139
5740/8139
5750/8139
5760/8139
5770/8139
5780/8139
5790/8139
5800/8139
5810/8139
5820/8139
5830/8139
5840/8139
5850/8139
5860/8139
5870/8139
5880/8139
5890/8139
5900/8139
5910/8139
5920/8139
5930/8139
5940/8139
5950/8139
5960/8139
5970/8139
5980/8139
5990/8139
6000/8139
6010/8139
6020/8139
6030/8139
6040/8139
6050/8139
6060/8139
6070/8139
6080/8139
6090/8139
6100/8139
6110/8139
6120/8139
6130/8139
6140/8139
6150/8139
6160/8139
6170/8139
6180/8139
6190/8139
6200/8139
6210/8139
6220/8139
6230/8139
6240/8139
6250/8139
6260/8139
6270/8139
6280/8139
6290/8139
6300/8139
6310/8139
6320/8139
6330/8139
6340/8139
6350/8139
6360/8139
6370/8139
6380/8139
6390/8139
6400/8139
6410/8139
6420/8139
6430/8139
6440/8139
6450/8139
6460/8139
6470/8139
6480/8139
6490/8139
6500/8139
6510/8139
6520/8139
6530/8139
6540/8139
6550/8139
6560/8139
6570/8139
6580/8139
6590/8139
6600/8139
6610/8139
6620/8139
6630/8139
6640/8139
6650/8139
6660/8139
6670/8139
6680/8139
6690/8139
6700/8139
6710/8139
6720/8139
6730/8139
6740/8139
6750/8139
6760/8139
6770/8139
6780/8139
6790/8139
6800/8139
6810/8139
6820/8139
6830/8139
6840/8139
6850/8139
6860/8139
6870/8139
6880/8139
6890/8139
6900/8139
6910/8139
6920/8139
6930/8139
6940/8139
6950/8139
6960/8139
6970/8139
6980/8139
6990/8139
7000/8139
7010/8139
7020/8139
7030/8139
7040/8139
7050/8139
7060/8139
7070/8139
7080/8139
7090/8139
7100/8139
7110/8139
7120/8139
7130/8139
7140/8139
7150/8139
7160/8139
7170/8139
7180/8139
7190/8139
7200/8139
7210/8139
7220/8139
7230/8139
7240/8139
7250/8139
7260/8139
7270/8139
7280/8139
7290/8139
7300/8139
7310/8139
7320/8139
7330/8139
7340/8139
7350/8139
7360/8139
7370/8139
7380/8139
7390/8139
7400/8139
7410/8139
7420/8139
7430/8139
7440/8139
7450/8139
7460/8139
7470/8139
7480/8139
7490/8139
7500/8139
7510/8139
7520/8139
7530/8139
7540/8139
7550/8139
7560/8139
7570/8139
7580/8139
7590/8139
7600/8139
7610/8139
7620/8139
7630/8139
7640/8139
7650/8139
7660/8139
7670/8139
7680/8139
7690/8139
7700/8139
7710/8139
7720/8139
7730/8139
7740/8139
7750/8139
7760/8139
7770/8139
7780/8139
7790/8139
7800/8139
7810/8139
7820/8139
7830/8139
7840/8139
7850/8139
7860/8139
7870/8139
7880/8139
7890/8139
7900/8139
7910/8139
7920/8139
7930/8139
7940/8139
7950/8139
7960/8139
7970/8139
7980/8139
7990/8139
8000/8139
8010/8139
8020/8139
8030/8139
8040/8139
8050/8139
8060/8139
8070/8139
8080/8139
8090/8139
8100/8139
8110/8139
8120/8139
8130/8139

 Method: Goal-directed_WGAN-GP_Gamma0_75
Number of same peptides: 0
100/9958
200/9958
300/9958
400/9958
500/9958
600/9958
700/9958
800/9958
900/9958
1000/9958
1100/9958
1200/9958
1300/9958
1400/9958
1500/9958
1600/9958
1700/9958
1800/9958
1900/9958
2000/9958
2100/9958
2200/9958
2300/9958
2400/9958
2500/9958
2600/9958
2700/9958
2800/9958
2900/9958
3000/9958
3100/9958
3200/9958
3300/9958
3400/9958
3500/9958
3600/9958
3700/9958
3800/9958
3900/9958
4000/9958
4100/9958
4200/9958
4300/9958
4400/9958
4500/9958
4600/9958
4700/9958
4800/9958
4900/9958
5000/9958
5100/9958
5200/9958
5300/9958
5400/9958
5500/9958
5600/9958
5700/9958
5800/9958
5900/9958
6000/9958
6100/9958
6200/9958
6300/9958
6400/9958
6500/9958
6600/9958
6700/9958
6800/9958
6900/9958
7000/9958
7100/9958
7200/9958
7300/9958
7400/9958
7500/9958
7600/9958
7700/9958
7800/9958
7900/9958
8000/9958
8100/9958
8200/9958
8300/9958
8400/9958
8500/9958
8600/9958
8700/9958
8800/9958
8900/9958
9000/9958
9100/9958
9200/9958
9300/9958
9400/9958
9500/9958
9600/9958
9700/9958
9800/9958
9900/9958
outdir is ../../result/Goal-directed_WGAN-GP_noRewardNet/epoch1000/
10/9958
20/9958
30/9958
40/9958
50/9958
60/9958
70/9958
80/9958
90/9958
100/9958
110/9958
120/9958
130/9958
140/9958
150/9958
160/9958
170/9958
180/9958
190/9958
200/9958
210/9958
220/9958
230/9958
240/9958
250/9958
260/9958
270/9958
280/9958
290/9958
300/9958
310/9958
320/9958
330/9958
340/9958
350/9958
360/9958
370/9958
380/9958
390/9958
400/9958
410/9958
420/9958
430/9958
440/9958
450/9958
460/9958
470/9958
480/9958
490/9958
500/9958
510/9958
520/9958
530/9958
540/9958
550/9958
560/9958
570/9958
580/9958
590/9958
600/9958
610/9958
620/9958
630/9958
640/9958
650/9958
660/9958
670/9958
680/9958
690/9958
700/9958
710/9958
720/9958
730/9958
740/9958
750/9958
760/9958
770/9958
780/9958
790/9958
800/9958
810/9958
820/9958
830/9958
840/9958
850/9958
860/9958
870/9958
880/9958
890/9958
900/9958
910/9958
920/9958
930/9958
940/9958
950/9958
960/9958
970/9958
980/9958
990/9958
1000/9958
1010/9958
1020/9958
1030/9958
1040/9958
1050/9958
1060/9958
1070/9958
1080/9958
1090/9958
1100/9958
1110/9958
1120/9958
1130/9958
1140/9958
1150/9958
1160/9958
1170/9958
1180/9958
1190/9958
1200/9958
1210/9958
1220/9958
1230/9958
1240/9958
1250/9958
1260/9958
1270/9958
1280/9958
1290/9958
1300/9958
1310/9958
1320/9958
1330/9958
1340/9958
1350/9958
1360/9958
1370/9958
1380/9958
1390/9958
1400/9958
1410/9958
1420/9958
1430/9958
1440/9958
1450/9958
1460/9958
1470/9958
1480/9958
1490/9958
1500/9958
1510/9958
1520/9958
1530/9958
1540/9958
1550/9958
1560/9958
1570/9958
1580/9958
1590/9958
1600/9958
1610/9958
1620/9958
1630/9958
1640/9958
1650/9958
1660/9958
1670/9958
1680/9958
1690/9958
1700/9958
1710/9958
1720/9958
1730/9958
1740/9958
1750/9958
1760/9958
1770/9958
1780/9958
1790/9958
1800/9958
1810/9958
1820/9958
1830/9958
1840/9958
1850/9958
1860/9958
1870/9958
1880/9958
1890/9958
1900/9958
1910/9958
1920/9958
1930/9958
1940/9958
1950/9958
1960/9958
1970/9958
1980/9958
1990/9958
2000/9958
2010/9958
2020/9958
2030/9958
2040/9958
2050/9958
2060/9958
2070/9958
2080/9958
2090/9958
2100/9958
2110/9958
2120/9958
2130/9958
2140/9958
2150/9958
2160/9958
2170/9958
2180/9958
2190/9958
2200/9958
2210/9958
2220/9958
2230/9958
2240/9958
2250/9958
2260/9958
2270/9958
2280/9958
2290/9958
2300/9958
2310/9958
2320/9958
2330/9958
2340/9958
2350/9958
2360/9958
2370/9958
2380/9958
2390/9958
2400/9958
2410/9958
2420/9958
2430/9958
2440/9958
2450/9958
2460/9958
2470/9958
2480/9958
2490/9958
2500/9958
2510/9958
2520/9958
2530/9958
2540/9958
2550/9958
2560/9958
2570/9958
2580/9958
2590/9958
2600/9958
2610/9958
2620/9958
2630/9958
2640/9958
2650/9958
2660/9958
2670/9958
2680/9958
2690/9958
2700/9958
2710/9958
2720/9958
2730/9958
2740/9958
2750/9958
2760/9958
2770/9958
2780/9958
2790/9958
2800/9958
2810/9958
2820/9958
2830/9958
2840/9958
2850/9958
2860/9958
2870/9958
2880/9958
2890/9958
2900/9958
2910/9958
2920/9958
2930/9958
2940/9958
2950/9958
2960/9958
2970/9958
2980/9958
2990/9958
3000/9958
3010/9958
3020/9958
3030/9958
3040/9958
3050/9958
3060/9958
3070/9958
3080/9958
3090/9958
3100/9958
3110/9958
3120/9958
3130/9958
3140/9958
3150/9958
3160/9958
3170/9958
3180/9958
3190/9958
3200/9958
3210/9958
3220/9958
3230/9958
3240/9958
3250/9958
3260/9958
3270/9958
3280/9958
3290/9958
3300/9958
3310/9958
3320/9958
3330/9958
3340/9958
3350/9958
3360/9958
3370/9958
3380/9958
3390/9958
3400/9958
3410/9958
3420/9958
3430/9958
3440/9958
3450/9958
3460/9958
3470/9958
3480/9958
3490/9958
3500/9958
3510/9958
3520/9958
3530/9958
3540/9958
3550/9958
3560/9958
3570/9958
3580/9958
3590/9958
3600/9958
3610/9958
3620/9958
3630/9958
3640/9958
3650/9958
3660/9958
3670/9958
3680/9958
3690/9958
3700/9958
3710/9958
3720/9958
3730/9958
3740/9958
3750/9958
3760/9958
3770/9958
3780/9958
3790/9958
3800/9958
3810/9958
3820/9958
3830/9958
3840/9958
3850/9958
3860/9958
3870/9958
3880/9958
3890/9958
3900/9958
3910/9958
3920/9958
3930/9958
3940/9958
3950/9958
3960/9958
3970/9958
3980/9958
3990/9958
4000/9958
4010/9958
4020/9958
4030/9958
4040/9958
4050/9958
4060/9958
4070/9958
4080/9958
4090/9958
4100/9958
4110/9958
4120/9958
4130/9958
4140/9958
4150/9958
4160/9958
4170/9958
4180/9958
4190/9958
4200/9958
4210/9958
4220/9958
4230/9958
4240/9958
4250/9958
4260/9958
4270/9958
4280/9958
4290/9958
4300/9958
4310/9958
4320/9958
4330/9958
4340/9958
4350/9958
4360/9958
4370/9958
4380/9958
4390/9958
4400/9958
4410/9958
4420/9958
4430/9958
4440/9958
4450/9958
4460/9958
4470/9958
4480/9958
4490/9958
4500/9958
4510/9958
4520/9958
4530/9958
4540/9958
4550/9958
4560/9958
4570/9958
4580/9958
4590/9958
4600/9958
4610/9958
4620/9958
4630/9958
4640/9958
4650/9958
4660/9958
4670/9958
4680/9958
4690/9958
4700/9958
4710/9958
4720/9958
4730/9958
4740/9958
4750/9958
4760/9958
4770/9958
4780/9958
4790/9958
4800/9958
4810/9958
4820/9958
4830/9958
4840/9958
4850/9958
4860/9958
4870/9958
4880/9958
4890/9958
4900/9958
4910/9958
4920/9958
4930/9958
4940/9958
4950/9958
4960/9958
4970/9958
4980/9958
4990/9958
5000/9958
5010/9958
5020/9958
5030/9958
5040/9958
5050/9958
5060/9958
5070/9958
5080/9958
5090/9958
5100/9958
5110/9958
5120/9958
5130/9958
5140/9958
5150/9958
5160/9958
5170/9958
5180/9958
5190/9958
5200/9958
5210/9958
5220/9958
5230/9958
5240/9958
5250/9958
5260/9958
5270/9958
5280/9958
5290/9958
5300/9958
5310/9958
5320/9958
5330/9958
5340/9958
5350/9958
5360/9958
5370/9958
5380/9958
5390/9958
5400/9958
5410/9958
5420/9958
5430/9958
5440/9958
5450/9958
5460/9958
5470/9958
5480/9958
5490/9958
5500/9958
5510/9958
5520/9958
5530/9958
5540/9958
5550/9958
5560/9958
5570/9958
5580/9958
5590/9958
5600/9958
5610/9958
5620/9958
5630/9958
5640/9958
5650/9958
5660/9958
5670/9958
5680/9958
5690/9958
5700/9958
5710/9958
5720/9958
5730/9958
5740/9958
5750/9958
5760/9958
5770/9958
5780/9958
5790/9958
5800/9958
5810/9958
5820/9958
5830/9958
5840/9958
5850/9958
5860/9958
5870/9958
5880/9958
5890/9958
5900/9958
5910/9958
5920/9958
5930/9958
5940/9958
5950/9958
5960/9958
5970/9958
5980/9958
5990/9958
6000/9958
6010/9958
6020/9958
6030/9958
6040/9958
6050/9958
6060/9958
6070/9958
6080/9958
6090/9958
6100/9958
6110/9958
6120/9958
6130/9958
6140/9958
6150/9958
6160/9958
6170/9958
6180/9958
6190/9958
6200/9958
6210/9958
6220/9958
6230/9958
6240/9958
6250/9958
6260/9958
6270/9958
6280/9958
6290/9958
6300/9958
6310/9958
6320/9958
6330/9958
6340/9958
6350/9958
6360/9958
6370/9958
6380/9958
6390/9958
6400/9958
6410/9958
6420/9958
6430/9958
6440/9958
6450/9958
6460/9958
6470/9958
6480/9958
6490/9958
6500/9958
6510/9958
6520/9958
6530/9958
6540/9958
6550/9958
6560/9958
6570/9958
6580/9958
6590/9958
6600/9958
6610/9958
6620/9958
6630/9958
6640/9958
6650/9958
6660/9958
6670/9958
6680/9958
6690/9958
6700/9958
6710/9958
6720/9958
6730/9958
6740/9958
6750/9958
6760/9958
6770/9958
6780/9958
6790/9958
6800/9958
6810/9958
6820/9958
6830/9958
6840/9958
6850/9958
6860/9958
6870/9958
6880/9958
6890/9958
6900/9958
6910/9958
6920/9958
6930/9958
6940/9958
6950/9958
6960/9958
6970/9958
6980/9958
6990/9958
7000/9958
7010/9958
7020/9958
7030/9958
7040/9958
7050/9958
7060/9958
7070/9958
7080/9958
7090/9958
7100/9958
7110/9958
7120/9958
7130/9958
7140/9958
7150/9958
7160/9958
7170/9958
7180/9958
7190/9958
7200/9958
7210/9958
7220/9958
7230/9958
7240/9958
7250/9958
7260/9958
7270/9958
7280/9958
7290/9958
7300/9958
7310/9958
7320/9958
7330/9958
7340/9958
7350/9958
7360/9958
7370/9958
7380/9958
7390/9958
7400/9958
7410/9958
7420/9958
7430/9958
7440/9958
7450/9958
7460/9958
7470/9958
7480/9958
7490/9958
7500/9958
7510/9958
7520/9958
7530/9958
7540/9958
7550/9958
7560/9958
7570/9958
7580/9958
7590/9958
7600/9958
7610/9958
7620/9958
7630/9958
7640/9958
7650/9958
7660/9958
7670/9958
7680/9958
7690/9958
7700/9958
7710/9958
7720/9958
7730/9958
7740/9958
7750/9958
7760/9958
7770/9958
7780/9958
7790/9958
7800/9958
7810/9958
7820/9958
7830/9958
7840/9958
7850/9958
7860/9958
7870/9958
7880/9958
7890/9958
7900/9958
7910/9958
7920/9958
7930/9958
7940/9958
7950/9958
7960/9958
7970/9958
7980/9958
7990/9958
8000/9958
8010/9958
8020/9958
8030/9958
8040/9958
8050/9958
8060/9958
8070/9958
8080/9958
8090/9958
8100/9958
8110/9958
8120/9958
8130/9958
8140/9958
8150/9958
8160/9958
8170/9958
8180/9958
8190/9958
8200/9958
8210/9958
8220/9958
8230/9958
8240/9958
8250/9958
8260/9958
8270/9958
8280/9958
8290/9958
8300/9958
8310/9958
8320/9958
8330/9958
8340/9958
8350/9958
8360/9958
8370/9958
8380/9958
8390/9958
8400/9958
8410/9958
8420/9958
8430/9958
8440/9958
8450/9958
8460/9958
8470/9958
8480/9958
8490/9958
8500/9958
8510/9958
8520/9958
8530/9958
8540/9958
8550/9958
8560/9958
8570/9958
8580/9958
8590/9958
8600/9958
8610/9958
8620/9958
8630/9958
8640/9958
8650/9958
8660/9958
8670/9958
8680/9958
8690/9958
8700/9958
8710/9958
8720/9958
8730/9958
8740/9958
8750/9958
8760/9958
8770/9958
8780/9958
8790/9958
8800/9958
8810/9958
8820/9958
8830/9958
8840/9958
8850/9958
8860/9958
8870/9958
8880/9958
8890/9958
8900/9958
8910/9958
8920/9958
8930/9958
8940/9958
8950/9958
8960/9958
8970/9958
8980/9958
8990/9958
9000/9958
9010/9958
9020/9958
9030/9958
9040/9958
9050/9958
9060/9958
9070/9958
9080/9958
9090/9958
9100/9958
9110/9958
9120/9958
9130/9958
9140/9958
9150/9958
9160/9958
9170/9958
9180/9958
9190/9958
9200/9958
9210/9958
9220/9958
9230/9958
9240/9958
9250/9958
9260/9958
9270/9958
9280/9958
9290/9958
9300/9958
9310/9958
9320/9958
9330/9958
9340/9958
9350/9958
9360/9958
9370/9958
9380/9958
9390/9958
9400/9958
9410/9958
9420/9958
9430/9958
9440/9958
9450/9958
9460/9958
9470/9958
9480/9958
9490/9958
9500/9958
9510/9958
9520/9958
9530/9958
9540/9958
9550/9958
9560/9958
9570/9958
9580/9958
9590/9958
9600/9958
9610/9958
9620/9958
9630/9958
9640/9958
9650/9958
9660/9958
9670/9958
9680/9958
9690/9958
9700/9958
9710/9958
9720/9958
9730/9958
9740/9958
9750/9958
9760/9958
9770/9958
9780/9958
9790/9958
9800/9958
9810/9958
9820/9958
9830/9958
9840/9958
9850/9958
9860/9958
9870/9958
9880/9958
9890/9958
9900/9958
9910/9958
9920/9958
9930/9958
9940/9958
9950/9958

 Method: Goal-directed_WGAN-GP_noRewardNet
Number of same peptides: 0
100/9975
200/9975
300/9975
400/9975
500/9975
600/9975
700/9975
800/9975
900/9975
1000/9975
1100/9975
1200/9975
1300/9975
1400/9975
1500/9975
1600/9975
1700/9975
1800/9975
1900/9975
2000/9975
2100/9975
2200/9975
2300/9975
2400/9975
2500/9975
2600/9975
2700/9975
2800/9975
2900/9975
3000/9975
3100/9975
3200/9975
3300/9975
3400/9975
3500/9975
3600/9975
3700/9975
3800/9975
3900/9975
4000/9975
4100/9975
4200/9975
4300/9975
4400/9975
4500/9975
4600/9975
4700/9975
4800/9975
4900/9975
5000/9975
5100/9975
5200/9975
5300/9975
5400/9975
5500/9975
5600/9975
5700/9975
5800/9975
5900/9975
6000/9975
6100/9975
6200/9975
6300/9975
6400/9975
6500/9975
6600/9975
6700/9975
6800/9975
6900/9975
7000/9975
7100/9975
7200/9975
7300/9975
7400/9975
7500/9975
7600/9975
7700/9975
7800/9975
7900/9975
8000/9975
8100/9975
8200/9975
8300/9975
8400/9975
8500/9975
8600/9975
8700/9975
8800/9975
8900/9975
9000/9975
9100/9975
9200/9975
9300/9975
9400/9975
9500/9975
9600/9975
9700/9975
9800/9975
9900/9975
outdir is ../../result/Goal-directed_WGAN-GP_noSscale/epoch1000/
10/9975
20/9975
30/9975
40/9975
50/9975
60/9975
70/9975
80/9975
90/9975
100/9975
110/9975
120/9975
130/9975
140/9975
150/9975
160/9975
170/9975
180/9975
190/9975
200/9975
210/9975
220/9975
230/9975
240/9975
250/9975
260/9975
270/9975
280/9975
290/9975
300/9975
310/9975
320/9975
330/9975
340/9975
350/9975
360/9975
370/9975
380/9975
390/9975
400/9975
410/9975
420/9975
430/9975
440/9975
450/9975
460/9975
470/9975
480/9975
490/9975
500/9975
510/9975
520/9975
530/9975
540/9975
550/9975
560/9975
570/9975
580/9975
590/9975
600/9975
610/9975
620/9975
630/9975
640/9975
650/9975
660/9975
670/9975
680/9975
690/9975
700/9975
710/9975
720/9975
730/9975
740/9975
750/9975
760/9975
770/9975
780/9975
790/9975
800/9975
810/9975
820/9975
830/9975
840/9975
850/9975
860/9975
870/9975
880/9975
890/9975
900/9975
910/9975
920/9975
930/9975
940/9975
950/9975
960/9975
970/9975
980/9975
990/9975
1000/9975
1010/9975
1020/9975
1030/9975
1040/9975
1050/9975
1060/9975
1070/9975
1080/9975
1090/9975
1100/9975
1110/9975
1120/9975
1130/9975
1140/9975
1150/9975
1160/9975
1170/9975
1180/9975
1190/9975
1200/9975
1210/9975
1220/9975
1230/9975
1240/9975
1250/9975
1260/9975
1270/9975
1280/9975
1290/9975
1300/9975
1310/9975
1320/9975
1330/9975
1340/9975
1350/9975
1360/9975
1370/9975
1380/9975
1390/9975
1400/9975
1410/9975
1420/9975
1430/9975
1440/9975
1450/9975
1460/9975
1470/9975
1480/9975
1490/9975
1500/9975
1510/9975
1520/9975
1530/9975
1540/9975
1550/9975
1560/9975
1570/9975
1580/9975
1590/9975
1600/9975
1610/9975
1620/9975
1630/9975
1640/9975
1650/9975
1660/9975
1670/9975
1680/9975
1690/9975
1700/9975
1710/9975
1720/9975
1730/9975
1740/9975
1750/9975
1760/9975
1770/9975
1780/9975
1790/9975
1800/9975
1810/9975
1820/9975
1830/9975
1840/9975
1850/9975
1860/9975
1870/9975
1880/9975
1890/9975
1900/9975
1910/9975
1920/9975
1930/9975
1940/9975
1950/9975
1960/9975
1970/9975
1980/9975
1990/9975
2000/9975
2010/9975
2020/9975
2030/9975
2040/9975
2050/9975
2060/9975
2070/9975
2080/9975
2090/9975
2100/9975
2110/9975
2120/9975
2130/9975
2140/9975
2150/9975
2160/9975
2170/9975
2180/9975
2190/9975
2200/9975
2210/9975
2220/9975
2230/9975
2240/9975
2250/9975
2260/9975
2270/9975
2280/9975
2290/9975
2300/9975
2310/9975
2320/9975
2330/9975
2340/9975
2350/9975
2360/9975
2370/9975
2380/9975
2390/9975
2400/9975
2410/9975
2420/9975
2430/9975
2440/9975
2450/9975
2460/9975
2470/9975
2480/9975
2490/9975
2500/9975
2510/9975
2520/9975
2530/9975
2540/9975
2550/9975
2560/9975
2570/9975
2580/9975
2590/9975
2600/9975
2610/9975
2620/9975
2630/9975
2640/9975
2650/9975
2660/9975
2670/9975
2680/9975
2690/9975
2700/9975
2710/9975
2720/9975
2730/9975
2740/9975
2750/9975
2760/9975
2770/9975
2780/9975
2790/9975
2800/9975
2810/9975
2820/9975
2830/9975
2840/9975
2850/9975
2860/9975
2870/9975
2880/9975
2890/9975
2900/9975
2910/9975
2920/9975
2930/9975
2940/9975
2950/9975
2960/9975
2970/9975
2980/9975
2990/9975
3000/9975
3010/9975
3020/9975
3030/9975
3040/9975
3050/9975
3060/9975
3070/9975
3080/9975
3090/9975
3100/9975
3110/9975
3120/9975
3130/9975
3140/9975
3150/9975
3160/9975
3170/9975
3180/9975
3190/9975
3200/9975
3210/9975
3220/9975
3230/9975
3240/9975
3250/9975
3260/9975
3270/9975
3280/9975
3290/9975
3300/9975
3310/9975
3320/9975
3330/9975
3340/9975
3350/9975
3360/9975
3370/9975
3380/9975
3390/9975
3400/9975
3410/9975
3420/9975
3430/9975
3440/9975
3450/9975
3460/9975
3470/9975
3480/9975
3490/9975
3500/9975
3510/9975
3520/9975
3530/9975
3540/9975
3550/9975
3560/9975
3570/9975
3580/9975
3590/9975
3600/9975
3610/9975
3620/9975
3630/9975
3640/9975
3650/9975
3660/9975
3670/9975
3680/9975
3690/9975
3700/9975
3710/9975
3720/9975
3730/9975
3740/9975
3750/9975
3760/9975
3770/9975
3780/9975
3790/9975
3800/9975
3810/9975
3820/9975
3830/9975
3840/9975
3850/9975
3860/9975
3870/9975
3880/9975
3890/9975
3900/9975
3910/9975
3920/9975
3930/9975
3940/9975
3950/9975
3960/9975
3970/9975
3980/9975
3990/9975
4000/9975
4010/9975
4020/9975
4030/9975
4040/9975
4050/9975
4060/9975
4070/9975
4080/9975
4090/9975
4100/9975
4110/9975
4120/9975
4130/9975
4140/9975
4150/9975
4160/9975
4170/9975
4180/9975
4190/9975
4200/9975
4210/9975
4220/9975
4230/9975
4240/9975
4250/9975
4260/9975
4270/9975
4280/9975
4290/9975
4300/9975
4310/9975
4320/9975
4330/9975
4340/9975
4350/9975
4360/9975
4370/9975
4380/9975
4390/9975
4400/9975
4410/9975
4420/9975
4430/9975
4440/9975
4450/9975
4460/9975
4470/9975
4480/9975
4490/9975
4500/9975
4510/9975
4520/9975
4530/9975
4540/9975
4550/9975
4560/9975
4570/9975
4580/9975
4590/9975
4600/9975
4610/9975
4620/9975
4630/9975
4640/9975
4650/9975
4660/9975
4670/9975
4680/9975
4690/9975
4700/9975
4710/9975
4720/9975
4730/9975
4740/9975
4750/9975
4760/9975
4770/9975
4780/9975
4790/9975
4800/9975
4810/9975
4820/9975
4830/9975
4840/9975
4850/9975
4860/9975
4870/9975
4880/9975
4890/9975
4900/9975
4910/9975
4920/9975
4930/9975
4940/9975
4950/9975
4960/9975
4970/9975
4980/9975
4990/9975
5000/9975
5010/9975
5020/9975
5030/9975
5040/9975
5050/9975
5060/9975
5070/9975
5080/9975
5090/9975
5100/9975
5110/9975
5120/9975
5130/9975
5140/9975
5150/9975
5160/9975
5170/9975
5180/9975
5190/9975
5200/9975
5210/9975
5220/9975
5230/9975
5240/9975
5250/9975
5260/9975
5270/9975
5280/9975
5290/9975
5300/9975
5310/9975
5320/9975
5330/9975
5340/9975
5350/9975
5360/9975
5370/9975
5380/9975
5390/9975
5400/9975
5410/9975
5420/9975
5430/9975
5440/9975
5450/9975
5460/9975
5470/9975
5480/9975
5490/9975
5500/9975
5510/9975
5520/9975
5530/9975
5540/9975
5550/9975
5560/9975
5570/9975
5580/9975
5590/9975
5600/9975
5610/9975
5620/9975
5630/9975
5640/9975
5650/9975
5660/9975
5670/9975
5680/9975
5690/9975
5700/9975
5710/9975
5720/9975
5730/9975
5740/9975
5750/9975
5760/9975
5770/9975
5780/9975
5790/9975
5800/9975
5810/9975
5820/9975
5830/9975
5840/9975
5850/9975
5860/9975
5870/9975
5880/9975
5890/9975
5900/9975
5910/9975
5920/9975
5930/9975
5940/9975
5950/9975
5960/9975
5970/9975
5980/9975
5990/9975
6000/9975
6010/9975
6020/9975
6030/9975
6040/9975
6050/9975
6060/9975
6070/9975
6080/9975
6090/9975
6100/9975
6110/9975
6120/9975
6130/9975
6140/9975
6150/9975
6160/9975
6170/9975
6180/9975
6190/9975
6200/9975
6210/9975
6220/9975
6230/9975
6240/9975
6250/9975
6260/9975
6270/9975
6280/9975
6290/9975
6300/9975
6310/9975
6320/9975
6330/9975
6340/9975
6350/9975
6360/9975
6370/9975
6380/9975
6390/9975
6400/9975
6410/9975
6420/9975
6430/9975
6440/9975
6450/9975
6460/9975
6470/9975
6480/9975
6490/9975
6500/9975
6510/9975
6520/9975
6530/9975
6540/9975
6550/9975
6560/9975
6570/9975
6580/9975
6590/9975
6600/9975
6610/9975
6620/9975
6630/9975
6640/9975
6650/9975
6660/9975
6670/9975
6680/9975
6690/9975
6700/9975
6710/9975
6720/9975
6730/9975
6740/9975
6750/9975
6760/9975
6770/9975
6780/9975
6790/9975
6800/9975
6810/9975
6820/9975
6830/9975
6840/9975
6850/9975
6860/9975
6870/9975
6880/9975
6890/9975
6900/9975
6910/9975
6920/9975
6930/9975
6940/9975
6950/9975
6960/9975
6970/9975
6980/9975
6990/9975
7000/9975
7010/9975
7020/9975
7030/9975
7040/9975
7050/9975
7060/9975
7070/9975
7080/9975
7090/9975
7100/9975
7110/9975
7120/9975
7130/9975
7140/9975
7150/9975
7160/9975
7170/9975
7180/9975
7190/9975
7200/9975
7210/9975
7220/9975
7230/9975
7240/9975
7250/9975
7260/9975
7270/9975
7280/9975
7290/9975
7300/9975
7310/9975
7320/9975
7330/9975
7340/9975
7350/9975
7360/9975
7370/9975
7380/9975
7390/9975
7400/9975
7410/9975
7420/9975
7430/9975
7440/9975
7450/9975
7460/9975
7470/9975
7480/9975
7490/9975
7500/9975
7510/9975
7520/9975
7530/9975
7540/9975
7550/9975
7560/9975
7570/9975
7580/9975
7590/9975
7600/9975
7610/9975
7620/9975
7630/9975
7640/9975
7650/9975
7660/9975
7670/9975
7680/9975
7690/9975
7700/9975
7710/9975
7720/9975
7730/9975
7740/9975
7750/9975
7760/9975
7770/9975
7780/9975
7790/9975
7800/9975
7810/9975
7820/9975
7830/9975
7840/9975
7850/9975
7860/9975
7870/9975
7880/9975
7890/9975
7900/9975
7910/9975
7920/9975
7930/9975
7940/9975
7950/9975
7960/9975
7970/9975
7980/9975
7990/9975
8000/9975
8010/9975
8020/9975
8030/9975
8040/9975
8050/9975
8060/9975
8070/9975
8080/9975
8090/9975
8100/9975
8110/9975
8120/9975
8130/9975
8140/9975
8150/9975
8160/9975
8170/9975
8180/9975
8190/9975
8200/9975
8210/9975
8220/9975
8230/9975
8240/9975
8250/9975
8260/9975
8270/9975
8280/9975
8290/9975
8300/9975
8310/9975
8320/9975
8330/9975
8340/9975
8350/9975
8360/9975
8370/9975
8380/9975
8390/9975
8400/9975
8410/9975
8420/9975
8430/9975
8440/9975
8450/9975
8460/9975
8470/9975
8480/9975
8490/9975
8500/9975
8510/9975
8520/9975
8530/9975
8540/9975
8550/9975
8560/9975
8570/9975
8580/9975
8590/9975
8600/9975
8610/9975
8620/9975
8630/9975
8640/9975
8650/9975
8660/9975
8670/9975
8680/9975
8690/9975
8700/9975
8710/9975
8720/9975
8730/9975
8740/9975
8750/9975
8760/9975
8770/9975
8780/9975
8790/9975
8800/9975
8810/9975
8820/9975
8830/9975
8840/9975
8850/9975
8860/9975
8870/9975
8880/9975
8890/9975
8900/9975
8910/9975
8920/9975
8930/9975
8940/9975
8950/9975
8960/9975
8970/9975
8980/9975
8990/9975
9000/9975
9010/9975
9020/9975
9030/9975
9040/9975
9050/9975
9060/9975
9070/9975
9080/9975
9090/9975
9100/9975
9110/9975
9120/9975
9130/9975
9140/9975
9150/9975
9160/9975
9170/9975
9180/9975
9190/9975
9200/9975
9210/9975
9220/9975
9230/9975
9240/9975
9250/9975
9260/9975
9270/9975
9280/9975
9290/9975
9300/9975
9310/9975
9320/9975
9330/9975
9340/9975
9350/9975
9360/9975
9370/9975
9380/9975
9390/9975
9400/9975
9410/9975
9420/9975
9430/9975
9440/9975
9450/9975
9460/9975
9470/9975
9480/9975
9490/9975
9500/9975
9510/9975
9520/9975
9530/9975
9540/9975
9550/9975
9560/9975
9570/9975
9580/9975
9590/9975
9600/9975
9610/9975
9620/9975
9630/9975
9640/9975
9650/9975
9660/9975
9670/9975
9680/9975
9690/9975
9700/9975
9710/9975
9720/9975
9730/9975
9740/9975
9750/9975
9760/9975
9770/9975
9780/9975
9790/9975
9800/9975
9810/9975
9820/9975
9830/9975
9840/9975
9850/9975
9860/9975
9870/9975
9880/9975
9890/9975
9900/9975
9910/9975
9920/9975
9930/9975
9940/9975
9950/9975
9960/9975
9970/9975

 Method: Goal-directed_WGAN-GP_noSscale
Number of same peptides: 0
outdir is ../../result/GD_WGAN_wclip_MolGAN_Gamma0_DScalar_Loss_MyPredictor/epoch1000/

 Method: GD_WGAN_wclip_MolGAN_Gamma0_DScalar_Loss_MyPredictor
Number of same peptides: 0
100/1163
200/1163
300/1163
400/1163
500/1163
600/1163
700/1163
800/1163
900/1163
1000/1163
1100/1163
outdir is ../../result/GD_WGAN_wclip_MolGAN_DScalar_Loss_MyPredictor/epoch1000/
10/1163
20/1163
30/1163
40/1163
50/1163
60/1163
70/1163
80/1163
90/1163
100/1163
110/1163
120/1163
130/1163
140/1163
150/1163
160/1163
170/1163
180/1163
190/1163
200/1163
210/1163
220/1163
230/1163
240/1163
250/1163
260/1163
270/1163
280/1163
290/1163
300/1163
310/1163
320/1163
330/1163
340/1163
350/1163
360/1163
370/1163
380/1163
390/1163
400/1163
410/1163
420/1163
430/1163
440/1163
450/1163
460/1163
470/1163
480/1163
490/1163
500/1163
510/1163
520/1163
530/1163
540/1163
550/1163
560/1163
570/1163
580/1163
590/1163
600/1163
610/1163
620/1163
630/1163
640/1163
650/1163
660/1163
670/1163
680/1163
690/1163
700/1163
710/1163
720/1163
730/1163
740/1163
750/1163
760/1163
770/1163
780/1163
790/1163
800/1163
810/1163
820/1163
830/1163
840/1163
850/1163
860/1163
870/1163
880/1163
890/1163
900/1163
910/1163
920/1163
930/1163
940/1163
950/1163
960/1163
970/1163
980/1163
990/1163
1000/1163
1010/1163
1020/1163
1030/1163
1040/1163
1050/1163
1060/1163
1070/1163
1080/1163
1090/1163
1100/1163
1110/1163
1120/1163
1130/1163
1140/1163
1150/1163
1160/1163

 Method: GD_WGAN_wclip_MolGAN_DScalar_Loss_MyPredictor
Number of same peptides: 0
outdir is ../../result/GD_WGAN_wclip_OR_MolGAN_Gamma0_DScalar_Loss_MyPredictor/epoch1000/

 Method: GD_WGAN_wclip_OR_MolGAN_Gamma0_DScalar_Loss_MyPredictor
Number of same peptides: 0
100/9934
200/9934
300/9934
400/9934
500/9934
600/9934
700/9934
800/9934
900/9934
1000/9934
1100/9934
1200/9934
1300/9934
1400/9934
1500/9934
1600/9934
1700/9934
1800/9934
1900/9934
2000/9934
2100/9934
2200/9934
2300/9934
2400/9934
2500/9934
2600/9934
2700/9934
2800/9934
2900/9934
3000/9934
3100/9934
3200/9934
3300/9934
3400/9934
3500/9934
3600/9934
3700/9934
3800/9934
3900/9934
4000/9934
4100/9934
4200/9934
4300/9934
4400/9934
4500/9934
4600/9934
4700/9934
4800/9934
4900/9934
5000/9934
5100/9934
5200/9934
5300/9934
5400/9934
5500/9934
5600/9934
5700/9934
5800/9934
5900/9934
6000/9934
6100/9934
6200/9934
6300/9934
6400/9934
6500/9934
6600/9934
6700/9934
6800/9934
6900/9934
7000/9934
7100/9934
7200/9934
7300/9934
7400/9934
7500/9934
7600/9934
7700/9934
7800/9934
7900/9934
8000/9934
8100/9934
8200/9934
8300/9934
8400/9934
8500/9934
8600/9934
8700/9934
8800/9934
8900/9934
9000/9934
9100/9934
9200/9934
9300/9934
9400/9934
9500/9934
9600/9934
9700/9934
9800/9934
9900/9934
outdir is ../../result/Goal-directed_WGAN-GP_ORGAN/epoch1000/
10/9934
20/9934
30/9934
40/9934
50/9934
60/9934
70/9934
80/9934
90/9934
100/9934
110/9934
120/9934
130/9934
140/9934
150/9934
160/9934
170/9934
180/9934
190/9934
200/9934
210/9934
220/9934
230/9934
240/9934
250/9934
260/9934
270/9934
280/9934
290/9934
300/9934
310/9934
320/9934
330/9934
340/9934
350/9934
360/9934
370/9934
380/9934
390/9934
400/9934
410/9934
420/9934
430/9934
440/9934
450/9934
460/9934
470/9934
480/9934
490/9934
500/9934
510/9934
520/9934
530/9934
540/9934
550/9934
560/9934
570/9934
580/9934
590/9934
600/9934
610/9934
620/9934
630/9934
640/9934
650/9934
660/9934
670/9934
680/9934
690/9934
700/9934
710/9934
720/9934
730/9934
740/9934
750/9934
760/9934
770/9934
780/9934
790/9934
800/9934
810/9934
820/9934
830/9934
840/9934
850/9934
860/9934
870/9934
880/9934
890/9934
900/9934
910/9934
920/9934
930/9934
940/9934
950/9934
960/9934
970/9934
980/9934
990/9934
1000/9934
1010/9934
1020/9934
1030/9934
1040/9934
1050/9934
1060/9934
1070/9934
1080/9934
1090/9934
1100/9934
1110/9934
1120/9934
1130/9934
1140/9934
1150/9934
1160/9934
1170/9934
1180/9934
1190/9934
1200/9934
1210/9934
1220/9934
1230/9934
1240/9934
1250/9934
1260/9934
1270/9934
1280/9934
1290/9934
1300/9934
1310/9934
1320/9934
1330/9934
1340/9934
1350/9934
1360/9934
1370/9934
1380/9934
1390/9934
1400/9934
1410/9934
1420/9934
1430/9934
1440/9934
1450/9934
1460/9934
1470/9934
1480/9934
1490/9934
1500/9934
1510/9934
1520/9934
1530/9934
1540/9934
1550/9934
1560/9934
1570/9934
1580/9934
1590/9934
1600/9934
1610/9934
1620/9934
1630/9934
1640/9934
1650/9934
1660/9934
1670/9934
1680/9934
1690/9934
1700/9934
1710/9934
1720/9934
1730/9934
1740/9934
1750/9934
1760/9934
1770/9934
1780/9934
1790/9934
1800/9934
1810/9934
1820/9934
1830/9934
1840/9934
1850/9934
1860/9934
1870/9934
1880/9934
1890/9934
1900/9934
1910/9934
1920/9934
1930/9934
1940/9934
1950/9934
1960/9934
1970/9934
1980/9934
1990/9934
2000/9934
2010/9934
2020/9934
2030/9934
2040/9934
2050/9934
2060/9934
2070/9934
2080/9934
2090/9934
2100/9934
2110/9934
2120/9934
2130/9934
2140/9934
2150/9934
2160/9934
2170/9934
2180/9934
2190/9934
2200/9934
2210/9934
2220/9934
2230/9934
2240/9934
2250/9934
2260/9934
2270/9934
2280/9934
2290/9934
2300/9934
2310/9934
2320/9934
2330/9934
2340/9934
2350/9934
2360/9934
2370/9934
2380/9934
2390/9934
2400/9934
2410/9934
2420/9934
2430/9934
2440/9934
2450/9934
2460/9934
2470/9934
2480/9934
2490/9934
2500/9934
2510/9934
2520/9934
2530/9934
2540/9934
2550/9934
2560/9934
2570/9934
2580/9934
2590/9934
2600/9934
2610/9934
2620/9934
2630/9934
2640/9934
2650/9934
2660/9934
2670/9934
2680/9934
2690/9934
2700/9934
2710/9934
2720/9934
2730/9934
2740/9934
2750/9934
2760/9934
2770/9934
2780/9934
2790/9934
2800/9934
2810/9934
2820/9934
2830/9934
2840/9934
2850/9934
2860/9934
2870/9934
2880/9934
2890/9934
2900/9934
2910/9934
2920/9934
2930/9934
2940/9934
2950/9934
2960/9934
2970/9934
2980/9934
2990/9934
3000/9934
3010/9934
3020/9934
3030/9934
3040/9934
3050/9934
3060/9934
3070/9934
3080/9934
3090/9934
3100/9934
3110/9934
3120/9934
3130/9934
3140/9934
3150/9934
3160/9934
3170/9934
3180/9934
3190/9934
3200/9934
3210/9934
3220/9934
3230/9934
3240/9934
3250/9934
3260/9934
3270/9934
3280/9934
3290/9934
3300/9934
3310/9934
3320/9934
3330/9934
3340/9934
3350/9934
3360/9934
3370/9934
3380/9934
3390/9934
3400/9934
3410/9934
3420/9934
3430/9934
3440/9934
3450/9934
3460/9934
3470/9934
3480/9934
3490/9934
3500/9934
3510/9934
3520/9934
3530/9934
3540/9934
3550/9934
3560/9934
3570/9934
3580/9934
3590/9934
3600/9934
3610/9934
3620/9934
3630/9934
3640/9934
3650/9934
3660/9934
3670/9934
3680/9934
3690/9934
3700/9934
3710/9934
3720/9934
3730/9934
3740/9934
3750/9934
3760/9934
3770/9934
3780/9934
3790/9934
3800/9934
3810/9934
3820/9934
3830/9934
3840/9934
3850/9934
3860/9934
3870/9934
3880/9934
3890/9934
3900/9934
3910/9934
3920/9934
3930/9934
3940/9934
3950/9934
3960/9934
3970/9934
3980/9934
3990/9934
4000/9934
4010/9934
4020/9934
4030/9934
4040/9934
4050/9934
4060/9934
4070/9934
4080/9934
4090/9934
4100/9934
4110/9934
4120/9934
4130/9934
4140/9934
4150/9934
4160/9934
4170/9934
4180/9934
4190/9934
4200/9934
4210/9934
4220/9934
4230/9934
4240/9934
4250/9934
4260/9934
4270/9934
4280/9934
4290/9934
4300/9934
4310/9934
4320/9934
4330/9934
4340/9934
4350/9934
4360/9934
4370/9934
4380/9934
4390/9934
4400/9934
4410/9934
4420/9934
4430/9934
4440/9934
4450/9934
4460/9934
4470/9934
4480/9934
4490/9934
4500/9934
4510/9934
4520/9934
4530/9934
4540/9934
4550/9934
4560/9934
4570/9934
4580/9934
4590/9934
4600/9934
4610/9934
4620/9934
4630/9934
4640/9934
4650/9934
4660/9934
4670/9934
4680/9934
4690/9934
4700/9934
4710/9934
4720/9934
4730/9934
4740/9934
4750/9934
4760/9934
4770/9934
4780/9934
4790/9934
4800/9934
4810/9934
4820/9934
4830/9934
4840/9934
4850/9934
4860/9934
4870/9934
4880/9934
4890/9934
4900/9934
4910/9934
4920/9934
4930/9934
4940/9934
4950/9934
4960/9934
4970/9934
4980/9934
4990/9934
5000/9934
5010/9934
5020/9934
5030/9934
5040/9934
5050/9934
5060/9934
5070/9934
5080/9934
5090/9934
5100/9934
5110/9934
5120/9934
5130/9934
5140/9934
5150/9934
5160/9934
5170/9934
5180/9934
5190/9934
5200/9934
5210/9934
5220/9934
5230/9934
5240/9934
5250/9934
5260/9934
5270/9934
5280/9934
5290/9934
5300/9934
5310/9934
5320/9934
5330/9934
5340/9934
5350/9934
5360/9934
5370/9934
5380/9934
5390/9934
5400/9934
5410/9934
5420/9934
5430/9934
5440/9934
5450/9934
5460/9934
5470/9934
5480/9934
5490/9934
5500/9934
5510/9934
5520/9934
5530/9934
5540/9934
5550/9934
5560/9934
5570/9934
5580/9934
5590/9934
5600/9934
5610/9934
5620/9934
5630/9934
5640/9934
5650/9934
5660/9934
5670/9934
5680/9934
5690/9934
5700/9934
5710/9934
5720/9934
5730/9934
5740/9934
5750/9934
5760/9934
5770/9934
5780/9934
5790/9934
5800/9934
5810/9934
5820/9934
5830/9934
5840/9934
5850/9934
5860/9934
5870/9934
5880/9934
5890/9934
5900/9934
5910/9934
5920/9934
5930/9934
5940/9934
5950/9934
5960/9934
5970/9934
5980/9934
5990/9934
6000/9934
6010/9934
6020/9934
6030/9934
6040/9934
6050/9934
6060/9934
6070/9934
6080/9934
6090/9934
6100/9934
6110/9934
6120/9934
6130/9934
6140/9934
6150/9934
6160/9934
6170/9934
6180/9934
6190/9934
6200/9934
6210/9934
6220/9934
6230/9934
6240/9934
6250/9934
6260/9934
6270/9934
6280/9934
6290/9934
6300/9934
6310/9934
6320/9934
6330/9934
6340/9934
6350/9934
6360/9934
6370/9934
6380/9934
6390/9934
6400/9934
6410/9934
6420/9934
6430/9934
6440/9934
6450/9934
6460/9934
6470/9934
6480/9934
6490/9934
6500/9934
6510/9934
6520/9934
6530/9934
6540/9934
6550/9934
6560/9934
6570/9934
6580/9934
6590/9934
6600/9934
6610/9934
6620/9934
6630/9934
6640/9934
6650/9934
6660/9934
6670/9934
6680/9934
6690/9934
6700/9934
6710/9934
6720/9934
6730/9934
6740/9934
6750/9934
6760/9934
6770/9934
6780/9934
6790/9934
6800/9934
6810/9934
6820/9934
6830/9934
6840/9934
6850/9934
6860/9934
6870/9934
6880/9934
6890/9934
6900/9934
6910/9934
6920/9934
6930/9934
6940/9934
6950/9934
6960/9934
6970/9934
6980/9934
6990/9934
7000/9934
7010/9934
7020/9934
7030/9934
7040/9934
7050/9934
7060/9934
7070/9934
7080/9934
7090/9934
7100/9934
7110/9934
7120/9934
7130/9934
7140/9934
7150/9934
7160/9934
7170/9934
7180/9934
7190/9934
7200/9934
7210/9934
7220/9934
7230/9934
7240/9934
7250/9934
7260/9934
7270/9934
7280/9934
7290/9934
7300/9934
7310/9934
7320/9934
7330/9934
7340/9934
7350/9934
7360/9934
7370/9934
7380/9934
7390/9934
7400/9934
7410/9934
7420/9934
7430/9934
7440/9934
7450/9934
7460/9934
7470/9934
7480/9934
7490/9934
7500/9934
7510/9934
7520/9934
7530/9934
7540/9934
7550/9934
7560/9934
7570/9934
7580/9934
7590/9934
7600/9934
7610/9934
7620/9934
7630/9934
7640/9934
7650/9934
7660/9934
7670/9934
7680/9934
7690/9934
7700/9934
7710/9934
7720/9934
7730/9934
7740/9934
7750/9934
7760/9934
7770/9934
7780/9934
7790/9934
7800/9934
7810/9934
7820/9934
7830/9934
7840/9934
7850/9934
7860/9934
7870/9934
7880/9934
7890/9934
7900/9934
7910/9934
7920/9934
7930/9934
7940/9934
7950/9934
7960/9934
7970/9934
7980/9934
7990/9934
8000/9934
8010/9934
8020/9934
8030/9934
8040/9934
8050/9934
8060/9934
8070/9934
8080/9934
8090/9934
8100/9934
8110/9934
8120/9934
8130/9934
8140/9934
8150/9934
8160/9934
8170/9934
8180/9934
8190/9934
8200/9934
8210/9934
8220/9934
8230/9934
8240/9934
8250/9934
8260/9934
8270/9934
8280/9934
8290/9934
8300/9934
8310/9934
8320/9934
8330/9934
8340/9934
8350/9934
8360/9934
8370/9934
8380/9934
8390/9934
8400/9934
8410/9934
8420/9934
8430/9934
8440/9934
8450/9934
8460/9934
8470/9934
8480/9934
8490/9934
8500/9934
8510/9934
8520/9934
8530/9934
8540/9934
8550/9934
8560/9934
8570/9934
8580/9934
8590/9934
8600/9934
8610/9934
8620/9934
8630/9934
8640/9934
8650/9934
8660/9934
8670/9934
8680/9934
8690/9934
8700/9934
8710/9934
8720/9934
8730/9934
8740/9934
8750/9934
8760/9934
8770/9934
8780/9934
8790/9934
8800/9934
8810/9934
8820/9934
8830/9934
8840/9934
8850/9934
8860/9934
8870/9934
8880/9934
8890/9934
8900/9934
8910/9934
8920/9934
8930/9934
8940/9934
8950/9934
8960/9934
8970/9934
8980/9934
8990/9934
9000/9934
9010/9934
9020/9934
9030/9934
9040/9934
9050/9934
9060/9934
9070/9934
9080/9934
9090/9934
9100/9934
9110/9934
9120/9934
9130/9934
9140/9934
9150/9934
9160/9934
9170/9934
9180/9934
9190/9934
9200/9934
9210/9934
9220/9934
9230/9934
9240/9934
9250/9934
9260/9934
9270/9934
9280/9934
9290/9934
9300/9934
9310/9934
9320/9934
9330/9934
9340/9934
9350/9934
9360/9934
9370/9934
9380/9934
9390/9934
9400/9934
9410/9934
9420/9934
9430/9934
9440/9934
9450/9934
9460/9934
9470/9934
9480/9934
9490/9934
9500/9934
9510/9934
9520/9934
9530/9934
9540/9934
9550/9934
9560/9934
9570/9934
9580/9934
9590/9934
9600/9934
9610/9934
9620/9934
9630/9934
9640/9934
9650/9934
9660/9934
9670/9934
9680/9934
9690/9934
9700/9934
9710/9934
9720/9934
9730/9934
9740/9934
9750/9934
9760/9934
9770/9934
9780/9934
9790/9934
9800/9934
9810/9934
9820/9934
9830/9934
9840/9934
9850/9934
9860/9934
9870/9934
9880/9934
9890/9934
9900/9934
9910/9934
9920/9934
9930/9934

 Method: Goal-directed_WGAN-GP_ORGAN
Number of same peptides: 0
