100/7352
200/7352
300/7352
400/7352
500/7352
600/7352
700/7352
800/7352
900/7352
1000/7352
1100/7352
1200/7352
1300/7352
1400/7352
1500/7352
1600/7352
1700/7352
1800/7352
1900/7352
2000/7352
2100/7352
2200/7352
2300/7352
2400/7352
2500/7352
2600/7352
2700/7352
2800/7352
2900/7352
3000/7352
3100/7352
3200/7352
3300/7352
3400/7352
3500/7352
3600/7352
3700/7352
3800/7352
3900/7352
4000/7352
4100/7352
4200/7352
4300/7352
4400/7352
4500/7352
4600/7352
4700/7352
4800/7352
4900/7352
5000/7352
5100/7352
5200/7352
5300/7352
5400/7352
5500/7352
5600/7352
5700/7352
5800/7352
5900/7352
6000/7352
6100/7352
6200/7352
6300/7352
6400/7352
6500/7352
6600/7352
6700/7352
6800/7352
6900/7352
7000/7352
7100/7352
7200/7352
7300/7352
outdir is ../../result_brain/GD_WGAN_wclip_MolGAN_DScalar_Loss_MyPredictor/epoch1000/
10/7352
20/7352
30/7352
40/7352
50/7352
60/7352
70/7352
80/7352
90/7352
100/7352
110/7352
120/7352
130/7352
140/7352
150/7352
160/7352
170/7352
180/7352
190/7352
200/7352
210/7352
220/7352
230/7352
240/7352
250/7352
260/7352
270/7352
280/7352
290/7352
300/7352
310/7352
320/7352
330/7352
340/7352
350/7352
360/7352
370/7352
380/7352
390/7352
400/7352
410/7352
420/7352
430/7352
440/7352
450/7352
460/7352
470/7352
480/7352
490/7352
500/7352
510/7352
520/7352
530/7352
540/7352
550/7352
560/7352
570/7352
580/7352
590/7352
600/7352
610/7352
620/7352
630/7352
640/7352
650/7352
660/7352
670/7352
680/7352
690/7352
700/7352
710/7352
720/7352
730/7352
740/7352
750/7352
760/7352
770/7352
780/7352
790/7352
800/7352
810/7352
820/7352
830/7352
840/7352
850/7352
860/7352
870/7352
880/7352
890/7352
900/7352
910/7352
920/7352
930/7352
940/7352
950/7352
960/7352
970/7352
980/7352
990/7352
1000/7352
1010/7352
1020/7352
1030/7352
1040/7352
1050/7352
1060/7352
1070/7352
1080/7352
1090/7352
1100/7352
1110/7352
1120/7352
1130/7352
1140/7352
1150/7352
1160/7352
1170/7352
1180/7352
1190/7352
1200/7352
1210/7352
1220/7352
1230/7352
1240/7352
1250/7352
1260/7352
1270/7352
1280/7352
1290/7352
1300/7352
1310/7352
1320/7352
1330/7352
1340/7352
1350/7352
1360/7352
1370/7352
1380/7352
1390/7352
1400/7352
1410/7352
1420/7352
1430/7352
1440/7352
1450/7352
1460/7352
1470/7352
1480/7352
1490/7352
1500/7352
1510/7352
1520/7352
1530/7352
1540/7352
1550/7352
1560/7352
1570/7352
1580/7352
1590/7352
1600/7352
1610/7352
1620/7352
1630/7352
1640/7352
1650/7352
1660/7352
1670/7352
1680/7352
1690/7352
1700/7352
1710/7352
1720/7352
1730/7352
1740/7352
1750/7352
1760/7352
1770/7352
1780/7352
1790/7352
1800/7352
1810/7352
1820/7352
1830/7352
1840/7352
1850/7352
1860/7352
1870/7352
1880/7352
1890/7352
1900/7352
1910/7352
1920/7352
1930/7352
1940/7352
1950/7352
1960/7352
1970/7352
1980/7352
1990/7352
2000/7352
2010/7352
2020/7352
2030/7352
2040/7352
2050/7352
2060/7352
2070/7352
2080/7352
2090/7352
2100/7352
2110/7352
2120/7352
2130/7352
2140/7352
2150/7352
2160/7352
2170/7352
2180/7352
2190/7352
2200/7352
2210/7352
2220/7352
2230/7352
2240/7352
2250/7352
2260/7352
2270/7352
2280/7352
2290/7352
2300/7352
2310/7352
2320/7352
2330/7352
2340/7352
2350/7352
2360/7352
2370/7352
2380/7352
2390/7352
2400/7352
2410/7352
2420/7352
2430/7352
2440/7352
2450/7352
2460/7352
2470/7352
2480/7352
2490/7352
2500/7352
2510/7352
2520/7352
2530/7352
2540/7352
2550/7352
2560/7352
2570/7352
2580/7352
2590/7352
2600/7352
2610/7352
2620/7352
2630/7352
2640/7352
2650/7352
2660/7352
2670/7352
2680/7352
2690/7352
2700/7352
2710/7352
2720/7352
2730/7352
2740/7352
2750/7352
2760/7352
2770/7352
2780/7352
2790/7352
2800/7352
2810/7352
2820/7352
2830/7352
2840/7352
2850/7352
2860/7352
2870/7352
2880/7352
2890/7352
2900/7352
2910/7352
2920/7352
2930/7352
2940/7352
2950/7352
2960/7352
2970/7352
2980/7352
2990/7352
3000/7352
3010/7352
3020/7352
3030/7352
3040/7352
3050/7352
3060/7352
3070/7352
3080/7352
3090/7352
3100/7352
3110/7352
3120/7352
3130/7352
3140/7352
3150/7352
3160/7352
3170/7352
3180/7352
3190/7352
3200/7352
3210/7352
3220/7352
3230/7352
3240/7352
3250/7352
3260/7352
3270/7352
3280/7352
3290/7352
3300/7352
3310/7352
3320/7352
3330/7352
3340/7352
3350/7352
3360/7352
3370/7352
3380/7352
3390/7352
3400/7352
3410/7352
3420/7352
3430/7352
3440/7352
3450/7352
3460/7352
3470/7352
3480/7352
3490/7352
3500/7352
3510/7352
3520/7352
3530/7352
3540/7352
3550/7352
3560/7352
3570/7352
3580/7352
3590/7352
3600/7352
3610/7352
3620/7352
3630/7352
3640/7352
3650/7352
3660/7352
3670/7352
3680/7352
3690/7352
3700/7352
3710/7352
3720/7352
3730/7352
3740/7352
3750/7352
3760/7352
3770/7352
3780/7352
3790/7352
3800/7352
3810/7352
3820/7352
3830/7352
3840/7352
3850/7352
3860/7352
3870/7352
3880/7352
3890/7352
3900/7352
3910/7352
3920/7352
3930/7352
3940/7352
3950/7352
3960/7352
3970/7352
3980/7352
3990/7352
4000/7352
4010/7352
4020/7352
4030/7352
4040/7352
4050/7352
4060/7352
4070/7352
4080/7352
4090/7352
4100/7352
4110/7352
4120/7352
4130/7352
4140/7352
4150/7352
4160/7352
4170/7352
4180/7352
4190/7352
4200/7352
4210/7352
4220/7352
4230/7352
4240/7352
4250/7352
4260/7352
4270/7352
4280/7352
4290/7352
4300/7352
4310/7352
4320/7352
4330/7352
4340/7352
4350/7352
4360/7352
4370/7352
4380/7352
4390/7352
4400/7352
4410/7352
4420/7352
4430/7352
4440/7352
4450/7352
4460/7352
4470/7352
4480/7352
4490/7352
4500/7352
4510/7352
4520/7352
4530/7352
4540/7352
4550/7352
4560/7352
4570/7352
4580/7352
4590/7352
4600/7352
4610/7352
4620/7352
4630/7352
4640/7352
4650/7352
4660/7352
4670/7352
4680/7352
4690/7352
4700/7352
4710/7352
4720/7352
4730/7352
4740/7352
4750/7352
4760/7352
4770/7352
4780/7352
4790/7352
4800/7352
4810/7352
4820/7352
4830/7352
4840/7352
4850/7352
4860/7352
4870/7352
4880/7352
4890/7352
4900/7352
4910/7352
4920/7352
4930/7352
4940/7352
4950/7352
4960/7352
4970/7352
4980/7352
4990/7352
5000/7352
5010/7352
5020/7352
5030/7352
5040/7352
5050/7352
5060/7352
5070/7352
5080/7352
5090/7352
5100/7352
5110/7352
5120/7352
5130/7352
5140/7352
5150/7352
5160/7352
5170/7352
5180/7352
5190/7352
5200/7352
5210/7352
5220/7352
5230/7352
5240/7352
5250/7352
5260/7352
5270/7352
5280/7352
5290/7352
5300/7352
5310/7352
5320/7352
5330/7352
5340/7352
5350/7352
5360/7352
5370/7352
5380/7352
5390/7352
5400/7352
5410/7352
5420/7352
5430/7352
5440/7352
5450/7352
5460/7352
5470/7352
5480/7352
5490/7352
5500/7352
5510/7352
5520/7352
5530/7352
5540/7352
5550/7352
5560/7352
5570/7352
5580/7352
5590/7352
5600/7352
5610/7352
5620/7352
5630/7352
5640/7352
5650/7352
5660/7352
5670/7352
5680/7352
5690/7352
5700/7352
5710/7352
5720/7352
5730/7352
5740/7352
5750/7352
5760/7352
5770/7352
5780/7352
5790/7352
5800/7352
5810/7352
5820/7352
5830/7352
5840/7352
5850/7352
5860/7352
5870/7352
5880/7352
5890/7352
5900/7352
5910/7352
5920/7352
5930/7352
5940/7352
5950/7352
5960/7352
5970/7352
5980/7352
5990/7352
6000/7352
6010/7352
6020/7352
6030/7352
6040/7352
6050/7352
6060/7352
6070/7352
6080/7352
6090/7352
6100/7352
6110/7352
6120/7352
6130/7352
6140/7352
6150/7352
6160/7352
6170/7352
6180/7352
6190/7352
6200/7352
6210/7352
6220/7352
6230/7352
6240/7352
6250/7352
6260/7352
6270/7352
6280/7352
6290/7352
6300/7352
6310/7352
6320/7352
6330/7352
6340/7352
6350/7352
6360/7352
6370/7352
6380/7352
6390/7352
6400/7352
6410/7352
6420/7352
6430/7352
6440/7352
6450/7352
6460/7352
6470/7352
6480/7352
6490/7352
6500/7352
6510/7352
6520/7352
6530/7352
6540/7352
6550/7352
6560/7352
6570/7352
6580/7352
6590/7352
6600/7352
6610/7352
6620/7352
6630/7352
6640/7352
6650/7352
6660/7352
6670/7352
6680/7352
6690/7352
6700/7352
6710/7352
6720/7352
6730/7352
6740/7352
6750/7352
6760/7352
6770/7352
6780/7352
6790/7352
6800/7352
6810/7352
6820/7352
6830/7352
6840/7352
6850/7352
6860/7352
6870/7352
6880/7352
6890/7352
6900/7352
6910/7352
6920/7352
6930/7352
6940/7352
6950/7352
6960/7352
6970/7352
6980/7352
6990/7352
7000/7352
7010/7352
7020/7352
7030/7352
7040/7352
7050/7352
7060/7352
7070/7352
7080/7352
7090/7352
7100/7352
7110/7352
7120/7352
7130/7352
7140/7352
7150/7352
7160/7352
7170/7352
7180/7352
7190/7352
7200/7352
7210/7352
7220/7352
7230/7352
7240/7352
7250/7352
7260/7352
7270/7352
7280/7352
7290/7352
7300/7352
7310/7352
7320/7352
7330/7352
7340/7352
7350/7352

 Method: GD_WGAN_wclip_MolGAN_DScalar_Loss_MyPredictor
Number of same peptides: 0
100/2225
200/2225
300/2225
400/2225
500/2225
600/2225
700/2225
800/2225
900/2225
1000/2225
1100/2225
1200/2225
1300/2225
1400/2225
1500/2225
1600/2225
1700/2225
1800/2225
1900/2225
2000/2225
2100/2225
2200/2225
outdir is ../../result_brain/GD_WGAN_wclip_MolGAN_Gamma0_DScalar_Loss_MyPredictor/epoch1000/
10/2225
20/2225
30/2225
40/2225
50/2225
60/2225
70/2225
80/2225
90/2225
100/2225
110/2225
120/2225
130/2225
140/2225
150/2225
160/2225
170/2225
180/2225
190/2225
200/2225
210/2225
220/2225
230/2225
240/2225
250/2225
260/2225
270/2225
280/2225
290/2225
300/2225
310/2225
320/2225
330/2225
340/2225
350/2225
360/2225
370/2225
380/2225
390/2225
400/2225
410/2225
420/2225
430/2225
440/2225
450/2225
460/2225
470/2225
480/2225
490/2225
500/2225
510/2225
520/2225
530/2225
540/2225
550/2225
560/2225
570/2225
580/2225
590/2225
600/2225
610/2225
620/2225
630/2225
640/2225
650/2225
660/2225
670/2225
680/2225
690/2225
700/2225
710/2225
720/2225
730/2225
740/2225
750/2225
760/2225
770/2225
780/2225
790/2225
800/2225
810/2225
820/2225
830/2225
840/2225
850/2225
860/2225
870/2225
880/2225
890/2225
900/2225
910/2225
920/2225
930/2225
940/2225
950/2225
960/2225
970/2225
980/2225
990/2225
1000/2225
1010/2225
1020/2225
1030/2225
1040/2225
1050/2225
1060/2225
1070/2225
1080/2225
1090/2225
1100/2225
1110/2225
1120/2225
1130/2225
1140/2225
1150/2225
1160/2225
1170/2225
1180/2225
1190/2225
1200/2225
1210/2225
1220/2225
1230/2225
1240/2225
1250/2225
1260/2225
1270/2225
1280/2225
1290/2225
1300/2225
1310/2225
1320/2225
1330/2225
1340/2225
1350/2225
1360/2225
1370/2225
1380/2225
1390/2225
1400/2225
1410/2225
1420/2225
1430/2225
1440/2225
1450/2225
1460/2225
1470/2225
1480/2225
1490/2225
1500/2225
1510/2225
1520/2225
1530/2225
1540/2225
1550/2225
1560/2225
1570/2225
1580/2225
1590/2225
1600/2225
1610/2225
1620/2225
1630/2225
1640/2225
1650/2225
1660/2225
1670/2225
1680/2225
1690/2225
1700/2225
1710/2225
1720/2225
1730/2225
1740/2225
1750/2225
1760/2225
1770/2225
1780/2225
1790/2225
1800/2225
1810/2225
1820/2225
1830/2225
1840/2225
1850/2225
1860/2225
1870/2225
1880/2225
1890/2225
1900/2225
1910/2225
1920/2225
1930/2225
1940/2225
1950/2225
1960/2225
1970/2225
1980/2225
1990/2225
2000/2225
2010/2225
2020/2225
2030/2225
2040/2225
2050/2225
2060/2225
2070/2225
2080/2225
2090/2225
2100/2225
2110/2225
2120/2225
2130/2225
2140/2225
2150/2225
2160/2225
2170/2225
2180/2225
2190/2225
2200/2225
2210/2225
2220/2225

 Method: GD_WGAN_wclip_MolGAN_Gamma0_DScalar_Loss_MyPredictor
Number of same peptides: 0
100/2281
200/2281
300/2281
400/2281
500/2281
600/2281
700/2281
800/2281
900/2281
1000/2281
1100/2281
1200/2281
1300/2281
1400/2281
1500/2281
1600/2281
1700/2281
1800/2281
1900/2281
2000/2281
2100/2281
2200/2281
outdir is ../../result_brain/GD_WGAN_wclip_OR_MolGAN_Gamma0_DScalar_Loss_MyPredictor/epoch1000/
10/2281
20/2281
30/2281
40/2281
50/2281
60/2281
70/2281
80/2281
90/2281
100/2281
110/2281
120/2281
130/2281
140/2281
150/2281
160/2281
170/2281
180/2281
190/2281
200/2281
210/2281
220/2281
230/2281
240/2281
250/2281
260/2281
270/2281
280/2281
290/2281
300/2281
310/2281
320/2281
330/2281
340/2281
350/2281
360/2281
370/2281
380/2281
390/2281
400/2281
410/2281
420/2281
430/2281
440/2281
450/2281
460/2281
470/2281
480/2281
490/2281
500/2281
510/2281
520/2281
530/2281
540/2281
550/2281
560/2281
570/2281
580/2281
590/2281
600/2281
610/2281
620/2281
630/2281
640/2281
650/2281
660/2281
670/2281
680/2281
690/2281
700/2281
710/2281
720/2281
730/2281
740/2281
750/2281
760/2281
770/2281
780/2281
790/2281
800/2281
810/2281
820/2281
830/2281
840/2281
850/2281
860/2281
870/2281
880/2281
890/2281
900/2281
910/2281
920/2281
930/2281
940/2281
950/2281
960/2281
970/2281
980/2281
990/2281
1000/2281
1010/2281
1020/2281
1030/2281
1040/2281
1050/2281
1060/2281
1070/2281
1080/2281
1090/2281
1100/2281
1110/2281
1120/2281
1130/2281
1140/2281
1150/2281
1160/2281
1170/2281
1180/2281
1190/2281
1200/2281
1210/2281
1220/2281
1230/2281
1240/2281
1250/2281
1260/2281
1270/2281
1280/2281
1290/2281
1300/2281
1310/2281
1320/2281
1330/2281
1340/2281
1350/2281
1360/2281
1370/2281
1380/2281
1390/2281
1400/2281
1410/2281
1420/2281
1430/2281
1440/2281
1450/2281
1460/2281
1470/2281
1480/2281
1490/2281
1500/2281
1510/2281
1520/2281
1530/2281
1540/2281
1550/2281
1560/2281
1570/2281
1580/2281
1590/2281
1600/2281
1610/2281
1620/2281
1630/2281
1640/2281
1650/2281
1660/2281
1670/2281
1680/2281
1690/2281
1700/2281
1710/2281
1720/2281
1730/2281
1740/2281
1750/2281
1760/2281
1770/2281
1780/2281
1790/2281
1800/2281
1810/2281
1820/2281
1830/2281
1840/2281
1850/2281
1860/2281
1870/2281
1880/2281
1890/2281
1900/2281
1910/2281
1920/2281
1930/2281
1940/2281
1950/2281
1960/2281
1970/2281
1980/2281
1990/2281
2000/2281
2010/2281
2020/2281
2030/2281
2040/2281
2050/2281
2060/2281
2070/2281
2080/2281
2090/2281
2100/2281
2110/2281
2120/2281
2130/2281
2140/2281
2150/2281
2160/2281
2170/2281
2180/2281
2190/2281
2200/2281
2210/2281
2220/2281
2230/2281
2240/2281
2250/2281
2260/2281
2270/2281
2280/2281

 Method: GD_WGAN_wclip_OR_MolGAN_Gamma0_DScalar_Loss_MyPredictor
Number of same peptides: 0
