100/1246
200/1246
300/1246
400/1246
500/1246
600/1246
700/1246
800/1246
900/1246
1000/1246
1100/1246
1200/1246
outdir is ../../result/GD_WGAN_wclip_MolGAN_DScalar_Loss_MyPredictor/epoch1000/
10/1246
20/1246
30/1246
40/1246
50/1246
60/1246
70/1246
80/1246
90/1246
100/1246
110/1246
120/1246
130/1246
140/1246
150/1246
160/1246
170/1246
180/1246
190/1246
200/1246
210/1246
220/1246
230/1246
240/1246
250/1246
260/1246
270/1246
280/1246
290/1246
300/1246
310/1246
320/1246
330/1246
340/1246
350/1246
360/1246
370/1246
380/1246
390/1246
400/1246
410/1246
420/1246
430/1246
440/1246
450/1246
460/1246
470/1246
480/1246
490/1246
500/1246
510/1246
520/1246
530/1246
540/1246
550/1246
560/1246
570/1246
580/1246
590/1246
600/1246
610/1246
620/1246
630/1246
640/1246
650/1246
660/1246
670/1246
680/1246
690/1246
700/1246
710/1246
720/1246
730/1246
740/1246
750/1246
760/1246
770/1246
780/1246
790/1246
800/1246
810/1246
820/1246
830/1246
840/1246
850/1246
860/1246
870/1246
880/1246
890/1246
900/1246
910/1246
920/1246
930/1246
940/1246
950/1246
960/1246
970/1246
980/1246
990/1246
1000/1246
1010/1246
1020/1246
1030/1246
1040/1246
1050/1246
1060/1246
1070/1246
1080/1246
1090/1246
1100/1246
1110/1246
1120/1246
1130/1246
1140/1246
1150/1246
1160/1246
1170/1246
1180/1246
1190/1246
1200/1246
1210/1246
1220/1246
1230/1246
1240/1246

 Method: GD_WGAN_wclip_MolGAN_DScalar_Loss_MyPredictor
Number of same peptides: 0
100/1708
200/1708
300/1708
400/1708
500/1708
600/1708
700/1708
800/1708
900/1708
1000/1708
1100/1708
1200/1708
1300/1708
1400/1708
1500/1708
1600/1708
1700/1708
outdir is ../../result/GD_WGAN_wclip_MolGAN_Gamma0_DScalar_Loss_MyPredictor/epoch1000/
10/1708
20/1708
30/1708
40/1708
50/1708
60/1708
70/1708
80/1708
90/1708
100/1708
110/1708
120/1708
130/1708
140/1708
150/1708
160/1708
170/1708
180/1708
190/1708
200/1708
210/1708
220/1708
230/1708
240/1708
250/1708
260/1708
270/1708
280/1708
290/1708
300/1708
310/1708
320/1708
330/1708
340/1708
350/1708
360/1708
370/1708
380/1708
390/1708
400/1708
410/1708
420/1708
430/1708
440/1708
450/1708
460/1708
470/1708
480/1708
490/1708
500/1708
510/1708
520/1708
530/1708
540/1708
550/1708
560/1708
570/1708
580/1708
590/1708
600/1708
610/1708
620/1708
630/1708
640/1708
650/1708
660/1708
670/1708
680/1708
690/1708
700/1708
710/1708
720/1708
730/1708
740/1708
750/1708
760/1708
770/1708
780/1708
790/1708
800/1708
810/1708
820/1708
830/1708
840/1708
850/1708
860/1708
870/1708
880/1708
890/1708
900/1708
910/1708
920/1708
930/1708
940/1708
950/1708
960/1708
970/1708
980/1708
990/1708
1000/1708
1010/1708
1020/1708
1030/1708
1040/1708
1050/1708
1060/1708
1070/1708
1080/1708
1090/1708
1100/1708
1110/1708
1120/1708
1130/1708
1140/1708
1150/1708
1160/1708
1170/1708
1180/1708
1190/1708
1200/1708
1210/1708
1220/1708
1230/1708
1240/1708
1250/1708
1260/1708
1270/1708
1280/1708
1290/1708
1300/1708
1310/1708
1320/1708
1330/1708
1340/1708
1350/1708
1360/1708
1370/1708
1380/1708
1390/1708
1400/1708
1410/1708
1420/1708
1430/1708
1440/1708
1450/1708
1460/1708
1470/1708
1480/1708
1490/1708
1500/1708
1510/1708
1520/1708
1530/1708
1540/1708
1550/1708
1560/1708
1570/1708
1580/1708
1590/1708
1600/1708
1610/1708
1620/1708
1630/1708
1640/1708
1650/1708
1660/1708
1670/1708
1680/1708
1690/1708
1700/1708

 Method: GD_WGAN_wclip_MolGAN_Gamma0_DScalar_Loss_MyPredictor
Number of same peptides: 0
100/1677
200/1677
300/1677
400/1677
500/1677
600/1677
700/1677
800/1677
900/1677
1000/1677
1100/1677
1200/1677
1300/1677
1400/1677
1500/1677
1600/1677
outdir is ../../result/GD_WGAN_wclip_OR_MolGAN_Gamma0_DScalar_Loss_MyPredictor/epoch1000/
10/1677
20/1677
30/1677
40/1677
50/1677
60/1677
70/1677
80/1677
90/1677
100/1677
110/1677
120/1677
130/1677
140/1677
150/1677
160/1677
170/1677
180/1677
190/1677
200/1677
210/1677
220/1677
230/1677
240/1677
250/1677
260/1677
270/1677
280/1677
290/1677
300/1677
310/1677
320/1677
330/1677
340/1677
350/1677
360/1677
370/1677
380/1677
390/1677
400/1677
410/1677
420/1677
430/1677
440/1677
450/1677
460/1677
470/1677
480/1677
490/1677
500/1677
510/1677
520/1677
530/1677
540/1677
550/1677
560/1677
570/1677
580/1677
590/1677
600/1677
610/1677
620/1677
630/1677
640/1677
650/1677
660/1677
670/1677
680/1677
690/1677
700/1677
710/1677
720/1677
730/1677
740/1677
750/1677
760/1677
770/1677
780/1677
790/1677
800/1677
810/1677
820/1677
830/1677
840/1677
850/1677
860/1677
870/1677
880/1677
890/1677
900/1677
910/1677
920/1677
930/1677
940/1677
950/1677
960/1677
970/1677
980/1677
990/1677
1000/1677
1010/1677
1020/1677
1030/1677
1040/1677
1050/1677
1060/1677
1070/1677
1080/1677
1090/1677
1100/1677
1110/1677
1120/1677
1130/1677
1140/1677
1150/1677
1160/1677
1170/1677
1180/1677
1190/1677
1200/1677
1210/1677
1220/1677
1230/1677
1240/1677
1250/1677
1260/1677
1270/1677
1280/1677
1290/1677
1300/1677
1310/1677
1320/1677
1330/1677
1340/1677
1350/1677
1360/1677
1370/1677
1380/1677
1390/1677
1400/1677
1410/1677
1420/1677
1430/1677
1440/1677
1450/1677
1460/1677
1470/1677
1480/1677
1490/1677
1500/1677
1510/1677
1520/1677
1530/1677
1540/1677
1550/1677
1560/1677
1570/1677
1580/1677
1590/1677
1600/1677
1610/1677
1620/1677
1630/1677
1640/1677
1650/1677
1660/1677
1670/1677

 Method: GD_WGAN_wclip_OR_MolGAN_Gamma0_DScalar_Loss_MyPredictor
Number of same peptides: 0
