100/1222
200/1222
300/1222
400/1222
500/1222
600/1222
700/1222
800/1222
900/1222
1000/1222
1100/1222
1200/1222
outdir is ../../result/GD_WGAN_wclip_MolGAN_DScalar_Loss_MyPredictor/epoch1000/
10/1222
20/1222
30/1222
40/1222
50/1222
60/1222
70/1222
80/1222
90/1222
100/1222
110/1222
120/1222
130/1222
140/1222
150/1222
160/1222
170/1222
180/1222
190/1222
200/1222
210/1222
220/1222
230/1222
240/1222
250/1222
260/1222
270/1222
280/1222
290/1222
300/1222
310/1222
320/1222
330/1222
340/1222
350/1222
360/1222
370/1222
380/1222
390/1222
400/1222
410/1222
420/1222
430/1222
440/1222
450/1222
460/1222
470/1222
480/1222
490/1222
500/1222
510/1222
520/1222
530/1222
540/1222
550/1222
560/1222
570/1222
580/1222
590/1222
600/1222
610/1222
620/1222
630/1222
640/1222
650/1222
660/1222
670/1222
680/1222
690/1222
700/1222
710/1222
720/1222
730/1222
740/1222
750/1222
760/1222
770/1222
780/1222
790/1222
800/1222
810/1222
820/1222
830/1222
840/1222
850/1222
860/1222
870/1222
880/1222
890/1222
900/1222
910/1222
920/1222
930/1222
940/1222
950/1222
960/1222
970/1222
980/1222
990/1222
1000/1222
1010/1222
1020/1222
1030/1222
1040/1222
1050/1222
1060/1222
1070/1222
1080/1222
1090/1222
1100/1222
1110/1222
1120/1222
1130/1222
1140/1222
1150/1222
1160/1222
1170/1222
1180/1222
1190/1222
1200/1222
1210/1222
1220/1222

 Method: GD_WGAN_wclip_MolGAN_DScalar_Loss_MyPredictor
Number of same peptides: 0
100/1749
200/1749
300/1749
400/1749
500/1749
600/1749
700/1749
800/1749
900/1749
1000/1749
1100/1749
1200/1749
1300/1749
1400/1749
1500/1749
1600/1749
1700/1749
outdir is ../../result/GD_WGAN_wclip_MolGAN_Gamma0_DScalar_Loss_MyPredictor/epoch1000/
10/1749
20/1749
30/1749
40/1749
50/1749
60/1749
70/1749
80/1749
90/1749
100/1749
110/1749
120/1749
130/1749
140/1749
150/1749
160/1749
170/1749
180/1749
190/1749
200/1749
210/1749
220/1749
230/1749
240/1749
250/1749
260/1749
270/1749
280/1749
290/1749
300/1749
310/1749
320/1749
330/1749
340/1749
350/1749
360/1749
370/1749
380/1749
390/1749
400/1749
410/1749
420/1749
430/1749
440/1749
450/1749
460/1749
470/1749
480/1749
490/1749
500/1749
510/1749
520/1749
530/1749
540/1749
550/1749
560/1749
570/1749
580/1749
590/1749
600/1749
610/1749
620/1749
630/1749
640/1749
650/1749
660/1749
670/1749
680/1749
690/1749
700/1749
710/1749
720/1749
730/1749
740/1749
750/1749
760/1749
770/1749
780/1749
790/1749
800/1749
810/1749
820/1749
830/1749
840/1749
850/1749
860/1749
870/1749
880/1749
890/1749
900/1749
910/1749
920/1749
930/1749
940/1749
950/1749
960/1749
970/1749
980/1749
990/1749
1000/1749
1010/1749
1020/1749
1030/1749
1040/1749
1050/1749
1060/1749
1070/1749
1080/1749
1090/1749
1100/1749
1110/1749
1120/1749
1130/1749
1140/1749
1150/1749
1160/1749
1170/1749
1180/1749
1190/1749
1200/1749
1210/1749
1220/1749
1230/1749
1240/1749
1250/1749
1260/1749
1270/1749
1280/1749
1290/1749
1300/1749
1310/1749
1320/1749
1330/1749
1340/1749
1350/1749
1360/1749
1370/1749
1380/1749
1390/1749
1400/1749
1410/1749
1420/1749
1430/1749
1440/1749
1450/1749
1460/1749
1470/1749
1480/1749
1490/1749
1500/1749
1510/1749
1520/1749
1530/1749
1540/1749
1550/1749
1560/1749
1570/1749
1580/1749
1590/1749
1600/1749
1610/1749
1620/1749
1630/1749
1640/1749
1650/1749
1660/1749
1670/1749
1680/1749
1690/1749
1700/1749
1710/1749
1720/1749
1730/1749
1740/1749

 Method: GD_WGAN_wclip_MolGAN_Gamma0_DScalar_Loss_MyPredictor
Number of same peptides: 0
100/1688
200/1688
300/1688
400/1688
500/1688
600/1688
700/1688
800/1688
900/1688
1000/1688
1100/1688
1200/1688
1300/1688
1400/1688
1500/1688
1600/1688
outdir is ../../result/GD_WGAN_wclip_OR_MolGAN_Gamma0_DScalar_Loss_MyPredictor/epoch1000/
10/1688
20/1688
30/1688
40/1688
50/1688
60/1688
70/1688
80/1688
90/1688
100/1688
110/1688
120/1688
130/1688
140/1688
150/1688
160/1688
170/1688
180/1688
190/1688
200/1688
210/1688
220/1688
230/1688
240/1688
250/1688
260/1688
270/1688
280/1688
290/1688
300/1688
310/1688
320/1688
330/1688
340/1688
350/1688
360/1688
370/1688
380/1688
390/1688
400/1688
410/1688
420/1688
430/1688
440/1688
450/1688
460/1688
470/1688
480/1688
490/1688
500/1688
510/1688
520/1688
530/1688
540/1688
550/1688
560/1688
570/1688
580/1688
590/1688
600/1688
610/1688
620/1688
630/1688
640/1688
650/1688
660/1688
670/1688
680/1688
690/1688
700/1688
710/1688
720/1688
730/1688
740/1688
750/1688
760/1688
770/1688
780/1688
790/1688
800/1688
810/1688
820/1688
830/1688
840/1688
850/1688
860/1688
870/1688
880/1688
890/1688
900/1688
910/1688
920/1688
930/1688
940/1688
950/1688
960/1688
970/1688
980/1688
990/1688
1000/1688
1010/1688
1020/1688
1030/1688
1040/1688
1050/1688
1060/1688
1070/1688
1080/1688
1090/1688
1100/1688
1110/1688
1120/1688
1130/1688
1140/1688
1150/1688
1160/1688
1170/1688
1180/1688
1190/1688
1200/1688
1210/1688
1220/1688
1230/1688
1240/1688
1250/1688
1260/1688
1270/1688
1280/1688
1290/1688
1300/1688
1310/1688
1320/1688
1330/1688
1340/1688
1350/1688
1360/1688
1370/1688
1380/1688
1390/1688
1400/1688
1410/1688
1420/1688
1430/1688
1440/1688
1450/1688
1460/1688
1470/1688
1480/1688
1490/1688
1500/1688
1510/1688
1520/1688
1530/1688
1540/1688
1550/1688
1560/1688
1570/1688
1580/1688
1590/1688
1600/1688
1610/1688
1620/1688
1630/1688
1640/1688
1650/1688
1660/1688
1670/1688
1680/1688

 Method: GD_WGAN_wclip_OR_MolGAN_Gamma0_DScalar_Loss_MyPredictor
Number of same peptides: 0
