100/7751
200/7751
300/7751
400/7751
500/7751
600/7751
700/7751
800/7751
900/7751
1000/7751
1100/7751
1200/7751
1300/7751
1400/7751
1500/7751
1600/7751
1700/7751
1800/7751
1900/7751
2000/7751
2100/7751
2200/7751
2300/7751
2400/7751
2500/7751
2600/7751
2700/7751
2800/7751
2900/7751
3000/7751
3100/7751
3200/7751
3300/7751
3400/7751
3500/7751
3600/7751
3700/7751
3800/7751
3900/7751
4000/7751
4100/7751
4200/7751
4300/7751
4400/7751
4500/7751
4600/7751
4700/7751
4800/7751
4900/7751
5000/7751
5100/7751
5200/7751
5300/7751
5400/7751
5500/7751
5600/7751
5700/7751
5800/7751
5900/7751
6000/7751
6100/7751
6200/7751
6300/7751
6400/7751
6500/7751
6600/7751
6700/7751
6800/7751
6900/7751
7000/7751
7100/7751
7200/7751
7300/7751
7400/7751
7500/7751
7600/7751
7700/7751
outdir is ../../result/Goal-directed_WGAN-GP/epoch1000/
10/7751
20/7751
30/7751
40/7751
50/7751
60/7751
70/7751
80/7751
90/7751
100/7751
110/7751
120/7751
130/7751
140/7751
150/7751
160/7751
170/7751
180/7751
190/7751
200/7751
210/7751
220/7751
230/7751
240/7751
250/7751
260/7751
270/7751
280/7751
290/7751
300/7751
310/7751
320/7751
330/7751
340/7751
350/7751
360/7751
370/7751
380/7751
390/7751
400/7751
410/7751
420/7751
430/7751
440/7751
450/7751
460/7751
470/7751
480/7751
490/7751
500/7751
510/7751
520/7751
530/7751
540/7751
550/7751
560/7751
570/7751
580/7751
590/7751
600/7751
610/7751
620/7751
630/7751
640/7751
650/7751
660/7751
670/7751
680/7751
690/7751
700/7751
710/7751
720/7751
730/7751
740/7751
750/7751
760/7751
770/7751
780/7751
790/7751
800/7751
810/7751
820/7751
830/7751
840/7751
850/7751
860/7751
870/7751
880/7751
890/7751
900/7751
910/7751
920/7751
930/7751
940/7751
950/7751
960/7751
970/7751
980/7751
990/7751
1000/7751
1010/7751
1020/7751
1030/7751
1040/7751
1050/7751
1060/7751
1070/7751
1080/7751
1090/7751
1100/7751
1110/7751
1120/7751
1130/7751
1140/7751
1150/7751
1160/7751
1170/7751
1180/7751
1190/7751
1200/7751
1210/7751
1220/7751
1230/7751
1240/7751
1250/7751
1260/7751
1270/7751
1280/7751
1290/7751
1300/7751
1310/7751
1320/7751
1330/7751
1340/7751
1350/7751
1360/7751
1370/7751
1380/7751
1390/7751
1400/7751
1410/7751
1420/7751
1430/7751
1440/7751
1450/7751
1460/7751
1470/7751
1480/7751
1490/7751
1500/7751
1510/7751
1520/7751
1530/7751
1540/7751
1550/7751
1560/7751
1570/7751
1580/7751
1590/7751
1600/7751
1610/7751
1620/7751
1630/7751
1640/7751
1650/7751
1660/7751
1670/7751
1680/7751
1690/7751
1700/7751
1710/7751
1720/7751
1730/7751
1740/7751
1750/7751
1760/7751
1770/7751
1780/7751
1790/7751
1800/7751
1810/7751
1820/7751
1830/7751
1840/7751
1850/7751
1860/7751
1870/7751
1880/7751
1890/7751
1900/7751
1910/7751
1920/7751
1930/7751
1940/7751
1950/7751
1960/7751
1970/7751
1980/7751
1990/7751
2000/7751
2010/7751
2020/7751
2030/7751
2040/7751
2050/7751
2060/7751
2070/7751
2080/7751
2090/7751
2100/7751
2110/7751
2120/7751
2130/7751
2140/7751
2150/7751
2160/7751
2170/7751
2180/7751
2190/7751
2200/7751
2210/7751
2220/7751
2230/7751
2240/7751
2250/7751
2260/7751
2270/7751
2280/7751
2290/7751
2300/7751
2310/7751
2320/7751
2330/7751
2340/7751
2350/7751
2360/7751
2370/7751
2380/7751
2390/7751
2400/7751
2410/7751
2420/7751
2430/7751
2440/7751
2450/7751
2460/7751
2470/7751
2480/7751
2490/7751
2500/7751
2510/7751
2520/7751
2530/7751
2540/7751
2550/7751
2560/7751
2570/7751
2580/7751
2590/7751
2600/7751
2610/7751
2620/7751
2630/7751
2640/7751
2650/7751
2660/7751
2670/7751
2680/7751
2690/7751
2700/7751
2710/7751
2720/7751
2730/7751
2740/7751
2750/7751
2760/7751
2770/7751
2780/7751
2790/7751
2800/7751
2810/7751
2820/7751
2830/7751
2840/7751
2850/7751
2860/7751
2870/7751
2880/7751
2890/7751
2900/7751
2910/7751
2920/7751
2930/7751
2940/7751
2950/7751
2960/7751
2970/7751
2980/7751
2990/7751
3000/7751
3010/7751
3020/7751
3030/7751
3040/7751
3050/7751
3060/7751
3070/7751
3080/7751
3090/7751
3100/7751
3110/7751
3120/7751
3130/7751
3140/7751
3150/7751
3160/7751
3170/7751
3180/7751
3190/7751
3200/7751
3210/7751
3220/7751
3230/7751
3240/7751
3250/7751
3260/7751
3270/7751
3280/7751
3290/7751
3300/7751
3310/7751
3320/7751
3330/7751
3340/7751
3350/7751
3360/7751
3370/7751
3380/7751
3390/7751
3400/7751
3410/7751
3420/7751
3430/7751
3440/7751
3450/7751
3460/7751
3470/7751
3480/7751
3490/7751
3500/7751
3510/7751
3520/7751
3530/7751
3540/7751
3550/7751
3560/7751
3570/7751
3580/7751
3590/7751
3600/7751
3610/7751
3620/7751
3630/7751
3640/7751
3650/7751
3660/7751
3670/7751
3680/7751
3690/7751
3700/7751
3710/7751
3720/7751
3730/7751
3740/7751
3750/7751
3760/7751
3770/7751
3780/7751
3790/7751
3800/7751
3810/7751
3820/7751
3830/7751
3840/7751
3850/7751
3860/7751
3870/7751
3880/7751
3890/7751
3900/7751
3910/7751
3920/7751
3930/7751
3940/7751
3950/7751
3960/7751
3970/7751
3980/7751
3990/7751
4000/7751
4010/7751
4020/7751
4030/7751
4040/7751
4050/7751
4060/7751
4070/7751
4080/7751
4090/7751
4100/7751
4110/7751
4120/7751
4130/7751
4140/7751
4150/7751
4160/7751
4170/7751
4180/7751
4190/7751
4200/7751
4210/7751
4220/7751
4230/7751
4240/7751
4250/7751
4260/7751
4270/7751
4280/7751
4290/7751
4300/7751
4310/7751
4320/7751
4330/7751
4340/7751
4350/7751
4360/7751
4370/7751
4380/7751
4390/7751
4400/7751
4410/7751
4420/7751
4430/7751
4440/7751
4450/7751
4460/7751
4470/7751
4480/7751
4490/7751
4500/7751
4510/7751
4520/7751
4530/7751
4540/7751
4550/7751
4560/7751
4570/7751
4580/7751
4590/7751
4600/7751
4610/7751
4620/7751
4630/7751
4640/7751
4650/7751
4660/7751
4670/7751
4680/7751
4690/7751
4700/7751
4710/7751
4720/7751
4730/7751
4740/7751
4750/7751
4760/7751
4770/7751
4780/7751
4790/7751
4800/7751
4810/7751
4820/7751
4830/7751
4840/7751
4850/7751
4860/7751
4870/7751
4880/7751
4890/7751
4900/7751
4910/7751
4920/7751
4930/7751
4940/7751
4950/7751
4960/7751
4970/7751
4980/7751
4990/7751
5000/7751
5010/7751
5020/7751
5030/7751
5040/7751
5050/7751
5060/7751
5070/7751
5080/7751
5090/7751
5100/7751
5110/7751
5120/7751
5130/7751
5140/7751
5150/7751
5160/7751
5170/7751
5180/7751
5190/7751
5200/7751
5210/7751
5220/7751
5230/7751
5240/7751
5250/7751
5260/7751
5270/7751
5280/7751
5290/7751
5300/7751
5310/7751
5320/7751
5330/7751
5340/7751
5350/7751
5360/7751
5370/7751
5380/7751
5390/7751
5400/7751
5410/7751
5420/7751
5430/7751
5440/7751
5450/7751
5460/7751
5470/7751
5480/7751
5490/7751
5500/7751
5510/7751
5520/7751
5530/7751
5540/7751
5550/7751
5560/7751
5570/7751
5580/7751
5590/7751
5600/7751
5610/7751
5620/7751
5630/7751
5640/7751
5650/7751
5660/7751
5670/7751
5680/7751
5690/7751
5700/7751
5710/7751
5720/7751
5730/7751
5740/7751
5750/7751
5760/7751
5770/7751
5780/7751
5790/7751
5800/7751
5810/7751
5820/7751
5830/7751
5840/7751
5850/7751
5860/7751
5870/7751
5880/7751
5890/7751
5900/7751
5910/7751
5920/7751
5930/7751
5940/7751
5950/7751
5960/7751
5970/7751
5980/7751
5990/7751
6000/7751
6010/7751
6020/7751
6030/7751
6040/7751
6050/7751
6060/7751
6070/7751
6080/7751
6090/7751
6100/7751
6110/7751
6120/7751
6130/7751
6140/7751
6150/7751
6160/7751
6170/7751
6180/7751
6190/7751
6200/7751
6210/7751
6220/7751
6230/7751
6240/7751
6250/7751
6260/7751
6270/7751
6280/7751
6290/7751
6300/7751
6310/7751
6320/7751
6330/7751
6340/7751
6350/7751
6360/7751
6370/7751
6380/7751
6390/7751
6400/7751
6410/7751
6420/7751
6430/7751
6440/7751
6450/7751
6460/7751
6470/7751
6480/7751
6490/7751
6500/7751
6510/7751
6520/7751
6530/7751
6540/7751
6550/7751
6560/7751
6570/7751
6580/7751
6590/7751
6600/7751
6610/7751
6620/7751
6630/7751
6640/7751
6650/7751
6660/7751
6670/7751
6680/7751
6690/7751
6700/7751
6710/7751
6720/7751
6730/7751
6740/7751
6750/7751
6760/7751
6770/7751
6780/7751
6790/7751
6800/7751
6810/7751
6820/7751
6830/7751
6840/7751
6850/7751
6860/7751
6870/7751
6880/7751
6890/7751
6900/7751
6910/7751
6920/7751
6930/7751
6940/7751
6950/7751
6960/7751
6970/7751
6980/7751
6990/7751
7000/7751
7010/7751
7020/7751
7030/7751
7040/7751
7050/7751
7060/7751
7070/7751
7080/7751
7090/7751
7100/7751
7110/7751
7120/7751
7130/7751
7140/7751
7150/7751
7160/7751
7170/7751
7180/7751
7190/7751
7200/7751
7210/7751
7220/7751
7230/7751
7240/7751
7250/7751
7260/7751
7270/7751
7280/7751
7290/7751
7300/7751
7310/7751
7320/7751
7330/7751
7340/7751
7350/7751
7360/7751
7370/7751
7380/7751
7390/7751
7400/7751
7410/7751
7420/7751
7430/7751
7440/7751
7450/7751
7460/7751
7470/7751
7480/7751
7490/7751
7500/7751
7510/7751
7520/7751
7530/7751
7540/7751
7550/7751
7560/7751
7570/7751
7580/7751
7590/7751
7600/7751
7610/7751
7620/7751
7630/7751
7640/7751
7650/7751
7660/7751
7670/7751
7680/7751
7690/7751
7700/7751
7710/7751
7720/7751
7730/7751
7740/7751
7750/7751

 Method: Goal-directed_WGAN-GP
Number of same peptides: 0
100/9885
200/9885
300/9885
400/9885
500/9885
600/9885
700/9885
800/9885
900/9885
1000/9885
1100/9885
1200/9885
1300/9885
1400/9885
1500/9885
1600/9885
1700/9885
1800/9885
1900/9885
2000/9885
2100/9885
2200/9885
2300/9885
2400/9885
2500/9885
2600/9885
2700/9885
2800/9885
2900/9885
3000/9885
3100/9885
3200/9885
3300/9885
3400/9885
3500/9885
3600/9885
3700/9885
3800/9885
3900/9885
4000/9885
4100/9885
4200/9885
4300/9885
4400/9885
4500/9885
4600/9885
4700/9885
4800/9885
4900/9885
5000/9885
5100/9885
5200/9885
5300/9885
5400/9885
5500/9885
5600/9885
5700/9885
5800/9885
5900/9885
6000/9885
6100/9885
6200/9885
6300/9885
6400/9885
6500/9885
6600/9885
6700/9885
6800/9885
6900/9885
7000/9885
7100/9885
7200/9885
7300/9885
7400/9885
7500/9885
7600/9885
7700/9885
7800/9885
7900/9885
8000/9885
8100/9885
8200/9885
8300/9885
8400/9885
8500/9885
8600/9885
8700/9885
8800/9885
8900/9885
9000/9885
9100/9885
9200/9885
9300/9885
9400/9885
9500/9885
9600/9885
9700/9885
9800/9885
outdir is ../../result/WGAN-GP/epoch1000/
10/9885
20/9885
30/9885
40/9885
50/9885
60/9885
70/9885
80/9885
90/9885
100/9885
110/9885
120/9885
130/9885
140/9885
150/9885
160/9885
170/9885
180/9885
190/9885
200/9885
210/9885
220/9885
230/9885
240/9885
250/9885
260/9885
270/9885
280/9885
290/9885
300/9885
310/9885
320/9885
330/9885
340/9885
350/9885
360/9885
370/9885
380/9885
390/9885
400/9885
410/9885
420/9885
430/9885
440/9885
450/9885
460/9885
470/9885
480/9885
490/9885
500/9885
510/9885
520/9885
530/9885
540/9885
550/9885
560/9885
570/9885
580/9885
590/9885
600/9885
610/9885
620/9885
630/9885
640/9885
650/9885
660/9885
670/9885
680/9885
690/9885
700/9885
710/9885
720/9885
730/9885
740/9885
750/9885
760/9885
770/9885
780/9885
790/9885
800/9885
810/9885
820/9885
830/9885
840/9885
850/9885
860/9885
870/9885
880/9885
890/9885
900/9885
910/9885
920/9885
930/9885
940/9885
950/9885
960/9885
970/9885
980/9885
990/9885
1000/9885
1010/9885
1020/9885
1030/9885
1040/9885
1050/9885
1060/9885
1070/9885
1080/9885
1090/9885
1100/9885
1110/9885
1120/9885
1130/9885
1140/9885
1150/9885
1160/9885
1170/9885
1180/9885
1190/9885
1200/9885
1210/9885
1220/9885
1230/9885
1240/9885
1250/9885
1260/9885
1270/9885
1280/9885
1290/9885
1300/9885
1310/9885
1320/9885
1330/9885
1340/9885
1350/9885
1360/9885
1370/9885
1380/9885
1390/9885
1400/9885
1410/9885
1420/9885
1430/9885
1440/9885
1450/9885
1460/9885
1470/9885
1480/9885
1490/9885
1500/9885
1510/9885
1520/9885
1530/9885
1540/9885
1550/9885
1560/9885
1570/9885
1580/9885
1590/9885
1600/9885
1610/9885
1620/9885
1630/9885
1640/9885
1650/9885
1660/9885
1670/9885
1680/9885
1690/9885
1700/9885
1710/9885
1720/9885
1730/9885
1740/9885
1750/9885
1760/9885
1770/9885
1780/9885
1790/9885
1800/9885
1810/9885
1820/9885
1830/9885
1840/9885
1850/9885
1860/9885
1870/9885
1880/9885
1890/9885
1900/9885
1910/9885
1920/9885
1930/9885
1940/9885
1950/9885
1960/9885
1970/9885
1980/9885
1990/9885
2000/9885
2010/9885
2020/9885
2030/9885
2040/9885
2050/9885
2060/9885
2070/9885
2080/9885
2090/9885
2100/9885
2110/9885
2120/9885
2130/9885
2140/9885
2150/9885
2160/9885
2170/9885
2180/9885
2190/9885
2200/9885
2210/9885
2220/9885
2230/9885
2240/9885
2250/9885
2260/9885
2270/9885
2280/9885
2290/9885
2300/9885
2310/9885
2320/9885
2330/9885
2340/9885
2350/9885
2360/9885
2370/9885
2380/9885
2390/9885
2400/9885
2410/9885
2420/9885
2430/9885
2440/9885
2450/9885
2460/9885
2470/9885
2480/9885
2490/9885
2500/9885
2510/9885
2520/9885
2530/9885
2540/9885
2550/9885
2560/9885
2570/9885
2580/9885
2590/9885
2600/9885
2610/9885
2620/9885
2630/9885
2640/9885
2650/9885
2660/9885
2670/9885
2680/9885
2690/9885
2700/9885
2710/9885
2720/9885
2730/9885
2740/9885
2750/9885
2760/9885
2770/9885
2780/9885
2790/9885
2800/9885
2810/9885
2820/9885
2830/9885
2840/9885
2850/9885
2860/9885
2870/9885
2880/9885
2890/9885
2900/9885
2910/9885
2920/9885
2930/9885
2940/9885
2950/9885
2960/9885
2970/9885
2980/9885
2990/9885
3000/9885
3010/9885
3020/9885
3030/9885
3040/9885
3050/9885
3060/9885
3070/9885
3080/9885
3090/9885
3100/9885
3110/9885
3120/9885
3130/9885
3140/9885
3150/9885
3160/9885
3170/9885
3180/9885
3190/9885
3200/9885
3210/9885
3220/9885
3230/9885
3240/9885
3250/9885
3260/9885
3270/9885
3280/9885
3290/9885
3300/9885
3310/9885
3320/9885
3330/9885
3340/9885
3350/9885
3360/9885
3370/9885
3380/9885
3390/9885
3400/9885
3410/9885
3420/9885
3430/9885
3440/9885
3450/9885
3460/9885
3470/9885
3480/9885
3490/9885
3500/9885
3510/9885
3520/9885
3530/9885
3540/9885
3550/9885
3560/9885
3570/9885
3580/9885
3590/9885
3600/9885
3610/9885
3620/9885
3630/9885
3640/9885
3650/9885
3660/9885
3670/9885
3680/9885
3690/9885
3700/9885
3710/9885
3720/9885
3730/9885
3740/9885
3750/9885
3760/9885
3770/9885
3780/9885
3790/9885
3800/9885
3810/9885
3820/9885
3830/9885
3840/9885
3850/9885
3860/9885
3870/9885
3880/9885
3890/9885
3900/9885
3910/9885
3920/9885
3930/9885
3940/9885
3950/9885
3960/9885
3970/9885
3980/9885
3990/9885
4000/9885
4010/9885
4020/9885
4030/9885
4040/9885
4050/9885
4060/9885
4070/9885
4080/9885
4090/9885
4100/9885
4110/9885
4120/9885
4130/9885
4140/9885
4150/9885
4160/9885
4170/9885
4180/9885
4190/9885
4200/9885
4210/9885
4220/9885
4230/9885
4240/9885
4250/9885
4260/9885
4270/9885
4280/9885
4290/9885
4300/9885
4310/9885
4320/9885
4330/9885
4340/9885
4350/9885
4360/9885
4370/9885
4380/9885
4390/9885
4400/9885
4410/9885
4420/9885
4430/9885
4440/9885
4450/9885
4460/9885
4470/9885
4480/9885
4490/9885
4500/9885
4510/9885
4520/9885
4530/9885
4540/9885
4550/9885
4560/9885
4570/9885
4580/9885
4590/9885
4600/9885
4610/9885
4620/9885
4630/9885
4640/9885
4650/9885
4660/9885
4670/9885
4680/9885
4690/9885
4700/9885
4710/9885
4720/9885
4730/9885
4740/9885
4750/9885
4760/9885
4770/9885
4780/9885
4790/9885
4800/9885
4810/9885
4820/9885
4830/9885
4840/9885
4850/9885
4860/9885
4870/9885
4880/9885
4890/9885
4900/9885
4910/9885
4920/9885
4930/9885
4940/9885
4950/9885
4960/9885
4970/9885
4980/9885
4990/9885
5000/9885
5010/9885
5020/9885
5030/9885
5040/9885
5050/9885
5060/9885
5070/9885
5080/9885
5090/9885
5100/9885
5110/9885
5120/9885
5130/9885
5140/9885
5150/9885
5160/9885
5170/9885
5180/9885
5190/9885
5200/9885
5210/9885
5220/9885
5230/9885
5240/9885
5250/9885
5260/9885
5270/9885
5280/9885
5290/9885
5300/9885
5310/9885
5320/9885
5330/9885
5340/9885
5350/9885
5360/9885
5370/9885
5380/9885
5390/9885
5400/9885
5410/9885
5420/9885
5430/9885
5440/9885
5450/9885
5460/9885
5470/9885
5480/9885
5490/9885
5500/9885
5510/9885
5520/9885
5530/9885
5540/9885
5550/9885
5560/9885
5570/9885
5580/9885
5590/9885
5600/9885
5610/9885
5620/9885
5630/9885
5640/9885
5650/9885
5660/9885
5670/9885
5680/9885
5690/9885
5700/9885
5710/9885
5720/9885
5730/9885
5740/9885
5750/9885
5760/9885
5770/9885
5780/9885
5790/9885
5800/9885
5810/9885
5820/9885
5830/9885
5840/9885
5850/9885
5860/9885
5870/9885
5880/9885
5890/9885
5900/9885
5910/9885
5920/9885
5930/9885
5940/9885
5950/9885
5960/9885
5970/9885
5980/9885
5990/9885
6000/9885
6010/9885
6020/9885
6030/9885
6040/9885
6050/9885
6060/9885
6070/9885
6080/9885
6090/9885
6100/9885
6110/9885
6120/9885
6130/9885
6140/9885
6150/9885
6160/9885
6170/9885
6180/9885
6190/9885
6200/9885
6210/9885
6220/9885
6230/9885
6240/9885
6250/9885
6260/9885
6270/9885
6280/9885
6290/9885
6300/9885
6310/9885
6320/9885
6330/9885
6340/9885
6350/9885
6360/9885
6370/9885
6380/9885
6390/9885
6400/9885
6410/9885
6420/9885
6430/9885
6440/9885
6450/9885
6460/9885
6470/9885
6480/9885
6490/9885
6500/9885
6510/9885
6520/9885
6530/9885
6540/9885
6550/9885
6560/9885
6570/9885
6580/9885
6590/9885
6600/9885
6610/9885
6620/9885
6630/9885
6640/9885
6650/9885
6660/9885
6670/9885
6680/9885
6690/9885
6700/9885
6710/9885
6720/9885
6730/9885
6740/9885
6750/9885
6760/9885
6770/9885
6780/9885
6790/9885
6800/9885
6810/9885
6820/9885
6830/9885
6840/9885
6850/9885
6860/9885
6870/9885
6880/9885
6890/9885
6900/9885
6910/9885
6920/9885
6930/9885
6940/9885
6950/9885
6960/9885
6970/9885
6980/9885
6990/9885
7000/9885
7010/9885
7020/9885
7030/9885
7040/9885
7050/9885
7060/9885
7070/9885
7080/9885
7090/9885
7100/9885
7110/9885
7120/9885
7130/9885
7140/9885
7150/9885
7160/9885
7170/9885
7180/9885
7190/9885
7200/9885
7210/9885
7220/9885
7230/9885
7240/9885
7250/9885
7260/9885
7270/9885
7280/9885
7290/9885
7300/9885
7310/9885
7320/9885
7330/9885
7340/9885
7350/9885
7360/9885
7370/9885
7380/9885
7390/9885
7400/9885
7410/9885
7420/9885
7430/9885
7440/9885
7450/9885
7460/9885
7470/9885
7480/9885
7490/9885
7500/9885
7510/9885
7520/9885
7530/9885
7540/9885
7550/9885
7560/9885
7570/9885
7580/9885
7590/9885
7600/9885
7610/9885
7620/9885
7630/9885
7640/9885
7650/9885
7660/9885
7670/9885
7680/9885
7690/9885
7700/9885
7710/9885
7720/9885
7730/9885
7740/9885
7750/9885
7760/9885
7770/9885
7780/9885
7790/9885
7800/9885
7810/9885
7820/9885
7830/9885
7840/9885
7850/9885
7860/9885
7870/9885
7880/9885
7890/9885
7900/9885
7910/9885
7920/9885
7930/9885
7940/9885
7950/9885
7960/9885
7970/9885
7980/9885
7990/9885
8000/9885
8010/9885
8020/9885
8030/9885
8040/9885
8050/9885
8060/9885
8070/9885
8080/9885
8090/9885
8100/9885
8110/9885
8120/9885
8130/9885
8140/9885
8150/9885
8160/9885
8170/9885
8180/9885
8190/9885
8200/9885
8210/9885
8220/9885
8230/9885
8240/9885
8250/9885
8260/9885
8270/9885
8280/9885
8290/9885
8300/9885
8310/9885
8320/9885
8330/9885
8340/9885
8350/9885
8360/9885
8370/9885
8380/9885
8390/9885
8400/9885
8410/9885
8420/9885
8430/9885
8440/9885
8450/9885
8460/9885
8470/9885
8480/9885
8490/9885
8500/9885
8510/9885
8520/9885
8530/9885
8540/9885
8550/9885
8560/9885
8570/9885
8580/9885
8590/9885
8600/9885
8610/9885
8620/9885
8630/9885
8640/9885
8650/9885
8660/9885
8670/9885
8680/9885
8690/9885
8700/9885
8710/9885
8720/9885
8730/9885
8740/9885
8750/9885
8760/9885
8770/9885
8780/9885
8790/9885
8800/9885
8810/9885
8820/9885
8830/9885
8840/9885
8850/9885
8860/9885
8870/9885
8880/9885
8890/9885
8900/9885
8910/9885
8920/9885
8930/9885
8940/9885
8950/9885
8960/9885
8970/9885
8980/9885
8990/9885
9000/9885
9010/9885
9020/9885
9030/9885
9040/9885
9050/9885
9060/9885
9070/9885
9080/9885
9090/9885
9100/9885
9110/9885
9120/9885
9130/9885
9140/9885
9150/9885
9160/9885
9170/9885
9180/9885
9190/9885
9200/9885
9210/9885
9220/9885
9230/9885
9240/9885
9250/9885
9260/9885
9270/9885
9280/9885
9290/9885
9300/9885
9310/9885
9320/9885
9330/9885
9340/9885
9350/9885
9360/9885
9370/9885
9380/9885
9390/9885
9400/9885
9410/9885
9420/9885
9430/9885
9440/9885
9450/9885
9460/9885
9470/9885
9480/9885
9490/9885
9500/9885
9510/9885
9520/9885
9530/9885
9540/9885
9550/9885
9560/9885
9570/9885
9580/9885
9590/9885
9600/9885
9610/9885
9620/9885
9630/9885
9640/9885
9650/9885
9660/9885
9670/9885
9680/9885
9690/9885
9700/9885
9710/9885
9720/9885
9730/9885
9740/9885
9750/9885
9760/9885
9770/9885
9780/9885
9790/9885
9800/9885
9810/9885
9820/9885
9830/9885
9840/9885
9850/9885
9860/9885
9870/9885
9880/9885

 Method: WGAN-GP
Number of same peptides: 0
100/9984
200/9984
300/9984
400/9984
500/9984
600/9984
700/9984
800/9984
900/9984
1000/9984
1100/9984
1200/9984
1300/9984
1400/9984
1500/9984
1600/9984
1700/9984
1800/9984
1900/9984
2000/9984
2100/9984
2200/9984
2300/9984
2400/9984
2500/9984
2600/9984
2700/9984
2800/9984
2900/9984
3000/9984
3100/9984
3200/9984
3300/9984
3400/9984
3500/9984
3600/9984
3700/9984
3800/9984
3900/9984
4000/9984
4100/9984
4200/9984
4300/9984
4400/9984
4500/9984
4600/9984
4700/9984
4800/9984
4900/9984
5000/9984
5100/9984
5200/9984
5300/9984
5400/9984
5500/9984
5600/9984
5700/9984
5800/9984
5900/9984
6000/9984
6100/9984
6200/9984
6300/9984
6400/9984
6500/9984
6600/9984
6700/9984
6800/9984
6900/9984
7000/9984
7100/9984
7200/9984
7300/9984
7400/9984
7500/9984
7600/9984
7700/9984
7800/9984
7900/9984
8000/9984
8100/9984
8200/9984
8300/9984
8400/9984
8500/9984
8600/9984
8700/9984
8800/9984
8900/9984
9000/9984
9100/9984
9200/9984
9300/9984
9400/9984
9500/9984
9600/9984
9700/9984
9800/9984
9900/9984
outdir is ../../result/Goal-directed_WGAN-GP_Gamma0_25/epoch1000/
10/9984
20/9984
30/9984
40/9984
50/9984
60/9984
70/9984
80/9984
90/9984
100/9984
110/9984
120/9984
130/9984
140/9984
150/9984
160/9984
170/9984
180/9984
190/9984
200/9984
210/9984
220/9984
230/9984
240/9984
250/9984
260/9984
270/9984
280/9984
290/9984
300/9984
310/9984
320/9984
330/9984
340/9984
350/9984
360/9984
370/9984
380/9984
390/9984
400/9984
410/9984
420/9984
430/9984
440/9984
450/9984
460/9984
470/9984
480/9984
490/9984
500/9984
510/9984
520/9984
530/9984
540/9984
550/9984
560/9984
570/9984
580/9984
590/9984
600/9984
610/9984
620/9984
630/9984
640/9984
650/9984
660/9984
670/9984
680/9984
690/9984
700/9984
710/9984
720/9984
730/9984
740/9984
750/9984
760/9984
770/9984
780/9984
790/9984
800/9984
810/9984
820/9984
830/9984
840/9984
850/9984
860/9984
870/9984
880/9984
890/9984
900/9984
910/9984
920/9984
930/9984
940/9984
950/9984
960/9984
970/9984
980/9984
990/9984
1000/9984
1010/9984
1020/9984
1030/9984
1040/9984
1050/9984
1060/9984
1070/9984
1080/9984
1090/9984
1100/9984
1110/9984
1120/9984
1130/9984
1140/9984
1150/9984
1160/9984
1170/9984
1180/9984
1190/9984
1200/9984
1210/9984
1220/9984
1230/9984
1240/9984
1250/9984
1260/9984
1270/9984
1280/9984
1290/9984
1300/9984
1310/9984
1320/9984
1330/9984
1340/9984
1350/9984
1360/9984
1370/9984
1380/9984
1390/9984
1400/9984
1410/9984
1420/9984
1430/9984
1440/9984
1450/9984
1460/9984
1470/9984
1480/9984
1490/9984
1500/9984
1510/9984
1520/9984
1530/9984
1540/9984
1550/9984
1560/9984
1570/9984
1580/9984
1590/9984
1600/9984
1610/9984
1620/9984
1630/9984
1640/9984
1650/9984
1660/9984
1670/9984
1680/9984
1690/9984
1700/9984
1710/9984
1720/9984
1730/9984
1740/9984
1750/9984
1760/9984
1770/9984
1780/9984
1790/9984
1800/9984
1810/9984
1820/9984
1830/9984
1840/9984
1850/9984
1860/9984
1870/9984
1880/9984
1890/9984
1900/9984
1910/9984
1920/9984
1930/9984
1940/9984
1950/9984
1960/9984
1970/9984
1980/9984
1990/9984
2000/9984
2010/9984
2020/9984
2030/9984
2040/9984
2050/9984
2060/9984
2070/9984
2080/9984
2090/9984
2100/9984
2110/9984
2120/9984
2130/9984
2140/9984
2150/9984
2160/9984
2170/9984
2180/9984
2190/9984
2200/9984
2210/9984
2220/9984
2230/9984
2240/9984
2250/9984
2260/9984
2270/9984
2280/9984
2290/9984
2300/9984
2310/9984
2320/9984
2330/9984
2340/9984
2350/9984
2360/9984
2370/9984
2380/9984
2390/9984
2400/9984
2410/9984
2420/9984
2430/9984
2440/9984
2450/9984
2460/9984
2470/9984
2480/9984
2490/9984
2500/9984
2510/9984
2520/9984
2530/9984
2540/9984
2550/9984
2560/9984
2570/9984
2580/9984
2590/9984
2600/9984
2610/9984
2620/9984
2630/9984
2640/9984
2650/9984
2660/9984
2670/9984
2680/9984
2690/9984
2700/9984
2710/9984
2720/9984
2730/9984
2740/9984
2750/9984
2760/9984
2770/9984
2780/9984
2790/9984
2800/9984
2810/9984
2820/9984
2830/9984
2840/9984
2850/9984
2860/9984
2870/9984
2880/9984
2890/9984
2900/9984
2910/9984
2920/9984
2930/9984
2940/9984
2950/9984
2960/9984
2970/9984
2980/9984
2990/9984
3000/9984
3010/9984
3020/9984
3030/9984
3040/9984
3050/9984
3060/9984
3070/9984
3080/9984
3090/9984
3100/9984
3110/9984
3120/9984
3130/9984
3140/9984
3150/9984
3160/9984
3170/9984
3180/9984
3190/9984
3200/9984
3210/9984
3220/9984
3230/9984
3240/9984
3250/9984
3260/9984
3270/9984
3280/9984
3290/9984
3300/9984
3310/9984
3320/9984
3330/9984
3340/9984
3350/9984
3360/9984
3370/9984
3380/9984
3390/9984
3400/9984
3410/9984
3420/9984
3430/9984
3440/9984
3450/9984
3460/9984
3470/9984
3480/9984
3490/9984
3500/9984
3510/9984
3520/9984
3530/9984
3540/9984
3550/9984
3560/9984
3570/9984
3580/9984
3590/9984
3600/9984
3610/9984
3620/9984
3630/9984
3640/9984
3650/9984
3660/9984
3670/9984
3680/9984
3690/9984
3700/9984
3710/9984
3720/9984
3730/9984
3740/9984
3750/9984
3760/9984
3770/9984
3780/9984
3790/9984
3800/9984
3810/9984
3820/9984
3830/9984
3840/9984
3850/9984
3860/9984
3870/9984
3880/9984
3890/9984
3900/9984
3910/9984
3920/9984
3930/9984
3940/9984
3950/9984
3960/9984
3970/9984
3980/9984
3990/9984
4000/9984
4010/9984
4020/9984
4030/9984
4040/9984
4050/9984
4060/9984
4070/9984
4080/9984
4090/9984
4100/9984
4110/9984
4120/9984
4130/9984
4140/9984
4150/9984
4160/9984
4170/9984
4180/9984
4190/9984
4200/9984
4210/9984
4220/9984
4230/9984
4240/9984
4250/9984
4260/9984
4270/9984
4280/9984
4290/9984
4300/9984
4310/9984
4320/9984
4330/9984
4340/9984
4350/9984
4360/9984
4370/9984
4380/9984
4390/9984
4400/9984
4410/9984
4420/9984
4430/9984
4440/9984
4450/9984
4460/9984
4470/9984
4480/9984
4490/9984
4500/9984
4510/9984
4520/9984
4530/9984
4540/9984
4550/9984
4560/9984
4570/9984
4580/9984
4590/9984
4600/9984
4610/9984
4620/9984
4630/9984
4640/9984
4650/9984
4660/9984
4670/9984
4680/9984
4690/9984
4700/9984
4710/9984
4720/9984
4730/9984
4740/9984
4750/9984
4760/9984
4770/9984
4780/9984
4790/9984
4800/9984
4810/9984
4820/9984
4830/9984
4840/9984
4850/9984
4860/9984
4870/9984
4880/9984
4890/9984
4900/9984
4910/9984
4920/9984
4930/9984
4940/9984
4950/9984
4960/9984
4970/9984
4980/9984
4990/9984
5000/9984
5010/9984
5020/9984
5030/9984
5040/9984
5050/9984
5060/9984
5070/9984
5080/9984
5090/9984
5100/9984
5110/9984
5120/9984
5130/9984
5140/9984
5150/9984
5160/9984
5170/9984
5180/9984
5190/9984
5200/9984
5210/9984
5220/9984
5230/9984
5240/9984
5250/9984
5260/9984
5270/9984
5280/9984
5290/9984
5300/9984
5310/9984
5320/9984
5330/9984
5340/9984
5350/9984
5360/9984
5370/9984
5380/9984
5390/9984
5400/9984
5410/9984
5420/9984
5430/9984
5440/9984
5450/9984
5460/9984
5470/9984
5480/9984
5490/9984
5500/9984
5510/9984
5520/9984
5530/9984
5540/9984
5550/9984
5560/9984
5570/9984
5580/9984
5590/9984
5600/9984
5610/9984
5620/9984
5630/9984
5640/9984
5650/9984
5660/9984
5670/9984
5680/9984
5690/9984
5700/9984
5710/9984
5720/9984
5730/9984
5740/9984
5750/9984
5760/9984
5770/9984
5780/9984
5790/9984
5800/9984
5810/9984
5820/9984
5830/9984
5840/9984
5850/9984
5860/9984
5870/9984
5880/9984
5890/9984
5900/9984
5910/9984
5920/9984
5930/9984
5940/9984
5950/9984
5960/9984
5970/9984
5980/9984
5990/9984
6000/9984
6010/9984
6020/9984
6030/9984
6040/9984
6050/9984
6060/9984
6070/9984
6080/9984
6090/9984
6100/9984
6110/9984
6120/9984
6130/9984
6140/9984
6150/9984
6160/9984
6170/9984
6180/9984
6190/9984
6200/9984
6210/9984
6220/9984
6230/9984
6240/9984
6250/9984
6260/9984
6270/9984
6280/9984
6290/9984
6300/9984
6310/9984
6320/9984
6330/9984
6340/9984
6350/9984
6360/9984
6370/9984
6380/9984
6390/9984
6400/9984
6410/9984
6420/9984
6430/9984
6440/9984
6450/9984
6460/9984
6470/9984
6480/9984
6490/9984
6500/9984
6510/9984
6520/9984
6530/9984
6540/9984
6550/9984
6560/9984
6570/9984
6580/9984
6590/9984
6600/9984
6610/9984
6620/9984
6630/9984
6640/9984
6650/9984
6660/9984
6670/9984
6680/9984
6690/9984
6700/9984
6710/9984
6720/9984
6730/9984
6740/9984
6750/9984
6760/9984
6770/9984
6780/9984
6790/9984
6800/9984
6810/9984
6820/9984
6830/9984
6840/9984
6850/9984
6860/9984
6870/9984
6880/9984
6890/9984
6900/9984
6910/9984
6920/9984
6930/9984
6940/9984
6950/9984
6960/9984
6970/9984
6980/9984
6990/9984
7000/9984
7010/9984
7020/9984
7030/9984
7040/9984
7050/9984
7060/9984
7070/9984
7080/9984
7090/9984
7100/9984
7110/9984
7120/9984
7130/9984
7140/9984
7150/9984
7160/9984
7170/9984
7180/9984
7190/9984
7200/9984
7210/9984
7220/9984
7230/9984
7240/9984
7250/9984
7260/9984
7270/9984
7280/9984
7290/9984
7300/9984
7310/9984
7320/9984
7330/9984
7340/9984
7350/9984
7360/9984
7370/9984
7380/9984
7390/9984
7400/9984
7410/9984
7420/9984
7430/9984
7440/9984
7450/9984
7460/9984
7470/9984
7480/9984
7490/9984
7500/9984
7510/9984
7520/9984
7530/9984
7540/9984
7550/9984
7560/9984
7570/9984
7580/9984
7590/9984
7600/9984
7610/9984
7620/9984
7630/9984
7640/9984
7650/9984
7660/9984
7670/9984
7680/9984
7690/9984
7700/9984
7710/9984
7720/9984
7730/9984
7740/9984
7750/9984
7760/9984
7770/9984
7780/9984
7790/9984
7800/9984
7810/9984
7820/9984
7830/9984
7840/9984
7850/9984
7860/9984
7870/9984
7880/9984
7890/9984
7900/9984
7910/9984
7920/9984
7930/9984
7940/9984
7950/9984
7960/9984
7970/9984
7980/9984
7990/9984
8000/9984
8010/9984
8020/9984
8030/9984
8040/9984
8050/9984
8060/9984
8070/9984
8080/9984
8090/9984
8100/9984
8110/9984
8120/9984
8130/9984
8140/9984
8150/9984
8160/9984
8170/9984
8180/9984
8190/9984
8200/9984
8210/9984
8220/9984
8230/9984
8240/9984
8250/9984
8260/9984
8270/9984
8280/9984
8290/9984
8300/9984
8310/9984
8320/9984
8330/9984
8340/9984
8350/9984
8360/9984
8370/9984
8380/9984
8390/9984
8400/9984
8410/9984
8420/9984
8430/9984
8440/9984
8450/9984
8460/9984
8470/9984
8480/9984
8490/9984
8500/9984
8510/9984
8520/9984
8530/9984
8540/9984
8550/9984
8560/9984
8570/9984
8580/9984
8590/9984
8600/9984
8610/9984
8620/9984
8630/9984
8640/9984
8650/9984
8660/9984
8670/9984
8680/9984
8690/9984
8700/9984
8710/9984
8720/9984
8730/9984
8740/9984
8750/9984
8760/9984
8770/9984
8780/9984
8790/9984
8800/9984
8810/9984
8820/9984
8830/9984
8840/9984
8850/9984
8860/9984
8870/9984
8880/9984
8890/9984
8900/9984
8910/9984
8920/9984
8930/9984
8940/9984
8950/9984
8960/9984
8970/9984
8980/9984
8990/9984
9000/9984
9010/9984
9020/9984
9030/9984
9040/9984
9050/9984
9060/9984
9070/9984
9080/9984
9090/9984
9100/9984
9110/9984
9120/9984
9130/9984
9140/9984
9150/9984
9160/9984
9170/9984
9180/9984
9190/9984
9200/9984
9210/9984
9220/9984
9230/9984
9240/9984
9250/9984
9260/9984
9270/9984
9280/9984
9290/9984
9300/9984
9310/9984
9320/9984
9330/9984
9340/9984
9350/9984
9360/9984
9370/9984
9380/9984
9390/9984
9400/9984
9410/9984
9420/9984
9430/9984
9440/9984
9450/9984
9460/9984
9470/9984
9480/9984
9490/9984
9500/9984
9510/9984
9520/9984
9530/9984
9540/9984
9550/9984
9560/9984
9570/9984
9580/9984
9590/9984
9600/9984
9610/9984
9620/9984
9630/9984
9640/9984
9650/9984
9660/9984
9670/9984
9680/9984
9690/9984
9700/9984
9710/9984
9720/9984
9730/9984
9740/9984
9750/9984
9760/9984
9770/9984
9780/9984
9790/9984
9800/9984
9810/9984
9820/9984
9830/9984
9840/9984
9850/9984
9860/9984
9870/9984
9880/9984
9890/9984
9900/9984
9910/9984
9920/9984
9930/9984
9940/9984
9950/9984
9960/9984
9970/9984
9980/9984

 Method: Goal-directed_WGAN-GP_Gamma0_25
Number of same peptides: 0
100/9919
200/9919
300/9919
400/9919
500/9919
600/9919
700/9919
800/9919
900/9919
1000/9919
1100/9919
1200/9919
1300/9919
1400/9919
1500/9919
1600/9919
1700/9919
1800/9919
1900/9919
2000/9919
2100/9919
2200/9919
2300/9919
2400/9919
2500/9919
2600/9919
2700/9919
2800/9919
2900/9919
3000/9919
3100/9919
3200/9919
3300/9919
3400/9919
3500/9919
3600/9919
3700/9919
3800/9919
3900/9919
4000/9919
4100/9919
4200/9919
4300/9919
4400/9919
4500/9919
4600/9919
4700/9919
4800/9919
4900/9919
5000/9919
5100/9919
5200/9919
5300/9919
5400/9919
5500/9919
5600/9919
5700/9919
5800/9919
5900/9919
6000/9919
6100/9919
6200/9919
6300/9919
6400/9919
6500/9919
6600/9919
6700/9919
6800/9919
6900/9919
7000/9919
7100/9919
7200/9919
7300/9919
7400/9919
7500/9919
7600/9919
7700/9919
7800/9919
7900/9919
8000/9919
8100/9919
8200/9919
8300/9919
8400/9919
8500/9919
8600/9919
8700/9919
8800/9919
8900/9919
9000/9919
9100/9919
9200/9919
9300/9919
9400/9919
9500/9919
9600/9919
9700/9919
9800/9919
9900/9919
outdir is ../../result/Goal-directed_WGAN-GP_Gamma0_5/epoch1000/
10/9919
20/9919
30/9919
40/9919
50/9919
60/9919
70/9919
80/9919
90/9919
100/9919
110/9919
120/9919
130/9919
140/9919
150/9919
160/9919
170/9919
180/9919
190/9919
200/9919
210/9919
220/9919
230/9919
240/9919
250/9919
260/9919
270/9919
280/9919
290/9919
300/9919
310/9919
320/9919
330/9919
340/9919
350/9919
360/9919
370/9919
380/9919
390/9919
400/9919
410/9919
420/9919
430/9919
440/9919
450/9919
460/9919
470/9919
480/9919
490/9919
500/9919
510/9919
520/9919
530/9919
540/9919
550/9919
560/9919
570/9919
580/9919
590/9919
600/9919
610/9919
620/9919
630/9919
640/9919
650/9919
660/9919
670/9919
680/9919
690/9919
700/9919
710/9919
720/9919
730/9919
740/9919
750/9919
760/9919
770/9919
780/9919
790/9919
800/9919
810/9919
820/9919
830/9919
840/9919
850/9919
860/9919
870/9919
880/9919
890/9919
900/9919
910/9919
920/9919
930/9919
940/9919
950/9919
960/9919
970/9919
980/9919
990/9919
1000/9919
1010/9919
1020/9919
1030/9919
1040/9919
1050/9919
1060/9919
1070/9919
1080/9919
1090/9919
1100/9919
1110/9919
1120/9919
1130/9919
1140/9919
1150/9919
1160/9919
1170/9919
1180/9919
1190/9919
1200/9919
1210/9919
1220/9919
1230/9919
1240/9919
1250/9919
1260/9919
1270/9919
1280/9919
1290/9919
1300/9919
1310/9919
1320/9919
1330/9919
1340/9919
1350/9919
1360/9919
1370/9919
1380/9919
1390/9919
1400/9919
1410/9919
1420/9919
1430/9919
1440/9919
1450/9919
1460/9919
1470/9919
1480/9919
1490/9919
1500/9919
1510/9919
1520/9919
1530/9919
1540/9919
1550/9919
1560/9919
1570/9919
1580/9919
1590/9919
1600/9919
1610/9919
1620/9919
1630/9919
1640/9919
1650/9919
1660/9919
1670/9919
1680/9919
1690/9919
1700/9919
1710/9919
1720/9919
1730/9919
1740/9919
1750/9919
1760/9919
1770/9919
1780/9919
1790/9919
1800/9919
1810/9919
1820/9919
1830/9919
1840/9919
1850/9919
1860/9919
1870/9919
1880/9919
1890/9919
1900/9919
1910/9919
1920/9919
1930/9919
1940/9919
1950/9919
1960/9919
1970/9919
1980/9919
1990/9919
2000/9919
2010/9919
2020/9919
2030/9919
2040/9919
2050/9919
2060/9919
2070/9919
2080/9919
2090/9919
2100/9919
2110/9919
2120/9919
2130/9919
2140/9919
2150/9919
2160/9919
2170/9919
2180/9919
2190/9919
2200/9919
2210/9919
2220/9919
2230/9919
2240/9919
2250/9919
2260/9919
2270/9919
2280/9919
2290/9919
2300/9919
2310/9919
2320/9919
2330/9919
2340/9919
2350/9919
2360/9919
2370/9919
2380/9919
2390/9919
2400/9919
2410/9919
2420/9919
2430/9919
2440/9919
2450/9919
2460/9919
2470/9919
2480/9919
2490/9919
2500/9919
2510/9919
2520/9919
2530/9919
2540/9919
2550/9919
2560/9919
2570/9919
2580/9919
2590/9919
2600/9919
2610/9919
2620/9919
2630/9919
2640/9919
2650/9919
2660/9919
2670/9919
2680/9919
2690/9919
2700/9919
2710/9919
2720/9919
2730/9919
2740/9919
2750/9919
2760/9919
2770/9919
2780/9919
2790/9919
2800/9919
2810/9919
2820/9919
2830/9919
2840/9919
2850/9919
2860/9919
2870/9919
2880/9919
2890/9919
2900/9919
2910/9919
2920/9919
2930/9919
2940/9919
2950/9919
2960/9919
2970/9919
2980/9919
2990/9919
3000/9919
3010/9919
3020/9919
3030/9919
3040/9919
3050/9919
3060/9919
3070/9919
3080/9919
3090/9919
3100/9919
3110/9919
3120/9919
3130/9919
3140/9919
3150/9919
3160/9919
3170/9919
3180/9919
3190/9919
3200/9919
3210/9919
3220/9919
3230/9919
3240/9919
3250/9919
3260/9919
3270/9919
3280/9919
3290/9919
3300/9919
3310/9919
3320/9919
3330/9919
3340/9919
3350/9919
3360/9919
3370/9919
3380/9919
3390/9919
3400/9919
3410/9919
3420/9919
3430/9919
3440/9919
3450/9919
3460/9919
3470/9919
3480/9919
3490/9919
3500/9919
3510/9919
3520/9919
3530/9919
3540/9919
3550/9919
3560/9919
3570/9919
3580/9919
3590/9919
3600/9919
3610/9919
3620/9919
3630/9919
3640/9919
3650/9919
3660/9919
3670/9919
3680/9919
3690/9919
3700/9919
3710/9919
3720/9919
3730/9919
3740/9919
3750/9919
3760/9919
3770/9919
3780/9919
3790/9919
3800/9919
3810/9919
3820/9919
3830/9919
3840/9919
3850/9919
3860/9919
3870/9919
3880/9919
3890/9919
3900/9919
3910/9919
3920/9919
3930/9919
3940/9919
3950/9919
3960/9919
3970/9919
3980/9919
3990/9919
4000/9919
4010/9919
4020/9919
4030/9919
4040/9919
4050/9919
4060/9919
4070/9919
4080/9919
4090/9919
4100/9919
4110/9919
4120/9919
4130/9919
4140/9919
4150/9919
4160/9919
4170/9919
4180/9919
4190/9919
4200/9919
4210/9919
4220/9919
4230/9919
4240/9919
4250/9919
4260/9919
4270/9919
4280/9919
4290/9919
4300/9919
4310/9919
4320/9919
4330/9919
4340/9919
4350/9919
4360/9919
4370/9919
4380/9919
4390/9919
4400/9919
4410/9919
4420/9919
4430/9919
4440/9919
4450/9919
4460/9919
4470/9919
4480/9919
4490/9919
4500/9919
4510/9919
4520/9919
4530/9919
4540/9919
4550/9919
4560/9919
4570/9919
4580/9919
4590/9919
4600/9919
4610/9919
4620/9919
4630/9919
4640/9919
4650/9919
4660/9919
4670/9919
4680/9919
4690/9919
4700/9919
4710/9919
4720/9919
4730/9919
4740/9919
4750/9919
4760/9919
4770/9919
4780/9919
4790/9919
4800/9919
4810/9919
4820/9919
4830/9919
4840/9919
4850/9919
4860/9919
4870/9919
4880/9919
4890/9919
4900/9919
4910/9919
4920/9919
4930/9919
4940/9919
4950/9919
4960/9919
4970/9919
4980/9919
4990/9919
5000/9919
5010/9919
5020/9919
5030/9919
5040/9919
5050/9919
5060/9919
5070/9919
5080/9919
5090/9919
5100/9919
5110/9919
5120/9919
5130/9919
5140/9919
5150/9919
5160/9919
5170/9919
5180/9919
5190/9919
5200/9919
5210/9919
5220/9919
5230/9919
5240/9919
5250/9919
5260/9919
5270/9919
5280/9919
5290/9919
5300/9919
5310/9919
5320/9919
5330/9919
5340/9919
5350/9919
5360/9919
5370/9919
5380/9919
5390/9919
5400/9919
5410/9919
5420/9919
5430/9919
5440/9919
5450/9919
5460/9919
5470/9919
5480/9919
5490/9919
5500/9919
5510/9919
5520/9919
5530/9919
5540/9919
5550/9919
5560/9919
5570/9919
5580/9919
5590/9919
5600/9919
5610/9919
5620/9919
5630/9919
5640/9919
5650/9919
5660/9919
5670/9919
5680/9919
5690/9919
5700/9919
5710/9919
5720/9919
5730/9919
5740/9919
5750/9919
5760/9919
5770/9919
5780/9919
5790/9919
5800/9919
5810/9919
5820/9919
5830/9919
5840/9919
5850/9919
5860/9919
5870/9919
5880/9919
5890/9919
5900/9919
5910/9919
5920/9919
5930/9919
5940/9919
5950/9919
5960/9919
5970/9919
5980/9919
5990/9919
6000/9919
6010/9919
6020/9919
6030/9919
6040/9919
6050/9919
6060/9919
6070/9919
6080/9919
6090/9919
6100/9919
6110/9919
6120/9919
6130/9919
6140/9919
6150/9919
6160/9919
6170/9919
6180/9919
6190/9919
6200/9919
6210/9919
6220/9919
6230/9919
6240/9919
6250/9919
6260/9919
6270/9919
6280/9919
6290/9919
6300/9919
6310/9919
6320/9919
6330/9919
6340/9919
6350/9919
6360/9919
6370/9919
6380/9919
6390/9919
6400/9919
6410/9919
6420/9919
6430/9919
6440/9919
6450/9919
6460/9919
6470/9919
6480/9919
6490/9919
6500/9919
6510/9919
6520/9919
6530/9919
6540/9919
6550/9919
6560/9919
6570/9919
6580/9919
6590/9919
6600/9919
6610/9919
6620/9919
6630/9919
6640/9919
6650/9919
6660/9919
6670/9919
6680/9919
6690/9919
6700/9919
6710/9919
6720/9919
6730/9919
6740/9919
6750/9919
6760/9919
6770/9919
6780/9919
6790/9919
6800/9919
6810/9919
6820/9919
6830/9919
6840/9919
6850/9919
6860/9919
6870/9919
6880/9919
6890/9919
6900/9919
6910/9919
6920/9919
6930/9919
6940/9919
6950/9919
6960/9919
6970/9919
6980/9919
6990/9919
7000/9919
7010/9919
7020/9919
7030/9919
7040/9919
7050/9919
7060/9919
7070/9919
7080/9919
7090/9919
7100/9919
7110/9919
7120/9919
7130/9919
7140/9919
7150/9919
7160/9919
7170/9919
7180/9919
7190/9919
7200/9919
7210/9919
7220/9919
7230/9919
7240/9919
7250/9919
7260/9919
7270/9919
7280/9919
7290/9919
7300/9919
7310/9919
7320/9919
7330/9919
7340/9919
7350/9919
7360/9919
7370/9919
7380/9919
7390/9919
7400/9919
7410/9919
7420/9919
7430/9919
7440/9919
7450/9919
7460/9919
7470/9919
7480/9919
7490/9919
7500/9919
7510/9919
7520/9919
7530/9919
7540/9919
7550/9919
7560/9919
7570/9919
7580/9919
7590/9919
7600/9919
7610/9919
7620/9919
7630/9919
7640/9919
7650/9919
7660/9919
7670/9919
7680/9919
7690/9919
7700/9919
7710/9919
7720/9919
7730/9919
7740/9919
7750/9919
7760/9919
7770/9919
7780/9919
7790/9919
7800/9919
7810/9919
7820/9919
7830/9919
7840/9919
7850/9919
7860/9919
7870/9919
7880/9919
7890/9919
7900/9919
7910/9919
7920/9919
7930/9919
7940/9919
7950/9919
7960/9919
7970/9919
7980/9919
7990/9919
8000/9919
8010/9919
8020/9919
8030/9919
8040/9919
8050/9919
8060/9919
8070/9919
8080/9919
8090/9919
8100/9919
8110/9919
8120/9919
8130/9919
8140/9919
8150/9919
8160/9919
8170/9919
8180/9919
8190/9919
8200/9919
8210/9919
8220/9919
8230/9919
8240/9919
8250/9919
8260/9919
8270/9919
8280/9919
8290/9919
8300/9919
8310/9919
8320/9919
8330/9919
8340/9919
8350/9919
8360/9919
8370/9919
8380/9919
8390/9919
8400/9919
8410/9919
8420/9919
8430/9919
8440/9919
8450/9919
8460/9919
8470/9919
8480/9919
8490/9919
8500/9919
8510/9919
8520/9919
8530/9919
8540/9919
8550/9919
8560/9919
8570/9919
8580/9919
8590/9919
8600/9919
8610/9919
8620/9919
8630/9919
8640/9919
8650/9919
8660/9919
8670/9919
8680/9919
8690/9919
8700/9919
8710/9919
8720/9919
8730/9919
8740/9919
8750/9919
8760/9919
8770/9919
8780/9919
8790/9919
8800/9919
8810/9919
8820/9919
8830/9919
8840/9919
8850/9919
8860/9919
8870/9919
8880/9919
8890/9919
8900/9919
8910/9919
8920/9919
8930/9919
8940/9919
8950/9919
8960/9919
8970/9919
8980/9919
8990/9919
9000/9919
9010/9919
9020/9919
9030/9919
9040/9919
9050/9919
9060/9919
9070/9919
9080/9919
9090/9919
9100/9919
9110/9919
9120/9919
9130/9919
9140/9919
9150/9919
9160/9919
9170/9919
9180/9919
9190/9919
9200/9919
9210/9919
9220/9919
9230/9919
9240/9919
9250/9919
9260/9919
9270/9919
9280/9919
9290/9919
9300/9919
9310/9919
9320/9919
9330/9919
9340/9919
9350/9919
9360/9919
9370/9919
9380/9919
9390/9919
9400/9919
9410/9919
9420/9919
9430/9919
9440/9919
9450/9919
9460/9919
9470/9919
9480/9919
9490/9919
9500/9919
9510/9919
9520/9919
9530/9919
9540/9919
9550/9919
9560/9919
9570/9919
9580/9919
9590/9919
9600/9919
9610/9919
9620/9919
9630/9919
9640/9919
9650/9919
9660/9919
9670/9919
9680/9919
9690/9919
9700/9919
9710/9919
9720/9919
9730/9919
9740/9919
9750/9919
9760/9919
9770/9919
9780/9919
9790/9919
9800/9919
9810/9919
9820/9919
9830/9919
9840/9919
9850/9919
9860/9919
9870/9919
9880/9919
9890/9919
9900/9919
9910/9919

 Method: Goal-directed_WGAN-GP_Gamma0_5
Number of same peptides: 0
100/8155
200/8155
300/8155
400/8155
500/8155
600/8155
700/8155
800/8155
900/8155
1000/8155
1100/8155
1200/8155
1300/8155
1400/8155
1500/8155
1600/8155
1700/8155
1800/8155
1900/8155
2000/8155
2100/8155
2200/8155
2300/8155
2400/8155
2500/8155
2600/8155
2700/8155
2800/8155
2900/8155
3000/8155
3100/8155
3200/8155
3300/8155
3400/8155
3500/8155
3600/8155
3700/8155
3800/8155
3900/8155
4000/8155
4100/8155
4200/8155
4300/8155
4400/8155
4500/8155
4600/8155
4700/8155
4800/8155
4900/8155
5000/8155
5100/8155
5200/8155
5300/8155
5400/8155
5500/8155
5600/8155
5700/8155
5800/8155
5900/8155
6000/8155
6100/8155
6200/8155
6300/8155
6400/8155
6500/8155
6600/8155
6700/8155
6800/8155
6900/8155
7000/8155
7100/8155
7200/8155
7300/8155
7400/8155
7500/8155
7600/8155
7700/8155
7800/8155
7900/8155
8000/8155
8100/8155
outdir is ../../result/Goal-directed_WGAN-GP_Gamma0_75/epoch1000/
10/8155
20/8155
30/8155
40/8155
50/8155
60/8155
70/8155
80/8155
90/8155
100/8155
110/8155
120/8155
130/8155
140/8155
150/8155
160/8155
170/8155
180/8155
190/8155
200/8155
210/8155
220/8155
230/8155
240/8155
250/8155
260/8155
270/8155
280/8155
290/8155
300/8155
310/8155
320/8155
330/8155
340/8155
350/8155
360/8155
370/8155
380/8155
390/8155
400/8155
410/8155
420/8155
430/8155
440/8155
450/8155
460/8155
470/8155
480/8155
490/8155
500/8155
510/8155
520/8155
530/8155
540/8155
550/8155
560/8155
570/8155
580/8155
590/8155
600/8155
610/8155
620/8155
630/8155
640/8155
650/8155
660/8155
670/8155
680/8155
690/8155
700/8155
710/8155
720/8155
730/8155
740/8155
750/8155
760/8155
770/8155
780/8155
790/8155
800/8155
810/8155
820/8155
830/8155
840/8155
850/8155
860/8155
870/8155
880/8155
890/8155
900/8155
910/8155
920/8155
930/8155
940/8155
950/8155
960/8155
970/8155
980/8155
990/8155
1000/8155
1010/8155
1020/8155
1030/8155
1040/8155
1050/8155
1060/8155
1070/8155
1080/8155
1090/8155
1100/8155
1110/8155
1120/8155
1130/8155
1140/8155
1150/8155
1160/8155
1170/8155
1180/8155
1190/8155
1200/8155
1210/8155
1220/8155
1230/8155
1240/8155
1250/8155
1260/8155
1270/8155
1280/8155
1290/8155
1300/8155
1310/8155
1320/8155
1330/8155
1340/8155
1350/8155
1360/8155
1370/8155
1380/8155
1390/8155
1400/8155
1410/8155
1420/8155
1430/8155
1440/8155
1450/8155
1460/8155
1470/8155
1480/8155
1490/8155
1500/8155
1510/8155
1520/8155
1530/8155
1540/8155
1550/8155
1560/8155
1570/8155
1580/8155
1590/8155
1600/8155
1610/8155
1620/8155
1630/8155
1640/8155
1650/8155
1660/8155
1670/8155
1680/8155
1690/8155
1700/8155
1710/8155
1720/8155
1730/8155
1740/8155
1750/8155
1760/8155
1770/8155
1780/8155
1790/8155
1800/8155
1810/8155
1820/8155
1830/8155
1840/8155
1850/8155
1860/8155
1870/8155
1880/8155
1890/8155
1900/8155
1910/8155
1920/8155
1930/8155
1940/8155
1950/8155
1960/8155
1970/8155
1980/8155
1990/8155
2000/8155
2010/8155
2020/8155
2030/8155
2040/8155
2050/8155
2060/8155
2070/8155
2080/8155
2090/8155
2100/8155
2110/8155
2120/8155
2130/8155
2140/8155
2150/8155
2160/8155
2170/8155
2180/8155
2190/8155
2200/8155
2210/8155
2220/8155
2230/8155
2240/8155
2250/8155
2260/8155
2270/8155
2280/8155
2290/8155
2300/8155
2310/8155
2320/8155
2330/8155
2340/8155
2350/8155
2360/8155
2370/8155
2380/8155
2390/8155
2400/8155
2410/8155
2420/8155
2430/8155
2440/8155
2450/8155
2460/8155
2470/8155
2480/8155
2490/8155
2500/8155
2510/8155
2520/8155
2530/8155
2540/8155
2550/8155
2560/8155
2570/8155
2580/8155
2590/8155
2600/8155
2610/8155
2620/8155
2630/8155
2640/8155
2650/8155
2660/8155
2670/8155
2680/8155
2690/8155
2700/8155
2710/8155
2720/8155
2730/8155
2740/8155
2750/8155
2760/8155
2770/8155
2780/8155
2790/8155
2800/8155
2810/8155
2820/8155
2830/8155
2840/8155
2850/8155
2860/8155
2870/8155
2880/8155
2890/8155
2900/8155
2910/8155
2920/8155
2930/8155
2940/8155
2950/8155
2960/8155
2970/8155
2980/8155
2990/8155
3000/8155
3010/8155
3020/8155
3030/8155
3040/8155
3050/8155
3060/8155
3070/8155
3080/8155
3090/8155
3100/8155
3110/8155
3120/8155
3130/8155
3140/8155
3150/8155
3160/8155
3170/8155
3180/8155
3190/8155
3200/8155
3210/8155
3220/8155
3230/8155
3240/8155
3250/8155
3260/8155
3270/8155
3280/8155
3290/8155
3300/8155
3310/8155
3320/8155
3330/8155
3340/8155
3350/8155
3360/8155
3370/8155
3380/8155
3390/8155
3400/8155
3410/8155
3420/8155
3430/8155
3440/8155
3450/8155
3460/8155
3470/8155
3480/8155
3490/8155
3500/8155
3510/8155
3520/8155
3530/8155
3540/8155
3550/8155
3560/8155
3570/8155
3580/8155
3590/8155
3600/8155
3610/8155
3620/8155
3630/8155
3640/8155
3650/8155
3660/8155
3670/8155
3680/8155
3690/8155
3700/8155
3710/8155
3720/8155
3730/8155
3740/8155
3750/8155
3760/8155
3770/8155
3780/8155
3790/8155
3800/8155
3810/8155
3820/8155
3830/8155
3840/8155
3850/8155
3860/8155
3870/8155
3880/8155
3890/8155
3900/8155
3910/8155
3920/8155
3930/8155
3940/8155
3950/8155
3960/8155
3970/8155
3980/8155
3990/8155
4000/8155
4010/8155
4020/8155
4030/8155
4040/8155
4050/8155
4060/8155
4070/8155
4080/8155
4090/8155
4100/8155
4110/8155
4120/8155
4130/8155
4140/8155
4150/8155
4160/8155
4170/8155
4180/8155
4190/8155
4200/8155
4210/8155
4220/8155
4230/8155
4240/8155
4250/8155
4260/8155
4270/8155
4280/8155
4290/8155
4300/8155
4310/8155
4320/8155
4330/8155
4340/8155
4350/8155
4360/8155
4370/8155
4380/8155
4390/8155
4400/8155
4410/8155
4420/8155
4430/8155
4440/8155
4450/8155
4460/8155
4470/8155
4480/8155
4490/8155
4500/8155
4510/8155
4520/8155
4530/8155
4540/8155
4550/8155
4560/8155
4570/8155
4580/8155
4590/8155
4600/8155
4610/8155
4620/8155
4630/8155
4640/8155
4650/8155
4660/8155
4670/8155
4680/8155
4690/8155
4700/8155
4710/8155
4720/8155
4730/8155
4740/8155
4750/8155
4760/8155
4770/8155
4780/8155
4790/8155
4800/8155
4810/8155
4820/8155
4830/8155
4840/8155
4850/8155
4860/8155
4870/8155
4880/8155
4890/8155
4900/8155
4910/8155
4920/8155
4930/8155
4940/8155
4950/8155
4960/8155
4970/8155
4980/8155
4990/8155
5000/8155
5010/8155
5020/8155
5030/8155
5040/8155
5050/8155
5060/8155
5070/8155
5080/8155
5090/8155
5100/8155
5110/8155
5120/8155
5130/8155
5140/8155
5150/8155
5160/8155
5170/8155
5180/8155
5190/8155
5200/8155
5210/8155
5220/8155
5230/8155
5240/8155
5250/8155
5260/8155
5270/8155
5280/8155
5290/8155
5300/8155
5310/8155
5320/8155
5330/8155
5340/8155
5350/8155
5360/8155
5370/8155
5380/8155
5390/8155
5400/8155
5410/8155
5420/8155
5430/8155
5440/8155
5450/8155
5460/8155
5470/8155
5480/8155
5490/8155
5500/8155
5510/8155
5520/8155
5530/8155
5540/8155
5550/8155
5560/8155
5570/8155
5580/8155
5590/8155
5600/8155
5610/8155
5620/8155
5630/8155
5640/8155
5650/8155
5660/8155
5670/8155
5680/8155
5690/8155
5700/8155
5710/8155
5720/8155
5730/8155
5740/8155
5750/8155
5760/8155
5770/8155
5780/8155
5790/8155
5800/8155
5810/8155
5820/8155
5830/8155
5840/8155
5850/8155
5860/8155
5870/8155
5880/8155
5890/8155
5900/8155
5910/8155
5920/8155
5930/8155
5940/8155
5950/8155
5960/8155
5970/8155
5980/8155
5990/8155
6000/8155
6010/8155
6020/8155
6030/8155
6040/8155
6050/8155
6060/8155
6070/8155
6080/8155
6090/8155
6100/8155
6110/8155
6120/8155
6130/8155
6140/8155
6150/8155
6160/8155
6170/8155
6180/8155
6190/8155
6200/8155
6210/8155
6220/8155
6230/8155
6240/8155
6250/8155
6260/8155
6270/8155
6280/8155
6290/8155
6300/8155
6310/8155
6320/8155
6330/8155
6340/8155
6350/8155
6360/8155
6370/8155
6380/8155
6390/8155
6400/8155
6410/8155
6420/8155
6430/8155
6440/8155
6450/8155
6460/8155
6470/8155
6480/8155
6490/8155
6500/8155
6510/8155
6520/8155
6530/8155
6540/8155
6550/8155
6560/8155
6570/8155
6580/8155
6590/8155
6600/8155
6610/8155
6620/8155
6630/8155
6640/8155
6650/8155
6660/8155
6670/8155
6680/8155
6690/8155
6700/8155
6710/8155
6720/8155
6730/8155
6740/8155
6750/8155
6760/8155
6770/8155
6780/8155
6790/8155
6800/8155
6810/8155
6820/8155
6830/8155
6840/8155
6850/8155
6860/8155
6870/8155
6880/8155
6890/8155
6900/8155
6910/8155
6920/8155
6930/8155
6940/8155
6950/8155
6960/8155
6970/8155
6980/8155
6990/8155
7000/8155
7010/8155
7020/8155
7030/8155
7040/8155
7050/8155
7060/8155
7070/8155
7080/8155
7090/8155
7100/8155
7110/8155
7120/8155
7130/8155
7140/8155
7150/8155
7160/8155
7170/8155
7180/8155
7190/8155
7200/8155
7210/8155
7220/8155
7230/8155
7240/8155
7250/8155
7260/8155
7270/8155
7280/8155
7290/8155
7300/8155
7310/8155
7320/8155
7330/8155
7340/8155
7350/8155
7360/8155
7370/8155
7380/8155
7390/8155
7400/8155
7410/8155
7420/8155
7430/8155
7440/8155
7450/8155
7460/8155
7470/8155
7480/8155
7490/8155
7500/8155
7510/8155
7520/8155
7530/8155
7540/8155
7550/8155
7560/8155
7570/8155
7580/8155
7590/8155
7600/8155
7610/8155
7620/8155
7630/8155
7640/8155
7650/8155
7660/8155
7670/8155
7680/8155
7690/8155
7700/8155
7710/8155
7720/8155
7730/8155
7740/8155
7750/8155
7760/8155
7770/8155
7780/8155
7790/8155
7800/8155
7810/8155
7820/8155
7830/8155
7840/8155
7850/8155
7860/8155
7870/8155
7880/8155
7890/8155
7900/8155
7910/8155
7920/8155
7930/8155
7940/8155
7950/8155
7960/8155
7970/8155
7980/8155
7990/8155
8000/8155
8010/8155
8020/8155
8030/8155
8040/8155
8050/8155
8060/8155
8070/8155
8080/8155
8090/8155
8100/8155
8110/8155
8120/8155
8130/8155
8140/8155
8150/8155

 Method: Goal-directed_WGAN-GP_Gamma0_75
Number of same peptides: 0
100/9959
200/9959
300/9959
400/9959
500/9959
600/9959
700/9959
800/9959
900/9959
1000/9959
1100/9959
1200/9959
1300/9959
1400/9959
1500/9959
1600/9959
1700/9959
1800/9959
1900/9959
2000/9959
2100/9959
2200/9959
2300/9959
2400/9959
2500/9959
2600/9959
2700/9959
2800/9959
2900/9959
3000/9959
3100/9959
3200/9959
3300/9959
3400/9959
3500/9959
3600/9959
3700/9959
3800/9959
3900/9959
4000/9959
4100/9959
4200/9959
4300/9959
4400/9959
4500/9959
4600/9959
4700/9959
4800/9959
4900/9959
5000/9959
5100/9959
5200/9959
5300/9959
5400/9959
5500/9959
5600/9959
5700/9959
5800/9959
5900/9959
6000/9959
6100/9959
6200/9959
6300/9959
6400/9959
6500/9959
6600/9959
6700/9959
6800/9959
6900/9959
7000/9959
7100/9959
7200/9959
7300/9959
7400/9959
7500/9959
7600/9959
7700/9959
7800/9959
7900/9959
8000/9959
8100/9959
8200/9959
8300/9959
8400/9959
8500/9959
8600/9959
8700/9959
8800/9959
8900/9959
9000/9959
9100/9959
9200/9959
9300/9959
9400/9959
9500/9959
9600/9959
9700/9959
9800/9959
9900/9959
outdir is ../../result/Goal-directed_WGAN-GP_noRewardNet/epoch1000/
10/9959
20/9959
30/9959
40/9959
50/9959
60/9959
70/9959
80/9959
90/9959
100/9959
110/9959
120/9959
130/9959
140/9959
150/9959
160/9959
170/9959
180/9959
190/9959
200/9959
210/9959
220/9959
230/9959
240/9959
250/9959
260/9959
270/9959
280/9959
290/9959
300/9959
310/9959
320/9959
330/9959
340/9959
350/9959
360/9959
370/9959
380/9959
390/9959
400/9959
410/9959
420/9959
430/9959
440/9959
450/9959
460/9959
470/9959
480/9959
490/9959
500/9959
510/9959
520/9959
530/9959
540/9959
550/9959
560/9959
570/9959
580/9959
590/9959
600/9959
610/9959
620/9959
630/9959
640/9959
650/9959
660/9959
670/9959
680/9959
690/9959
700/9959
710/9959
720/9959
730/9959
740/9959
750/9959
760/9959
770/9959
780/9959
790/9959
800/9959
810/9959
820/9959
830/9959
840/9959
850/9959
860/9959
870/9959
880/9959
890/9959
900/9959
910/9959
920/9959
930/9959
940/9959
950/9959
960/9959
970/9959
980/9959
990/9959
1000/9959
1010/9959
1020/9959
1030/9959
1040/9959
1050/9959
1060/9959
1070/9959
1080/9959
1090/9959
1100/9959
1110/9959
1120/9959
1130/9959
1140/9959
1150/9959
1160/9959
1170/9959
1180/9959
1190/9959
1200/9959
1210/9959
1220/9959
1230/9959
1240/9959
1250/9959
1260/9959
1270/9959
1280/9959
1290/9959
1300/9959
1310/9959
1320/9959
1330/9959
1340/9959
1350/9959
1360/9959
1370/9959
1380/9959
1390/9959
1400/9959
1410/9959
1420/9959
1430/9959
1440/9959
1450/9959
1460/9959
1470/9959
1480/9959
1490/9959
1500/9959
1510/9959
1520/9959
1530/9959
1540/9959
1550/9959
1560/9959
1570/9959
1580/9959
1590/9959
1600/9959
1610/9959
1620/9959
1630/9959
1640/9959
1650/9959
1660/9959
1670/9959
1680/9959
1690/9959
1700/9959
1710/9959
1720/9959
1730/9959
1740/9959
1750/9959
1760/9959
1770/9959
1780/9959
1790/9959
1800/9959
1810/9959
1820/9959
1830/9959
1840/9959
1850/9959
1860/9959
1870/9959
1880/9959
1890/9959
1900/9959
1910/9959
1920/9959
1930/9959
1940/9959
1950/9959
1960/9959
1970/9959
1980/9959
1990/9959
2000/9959
2010/9959
2020/9959
2030/9959
2040/9959
2050/9959
2060/9959
2070/9959
2080/9959
2090/9959
2100/9959
2110/9959
2120/9959
2130/9959
2140/9959
2150/9959
2160/9959
2170/9959
2180/9959
2190/9959
2200/9959
2210/9959
2220/9959
2230/9959
2240/9959
2250/9959
2260/9959
2270/9959
2280/9959
2290/9959
2300/9959
2310/9959
2320/9959
2330/9959
2340/9959
2350/9959
2360/9959
2370/9959
2380/9959
2390/9959
2400/9959
2410/9959
2420/9959
2430/9959
2440/9959
2450/9959
2460/9959
2470/9959
2480/9959
2490/9959
2500/9959
2510/9959
2520/9959
2530/9959
2540/9959
2550/9959
2560/9959
2570/9959
2580/9959
2590/9959
2600/9959
2610/9959
2620/9959
2630/9959
2640/9959
2650/9959
2660/9959
2670/9959
2680/9959
2690/9959
2700/9959
2710/9959
2720/9959
2730/9959
2740/9959
2750/9959
2760/9959
2770/9959
2780/9959
2790/9959
2800/9959
2810/9959
2820/9959
2830/9959
2840/9959
2850/9959
2860/9959
2870/9959
2880/9959
2890/9959
2900/9959
2910/9959
2920/9959
2930/9959
2940/9959
2950/9959
2960/9959
2970/9959
2980/9959
2990/9959
3000/9959
3010/9959
3020/9959
3030/9959
3040/9959
3050/9959
3060/9959
3070/9959
3080/9959
3090/9959
3100/9959
3110/9959
3120/9959
3130/9959
3140/9959
3150/9959
3160/9959
3170/9959
3180/9959
3190/9959
3200/9959
3210/9959
3220/9959
3230/9959
3240/9959
3250/9959
3260/9959
3270/9959
3280/9959
3290/9959
3300/9959
3310/9959
3320/9959
3330/9959
3340/9959
3350/9959
3360/9959
3370/9959
3380/9959
3390/9959
3400/9959
3410/9959
3420/9959
3430/9959
3440/9959
3450/9959
3460/9959
3470/9959
3480/9959
3490/9959
3500/9959
3510/9959
3520/9959
3530/9959
3540/9959
3550/9959
3560/9959
3570/9959
3580/9959
3590/9959
3600/9959
3610/9959
3620/9959
3630/9959
3640/9959
3650/9959
3660/9959
3670/9959
3680/9959
3690/9959
3700/9959
3710/9959
3720/9959
3730/9959
3740/9959
3750/9959
3760/9959
3770/9959
3780/9959
3790/9959
3800/9959
3810/9959
3820/9959
3830/9959
3840/9959
3850/9959
3860/9959
3870/9959
3880/9959
3890/9959
3900/9959
3910/9959
3920/9959
3930/9959
3940/9959
3950/9959
3960/9959
3970/9959
3980/9959
3990/9959
4000/9959
4010/9959
4020/9959
4030/9959
4040/9959
4050/9959
4060/9959
4070/9959
4080/9959
4090/9959
4100/9959
4110/9959
4120/9959
4130/9959
4140/9959
4150/9959
4160/9959
4170/9959
4180/9959
4190/9959
4200/9959
4210/9959
4220/9959
4230/9959
4240/9959
4250/9959
4260/9959
4270/9959
4280/9959
4290/9959
4300/9959
4310/9959
4320/9959
4330/9959
4340/9959
4350/9959
4360/9959
4370/9959
4380/9959
4390/9959
4400/9959
4410/9959
4420/9959
4430/9959
4440/9959
4450/9959
4460/9959
4470/9959
4480/9959
4490/9959
4500/9959
4510/9959
4520/9959
4530/9959
4540/9959
4550/9959
4560/9959
4570/9959
4580/9959
4590/9959
4600/9959
4610/9959
4620/9959
4630/9959
4640/9959
4650/9959
4660/9959
4670/9959
4680/9959
4690/9959
4700/9959
4710/9959
4720/9959
4730/9959
4740/9959
4750/9959
4760/9959
4770/9959
4780/9959
4790/9959
4800/9959
4810/9959
4820/9959
4830/9959
4840/9959
4850/9959
4860/9959
4870/9959
4880/9959
4890/9959
4900/9959
4910/9959
4920/9959
4930/9959
4940/9959
4950/9959
4960/9959
4970/9959
4980/9959
4990/9959
5000/9959
5010/9959
5020/9959
5030/9959
5040/9959
5050/9959
5060/9959
5070/9959
5080/9959
5090/9959
5100/9959
5110/9959
5120/9959
5130/9959
5140/9959
5150/9959
5160/9959
5170/9959
5180/9959
5190/9959
5200/9959
5210/9959
5220/9959
5230/9959
5240/9959
5250/9959
5260/9959
5270/9959
5280/9959
5290/9959
5300/9959
5310/9959
5320/9959
5330/9959
5340/9959
5350/9959
5360/9959
5370/9959
5380/9959
5390/9959
5400/9959
5410/9959
5420/9959
5430/9959
5440/9959
5450/9959
5460/9959
5470/9959
5480/9959
5490/9959
5500/9959
5510/9959
5520/9959
5530/9959
5540/9959
5550/9959
5560/9959
5570/9959
5580/9959
5590/9959
5600/9959
5610/9959
5620/9959
5630/9959
5640/9959
5650/9959
5660/9959
5670/9959
5680/9959
5690/9959
5700/9959
5710/9959
5720/9959
5730/9959
5740/9959
5750/9959
5760/9959
5770/9959
5780/9959
5790/9959
5800/9959
5810/9959
5820/9959
5830/9959
5840/9959
5850/9959
5860/9959
5870/9959
5880/9959
5890/9959
5900/9959
5910/9959
5920/9959
5930/9959
5940/9959
5950/9959
5960/9959
5970/9959
5980/9959
5990/9959
6000/9959
6010/9959
6020/9959
6030/9959
6040/9959
6050/9959
6060/9959
6070/9959
6080/9959
6090/9959
6100/9959
6110/9959
6120/9959
6130/9959
6140/9959
6150/9959
6160/9959
6170/9959
6180/9959
6190/9959
6200/9959
6210/9959
6220/9959
6230/9959
6240/9959
6250/9959
6260/9959
6270/9959
6280/9959
6290/9959
6300/9959
6310/9959
6320/9959
6330/9959
6340/9959
6350/9959
6360/9959
6370/9959
6380/9959
6390/9959
6400/9959
6410/9959
6420/9959
6430/9959
6440/9959
6450/9959
6460/9959
6470/9959
6480/9959
6490/9959
6500/9959
6510/9959
6520/9959
6530/9959
6540/9959
6550/9959
6560/9959
6570/9959
6580/9959
6590/9959
6600/9959
6610/9959
6620/9959
6630/9959
6640/9959
6650/9959
6660/9959
6670/9959
6680/9959
6690/9959
6700/9959
6710/9959
6720/9959
6730/9959
6740/9959
6750/9959
6760/9959
6770/9959
6780/9959
6790/9959
6800/9959
6810/9959
6820/9959
6830/9959
6840/9959
6850/9959
6860/9959
6870/9959
6880/9959
6890/9959
6900/9959
6910/9959
6920/9959
6930/9959
6940/9959
6950/9959
6960/9959
6970/9959
6980/9959
6990/9959
7000/9959
7010/9959
7020/9959
7030/9959
7040/9959
7050/9959
7060/9959
7070/9959
7080/9959
7090/9959
7100/9959
7110/9959
7120/9959
7130/9959
7140/9959
7150/9959
7160/9959
7170/9959
7180/9959
7190/9959
7200/9959
7210/9959
7220/9959
7230/9959
7240/9959
7250/9959
7260/9959
7270/9959
7280/9959
7290/9959
7300/9959
7310/9959
7320/9959
7330/9959
7340/9959
7350/9959
7360/9959
7370/9959
7380/9959
7390/9959
7400/9959
7410/9959
7420/9959
7430/9959
7440/9959
7450/9959
7460/9959
7470/9959
7480/9959
7490/9959
7500/9959
7510/9959
7520/9959
7530/9959
7540/9959
7550/9959
7560/9959
7570/9959
7580/9959
7590/9959
7600/9959
7610/9959
7620/9959
7630/9959
7640/9959
7650/9959
7660/9959
7670/9959
7680/9959
7690/9959
7700/9959
7710/9959
7720/9959
7730/9959
7740/9959
7750/9959
7760/9959
7770/9959
7780/9959
7790/9959
7800/9959
7810/9959
7820/9959
7830/9959
7840/9959
7850/9959
7860/9959
7870/9959
7880/9959
7890/9959
7900/9959
7910/9959
7920/9959
7930/9959
7940/9959
7950/9959
7960/9959
7970/9959
7980/9959
7990/9959
8000/9959
8010/9959
8020/9959
8030/9959
8040/9959
8050/9959
8060/9959
8070/9959
8080/9959
8090/9959
8100/9959
8110/9959
8120/9959
8130/9959
8140/9959
8150/9959
8160/9959
8170/9959
8180/9959
8190/9959
8200/9959
8210/9959
8220/9959
8230/9959
8240/9959
8250/9959
8260/9959
8270/9959
8280/9959
8290/9959
8300/9959
8310/9959
8320/9959
8330/9959
8340/9959
8350/9959
8360/9959
8370/9959
8380/9959
8390/9959
8400/9959
8410/9959
8420/9959
8430/9959
8440/9959
8450/9959
8460/9959
8470/9959
8480/9959
8490/9959
8500/9959
8510/9959
8520/9959
8530/9959
8540/9959
8550/9959
8560/9959
8570/9959
8580/9959
8590/9959
8600/9959
8610/9959
8620/9959
8630/9959
8640/9959
8650/9959
8660/9959
8670/9959
8680/9959
8690/9959
8700/9959
8710/9959
8720/9959
8730/9959
8740/9959
8750/9959
8760/9959
8770/9959
8780/9959
8790/9959
8800/9959
8810/9959
8820/9959
8830/9959
8840/9959
8850/9959
8860/9959
8870/9959
8880/9959
8890/9959
8900/9959
8910/9959
8920/9959
8930/9959
8940/9959
8950/9959
8960/9959
8970/9959
8980/9959
8990/9959
9000/9959
9010/9959
9020/9959
9030/9959
9040/9959
9050/9959
9060/9959
9070/9959
9080/9959
9090/9959
9100/9959
9110/9959
9120/9959
9130/9959
9140/9959
9150/9959
9160/9959
9170/9959
9180/9959
9190/9959
9200/9959
9210/9959
9220/9959
9230/9959
9240/9959
9250/9959
9260/9959
9270/9959
9280/9959
9290/9959
9300/9959
9310/9959
9320/9959
9330/9959
9340/9959
9350/9959
9360/9959
9370/9959
9380/9959
9390/9959
9400/9959
9410/9959
9420/9959
9430/9959
9440/9959
9450/9959
9460/9959
9470/9959
9480/9959
9490/9959
9500/9959
9510/9959
9520/9959
9530/9959
9540/9959
9550/9959
9560/9959
9570/9959
9580/9959
9590/9959
9600/9959
9610/9959
9620/9959
9630/9959
9640/9959
9650/9959
9660/9959
9670/9959
9680/9959
9690/9959
9700/9959
9710/9959
9720/9959
9730/9959
9740/9959
9750/9959
9760/9959
9770/9959
9780/9959
9790/9959
9800/9959
9810/9959
9820/9959
9830/9959
9840/9959
9850/9959
9860/9959
9870/9959
9880/9959
9890/9959
9900/9959
9910/9959
9920/9959
9930/9959
9940/9959
9950/9959

 Method: Goal-directed_WGAN-GP_noRewardNet
Number of same peptides: 0
100/9967
200/9967
300/9967
400/9967
500/9967
600/9967
700/9967
800/9967
900/9967
1000/9967
1100/9967
1200/9967
1300/9967
1400/9967
1500/9967
1600/9967
1700/9967
1800/9967
1900/9967
2000/9967
2100/9967
2200/9967
2300/9967
2400/9967
2500/9967
2600/9967
2700/9967
2800/9967
2900/9967
3000/9967
3100/9967
3200/9967
3300/9967
3400/9967
3500/9967
3600/9967
3700/9967
3800/9967
3900/9967
4000/9967
4100/9967
4200/9967
4300/9967
4400/9967
4500/9967
4600/9967
4700/9967
4800/9967
4900/9967
5000/9967
5100/9967
5200/9967
5300/9967
5400/9967
5500/9967
5600/9967
5700/9967
5800/9967
5900/9967
6000/9967
6100/9967
6200/9967
6300/9967
6400/9967
6500/9967
6600/9967
6700/9967
6800/9967
6900/9967
7000/9967
7100/9967
7200/9967
7300/9967
7400/9967
7500/9967
7600/9967
7700/9967
7800/9967
7900/9967
8000/9967
8100/9967
8200/9967
8300/9967
8400/9967
8500/9967
8600/9967
8700/9967
8800/9967
8900/9967
9000/9967
9100/9967
9200/9967
9300/9967
9400/9967
9500/9967
9600/9967
9700/9967
9800/9967
9900/9967
outdir is ../../result/Goal-directed_WGAN-GP_noSscale/epoch1000/
10/9967
20/9967
30/9967
40/9967
50/9967
60/9967
70/9967
80/9967
90/9967
100/9967
110/9967
120/9967
130/9967
140/9967
150/9967
160/9967
170/9967
180/9967
190/9967
200/9967
210/9967
220/9967
230/9967
240/9967
250/9967
260/9967
270/9967
280/9967
290/9967
300/9967
310/9967
320/9967
330/9967
340/9967
350/9967
360/9967
370/9967
380/9967
390/9967
400/9967
410/9967
420/9967
430/9967
440/9967
450/9967
460/9967
470/9967
480/9967
490/9967
500/9967
510/9967
520/9967
530/9967
540/9967
550/9967
560/9967
570/9967
580/9967
590/9967
600/9967
610/9967
620/9967
630/9967
640/9967
650/9967
660/9967
670/9967
680/9967
690/9967
700/9967
710/9967
720/9967
730/9967
740/9967
750/9967
760/9967
770/9967
780/9967
790/9967
800/9967
810/9967
820/9967
830/9967
840/9967
850/9967
860/9967
870/9967
880/9967
890/9967
900/9967
910/9967
920/9967
930/9967
940/9967
950/9967
960/9967
970/9967
980/9967
990/9967
1000/9967
1010/9967
1020/9967
1030/9967
1040/9967
1050/9967
1060/9967
1070/9967
1080/9967
1090/9967
1100/9967
1110/9967
1120/9967
1130/9967
1140/9967
1150/9967
1160/9967
1170/9967
1180/9967
1190/9967
1200/9967
1210/9967
1220/9967
1230/9967
1240/9967
1250/9967
1260/9967
1270/9967
1280/9967
1290/9967
1300/9967
1310/9967
1320/9967
1330/9967
1340/9967
1350/9967
1360/9967
1370/9967
1380/9967
1390/9967
1400/9967
1410/9967
1420/9967
1430/9967
1440/9967
1450/9967
1460/9967
1470/9967
1480/9967
1490/9967
1500/9967
1510/9967
1520/9967
1530/9967
1540/9967
1550/9967
1560/9967
1570/9967
1580/9967
1590/9967
1600/9967
1610/9967
1620/9967
1630/9967
1640/9967
1650/9967
1660/9967
1670/9967
1680/9967
1690/9967
1700/9967
1710/9967
1720/9967
1730/9967
1740/9967
1750/9967
1760/9967
1770/9967
1780/9967
1790/9967
1800/9967
1810/9967
1820/9967
1830/9967
1840/9967
1850/9967
1860/9967
1870/9967
1880/9967
1890/9967
1900/9967
1910/9967
1920/9967
1930/9967
1940/9967
1950/9967
1960/9967
1970/9967
1980/9967
1990/9967
2000/9967
2010/9967
2020/9967
2030/9967
2040/9967
2050/9967
2060/9967
2070/9967
2080/9967
2090/9967
2100/9967
2110/9967
2120/9967
2130/9967
2140/9967
2150/9967
2160/9967
2170/9967
2180/9967
2190/9967
2200/9967
2210/9967
2220/9967
2230/9967
2240/9967
2250/9967
2260/9967
2270/9967
2280/9967
2290/9967
2300/9967
2310/9967
2320/9967
2330/9967
2340/9967
2350/9967
2360/9967
2370/9967
2380/9967
2390/9967
2400/9967
2410/9967
2420/9967
2430/9967
2440/9967
2450/9967
2460/9967
2470/9967
2480/9967
2490/9967
2500/9967
2510/9967
2520/9967
2530/9967
2540/9967
2550/9967
2560/9967
2570/9967
2580/9967
2590/9967
2600/9967
2610/9967
2620/9967
2630/9967
2640/9967
2650/9967
2660/9967
2670/9967
2680/9967
2690/9967
2700/9967
2710/9967
2720/9967
2730/9967
2740/9967
2750/9967
2760/9967
2770/9967
2780/9967
2790/9967
2800/9967
2810/9967
2820/9967
2830/9967
2840/9967
2850/9967
2860/9967
2870/9967
2880/9967
2890/9967
2900/9967
2910/9967
2920/9967
2930/9967
2940/9967
2950/9967
2960/9967
2970/9967
2980/9967
2990/9967
3000/9967
3010/9967
3020/9967
3030/9967
3040/9967
3050/9967
3060/9967
3070/9967
3080/9967
3090/9967
3100/9967
3110/9967
3120/9967
3130/9967
3140/9967
3150/9967
3160/9967
3170/9967
3180/9967
3190/9967
3200/9967
3210/9967
3220/9967
3230/9967
3240/9967
3250/9967
3260/9967
3270/9967
3280/9967
3290/9967
3300/9967
3310/9967
3320/9967
3330/9967
3340/9967
3350/9967
3360/9967
3370/9967
3380/9967
3390/9967
3400/9967
3410/9967
3420/9967
3430/9967
3440/9967
3450/9967
3460/9967
3470/9967
3480/9967
3490/9967
3500/9967
3510/9967
3520/9967
3530/9967
3540/9967
3550/9967
3560/9967
3570/9967
3580/9967
3590/9967
3600/9967
3610/9967
3620/9967
3630/9967
3640/9967
3650/9967
3660/9967
3670/9967
3680/9967
3690/9967
3700/9967
3710/9967
3720/9967
3730/9967
3740/9967
3750/9967
3760/9967
3770/9967
3780/9967
3790/9967
3800/9967
3810/9967
3820/9967
3830/9967
3840/9967
3850/9967
3860/9967
3870/9967
3880/9967
3890/9967
3900/9967
3910/9967
3920/9967
3930/9967
3940/9967
3950/9967
3960/9967
3970/9967
3980/9967
3990/9967
4000/9967
4010/9967
4020/9967
4030/9967
4040/9967
4050/9967
4060/9967
4070/9967
4080/9967
4090/9967
4100/9967
4110/9967
4120/9967
4130/9967
4140/9967
4150/9967
4160/9967
4170/9967
4180/9967
4190/9967
4200/9967
4210/9967
4220/9967
4230/9967
4240/9967
4250/9967
4260/9967
4270/9967
4280/9967
4290/9967
4300/9967
4310/9967
4320/9967
4330/9967
4340/9967
4350/9967
4360/9967
4370/9967
4380/9967
4390/9967
4400/9967
4410/9967
4420/9967
4430/9967
4440/9967
4450/9967
4460/9967
4470/9967
4480/9967
4490/9967
4500/9967
4510/9967
4520/9967
4530/9967
4540/9967
4550/9967
4560/9967
4570/9967
4580/9967
4590/9967
4600/9967
4610/9967
4620/9967
4630/9967
4640/9967
4650/9967
4660/9967
4670/9967
4680/9967
4690/9967
4700/9967
4710/9967
4720/9967
4730/9967
4740/9967
4750/9967
4760/9967
4770/9967
4780/9967
4790/9967
4800/9967
4810/9967
4820/9967
4830/9967
4840/9967
4850/9967
4860/9967
4870/9967
4880/9967
4890/9967
4900/9967
4910/9967
4920/9967
4930/9967
4940/9967
4950/9967
4960/9967
4970/9967
4980/9967
4990/9967
5000/9967
5010/9967
5020/9967
5030/9967
5040/9967
5050/9967
5060/9967
5070/9967
5080/9967
5090/9967
5100/9967
5110/9967
5120/9967
5130/9967
5140/9967
5150/9967
5160/9967
5170/9967
5180/9967
5190/9967
5200/9967
5210/9967
5220/9967
5230/9967
5240/9967
5250/9967
5260/9967
5270/9967
5280/9967
5290/9967
5300/9967
5310/9967
5320/9967
5330/9967
5340/9967
5350/9967
5360/9967
5370/9967
5380/9967
5390/9967
5400/9967
5410/9967
5420/9967
5430/9967
5440/9967
5450/9967
5460/9967
5470/9967
5480/9967
5490/9967
5500/9967
5510/9967
5520/9967
5530/9967
5540/9967
5550/9967
5560/9967
5570/9967
5580/9967
5590/9967
5600/9967
5610/9967
5620/9967
5630/9967
5640/9967
5650/9967
5660/9967
5670/9967
5680/9967
5690/9967
5700/9967
5710/9967
5720/9967
5730/9967
5740/9967
5750/9967
5760/9967
5770/9967
5780/9967
5790/9967
5800/9967
5810/9967
5820/9967
5830/9967
5840/9967
5850/9967
5860/9967
5870/9967
5880/9967
5890/9967
5900/9967
5910/9967
5920/9967
5930/9967
5940/9967
5950/9967
5960/9967
5970/9967
5980/9967
5990/9967
6000/9967
6010/9967
6020/9967
6030/9967
6040/9967
6050/9967
6060/9967
6070/9967
6080/9967
6090/9967
6100/9967
6110/9967
6120/9967
6130/9967
6140/9967
6150/9967
6160/9967
6170/9967
6180/9967
6190/9967
6200/9967
6210/9967
6220/9967
6230/9967
6240/9967
6250/9967
6260/9967
6270/9967
6280/9967
6290/9967
6300/9967
6310/9967
6320/9967
6330/9967
6340/9967
6350/9967
6360/9967
6370/9967
6380/9967
6390/9967
6400/9967
6410/9967
6420/9967
6430/9967
6440/9967
6450/9967
6460/9967
6470/9967
6480/9967
6490/9967
6500/9967
6510/9967
6520/9967
6530/9967
6540/9967
6550/9967
6560/9967
6570/9967
6580/9967
6590/9967
6600/9967
6610/9967
6620/9967
6630/9967
6640/9967
6650/9967
6660/9967
6670/9967
6680/9967
6690/9967
6700/9967
6710/9967
6720/9967
6730/9967
6740/9967
6750/9967
6760/9967
6770/9967
6780/9967
6790/9967
6800/9967
6810/9967
6820/9967
6830/9967
6840/9967
6850/9967
6860/9967
6870/9967
6880/9967
6890/9967
6900/9967
6910/9967
6920/9967
6930/9967
6940/9967
6950/9967
6960/9967
6970/9967
6980/9967
6990/9967
7000/9967
7010/9967
7020/9967
7030/9967
7040/9967
7050/9967
7060/9967
7070/9967
7080/9967
7090/9967
7100/9967
7110/9967
7120/9967
7130/9967
7140/9967
7150/9967
7160/9967
7170/9967
7180/9967
7190/9967
7200/9967
7210/9967
7220/9967
7230/9967
7240/9967
7250/9967
7260/9967
7270/9967
7280/9967
7290/9967
7300/9967
7310/9967
7320/9967
7330/9967
7340/9967
7350/9967
7360/9967
7370/9967
7380/9967
7390/9967
7400/9967
7410/9967
7420/9967
7430/9967
7440/9967
7450/9967
7460/9967
7470/9967
7480/9967
7490/9967
7500/9967
7510/9967
7520/9967
7530/9967
7540/9967
7550/9967
7560/9967
7570/9967
7580/9967
7590/9967
7600/9967
7610/9967
7620/9967
7630/9967
7640/9967
7650/9967
7660/9967
7670/9967
7680/9967
7690/9967
7700/9967
7710/9967
7720/9967
7730/9967
7740/9967
7750/9967
7760/9967
7770/9967
7780/9967
7790/9967
7800/9967
7810/9967
7820/9967
7830/9967
7840/9967
7850/9967
7860/9967
7870/9967
7880/9967
7890/9967
7900/9967
7910/9967
7920/9967
7930/9967
7940/9967
7950/9967
7960/9967
7970/9967
7980/9967
7990/9967
8000/9967
8010/9967
8020/9967
8030/9967
8040/9967
8050/9967
8060/9967
8070/9967
8080/9967
8090/9967
8100/9967
8110/9967
8120/9967
8130/9967
8140/9967
8150/9967
8160/9967
8170/9967
8180/9967
8190/9967
8200/9967
8210/9967
8220/9967
8230/9967
8240/9967
8250/9967
8260/9967
8270/9967
8280/9967
8290/9967
8300/9967
8310/9967
8320/9967
8330/9967
8340/9967
8350/9967
8360/9967
8370/9967
8380/9967
8390/9967
8400/9967
8410/9967
8420/9967
8430/9967
8440/9967
8450/9967
8460/9967
8470/9967
8480/9967
8490/9967
8500/9967
8510/9967
8520/9967
8530/9967
8540/9967
8550/9967
8560/9967
8570/9967
8580/9967
8590/9967
8600/9967
8610/9967
8620/9967
8630/9967
8640/9967
8650/9967
8660/9967
8670/9967
8680/9967
8690/9967
8700/9967
8710/9967
8720/9967
8730/9967
8740/9967
8750/9967
8760/9967
8770/9967
8780/9967
8790/9967
8800/9967
8810/9967
8820/9967
8830/9967
8840/9967
8850/9967
8860/9967
8870/9967
8880/9967
8890/9967
8900/9967
8910/9967
8920/9967
8930/9967
8940/9967
8950/9967
8960/9967
8970/9967
8980/9967
8990/9967
9000/9967
9010/9967
9020/9967
9030/9967
9040/9967
9050/9967
9060/9967
9070/9967
9080/9967
9090/9967
9100/9967
9110/9967
9120/9967
9130/9967
9140/9967
9150/9967
9160/9967
9170/9967
9180/9967
9190/9967
9200/9967
9210/9967
9220/9967
9230/9967
9240/9967
9250/9967
9260/9967
9270/9967
9280/9967
9290/9967
9300/9967
9310/9967
9320/9967
9330/9967
9340/9967
9350/9967
9360/9967
9370/9967
9380/9967
9390/9967
9400/9967
9410/9967
9420/9967
9430/9967
9440/9967
9450/9967
9460/9967
9470/9967
9480/9967
9490/9967
9500/9967
9510/9967
9520/9967
9530/9967
9540/9967
9550/9967
9560/9967
9570/9967
9580/9967
9590/9967
9600/9967
9610/9967
9620/9967
9630/9967
9640/9967
9650/9967
9660/9967
9670/9967
9680/9967
9690/9967
9700/9967
9710/9967
9720/9967
9730/9967
9740/9967
9750/9967
9760/9967
9770/9967
9780/9967
9790/9967
9800/9967
9810/9967
9820/9967
9830/9967
9840/9967
9850/9967
9860/9967
9870/9967
9880/9967
9890/9967
9900/9967
9910/9967
9920/9967
9930/9967
9940/9967
9950/9967
9960/9967

 Method: Goal-directed_WGAN-GP_noSscale
Number of same peptides: 0
outdir is ../../result/GD_WGAN_wclip_MolGAN_Gamma0_DScalar_Loss_MyPredictor/epoch1000/

 Method: GD_WGAN_wclip_MolGAN_Gamma0_DScalar_Loss_MyPredictor
Number of same peptides: 0
100/1123
200/1123
300/1123
400/1123
500/1123
600/1123
700/1123
800/1123
900/1123
1000/1123
1100/1123
outdir is ../../result/GD_WGAN_wclip_MolGAN_DScalar_Loss_MyPredictor/epoch1000/
10/1123
20/1123
30/1123
40/1123
50/1123
60/1123
70/1123
80/1123
90/1123
100/1123
110/1123
120/1123
130/1123
140/1123
150/1123
160/1123
170/1123
180/1123
190/1123
200/1123
210/1123
220/1123
230/1123
240/1123
250/1123
260/1123
270/1123
280/1123
290/1123
300/1123
310/1123
320/1123
330/1123
340/1123
350/1123
360/1123
370/1123
380/1123
390/1123
400/1123
410/1123
420/1123
430/1123
440/1123
450/1123
460/1123
470/1123
480/1123
490/1123
500/1123
510/1123
520/1123
530/1123
540/1123
550/1123
560/1123
570/1123
580/1123
590/1123
600/1123
610/1123
620/1123
630/1123
640/1123
650/1123
660/1123
670/1123
680/1123
690/1123
700/1123
710/1123
720/1123
730/1123
740/1123
750/1123
760/1123
770/1123
780/1123
790/1123
800/1123
810/1123
820/1123
830/1123
840/1123
850/1123
860/1123
870/1123
880/1123
890/1123
900/1123
910/1123
920/1123
930/1123
940/1123
950/1123
960/1123
970/1123
980/1123
990/1123
1000/1123
1010/1123
1020/1123
1030/1123
1040/1123
1050/1123
1060/1123
1070/1123
1080/1123
1090/1123
1100/1123
1110/1123
1120/1123

 Method: GD_WGAN_wclip_MolGAN_DScalar_Loss_MyPredictor
Number of same peptides: 0
outdir is ../../result/GD_WGAN_wclip_OR_MolGAN_Gamma0_DScalar_Loss_MyPredictor/epoch1000/

 Method: GD_WGAN_wclip_OR_MolGAN_Gamma0_DScalar_Loss_MyPredictor
Number of same peptides: 0
100/9923
200/9923
300/9923
400/9923
500/9923
600/9923
700/9923
800/9923
900/9923
1000/9923
1100/9923
1200/9923
1300/9923
1400/9923
1500/9923
1600/9923
1700/9923
1800/9923
1900/9923
2000/9923
2100/9923
2200/9923
2300/9923
2400/9923
2500/9923
2600/9923
2700/9923
2800/9923
2900/9923
3000/9923
3100/9923
3200/9923
3300/9923
3400/9923
3500/9923
3600/9923
3700/9923
3800/9923
3900/9923
4000/9923
4100/9923
4200/9923
4300/9923
4400/9923
4500/9923
4600/9923
4700/9923
4800/9923
4900/9923
5000/9923
5100/9923
5200/9923
5300/9923
5400/9923
5500/9923
5600/9923
5700/9923
5800/9923
5900/9923
6000/9923
6100/9923
6200/9923
6300/9923
6400/9923
6500/9923
6600/9923
6700/9923
6800/9923
6900/9923
7000/9923
7100/9923
7200/9923
7300/9923
7400/9923
7500/9923
7600/9923
7700/9923
7800/9923
7900/9923
8000/9923
8100/9923
8200/9923
8300/9923
8400/9923
8500/9923
8600/9923
8700/9923
8800/9923
8900/9923
9000/9923
9100/9923
9200/9923
9300/9923
9400/9923
9500/9923
9600/9923
9700/9923
9800/9923
9900/9923
outdir is ../../result/Goal-directed_WGAN-GP_ORGAN/epoch1000/
10/9923
20/9923
30/9923
40/9923
50/9923
60/9923
70/9923
80/9923
90/9923
100/9923
110/9923
120/9923
130/9923
140/9923
150/9923
160/9923
170/9923
180/9923
190/9923
200/9923
210/9923
220/9923
230/9923
240/9923
250/9923
260/9923
270/9923
280/9923
290/9923
300/9923
310/9923
320/9923
330/9923
340/9923
350/9923
360/9923
370/9923
380/9923
390/9923
400/9923
410/9923
420/9923
430/9923
440/9923
450/9923
460/9923
470/9923
480/9923
490/9923
500/9923
510/9923
520/9923
530/9923
540/9923
550/9923
560/9923
570/9923
580/9923
590/9923
600/9923
610/9923
620/9923
630/9923
640/9923
650/9923
660/9923
670/9923
680/9923
690/9923
700/9923
710/9923
720/9923
730/9923
740/9923
750/9923
760/9923
770/9923
780/9923
790/9923
800/9923
810/9923
820/9923
830/9923
840/9923
850/9923
860/9923
870/9923
880/9923
890/9923
900/9923
910/9923
920/9923
930/9923
940/9923
950/9923
960/9923
970/9923
980/9923
990/9923
1000/9923
1010/9923
1020/9923
1030/9923
1040/9923
1050/9923
1060/9923
1070/9923
1080/9923
1090/9923
1100/9923
1110/9923
1120/9923
1130/9923
1140/9923
1150/9923
1160/9923
1170/9923
1180/9923
1190/9923
1200/9923
1210/9923
1220/9923
1230/9923
1240/9923
1250/9923
1260/9923
1270/9923
1280/9923
1290/9923
1300/9923
1310/9923
1320/9923
1330/9923
1340/9923
1350/9923
1360/9923
1370/9923
1380/9923
1390/9923
1400/9923
1410/9923
1420/9923
1430/9923
1440/9923
1450/9923
1460/9923
1470/9923
1480/9923
1490/9923
1500/9923
1510/9923
1520/9923
1530/9923
1540/9923
1550/9923
1560/9923
1570/9923
1580/9923
1590/9923
1600/9923
1610/9923
1620/9923
1630/9923
1640/9923
1650/9923
1660/9923
1670/9923
1680/9923
1690/9923
1700/9923
1710/9923
1720/9923
1730/9923
1740/9923
1750/9923
1760/9923
1770/9923
1780/9923
1790/9923
1800/9923
1810/9923
1820/9923
1830/9923
1840/9923
1850/9923
1860/9923
1870/9923
1880/9923
1890/9923
1900/9923
1910/9923
1920/9923
1930/9923
1940/9923
1950/9923
1960/9923
1970/9923
1980/9923
1990/9923
2000/9923
2010/9923
2020/9923
2030/9923
2040/9923
2050/9923
2060/9923
2070/9923
2080/9923
2090/9923
2100/9923
2110/9923
2120/9923
2130/9923
2140/9923
2150/9923
2160/9923
2170/9923
2180/9923
2190/9923
2200/9923
2210/9923
2220/9923
2230/9923
2240/9923
2250/9923
2260/9923
2270/9923
2280/9923
2290/9923
2300/9923
2310/9923
2320/9923
2330/9923
2340/9923
2350/9923
2360/9923
2370/9923
2380/9923
2390/9923
2400/9923
2410/9923
2420/9923
2430/9923
2440/9923
2450/9923
2460/9923
2470/9923
2480/9923
2490/9923
2500/9923
2510/9923
2520/9923
2530/9923
2540/9923
2550/9923
2560/9923
2570/9923
2580/9923
2590/9923
2600/9923
2610/9923
2620/9923
2630/9923
2640/9923
2650/9923
2660/9923
2670/9923
2680/9923
2690/9923
2700/9923
2710/9923
2720/9923
2730/9923
2740/9923
2750/9923
2760/9923
2770/9923
2780/9923
2790/9923
2800/9923
2810/9923
2820/9923
2830/9923
2840/9923
2850/9923
2860/9923
2870/9923
2880/9923
2890/9923
2900/9923
2910/9923
2920/9923
2930/9923
2940/9923
2950/9923
2960/9923
2970/9923
2980/9923
2990/9923
3000/9923
3010/9923
3020/9923
3030/9923
3040/9923
3050/9923
3060/9923
3070/9923
3080/9923
3090/9923
3100/9923
3110/9923
3120/9923
3130/9923
3140/9923
3150/9923
3160/9923
3170/9923
3180/9923
3190/9923
3200/9923
3210/9923
3220/9923
3230/9923
3240/9923
3250/9923
3260/9923
3270/9923
3280/9923
3290/9923
3300/9923
3310/9923
3320/9923
3330/9923
3340/9923
3350/9923
3360/9923
3370/9923
3380/9923
3390/9923
3400/9923
3410/9923
3420/9923
3430/9923
3440/9923
3450/9923
3460/9923
3470/9923
3480/9923
3490/9923
3500/9923
3510/9923
3520/9923
3530/9923
3540/9923
3550/9923
3560/9923
3570/9923
3580/9923
3590/9923
3600/9923
3610/9923
3620/9923
3630/9923
3640/9923
3650/9923
3660/9923
3670/9923
3680/9923
3690/9923
3700/9923
3710/9923
3720/9923
3730/9923
3740/9923
3750/9923
3760/9923
3770/9923
3780/9923
3790/9923
3800/9923
3810/9923
3820/9923
3830/9923
3840/9923
3850/9923
3860/9923
3870/9923
3880/9923
3890/9923
3900/9923
3910/9923
3920/9923
3930/9923
3940/9923
3950/9923
3960/9923
3970/9923
3980/9923
3990/9923
4000/9923
4010/9923
4020/9923
4030/9923
4040/9923
4050/9923
4060/9923
4070/9923
4080/9923
4090/9923
4100/9923
4110/9923
4120/9923
4130/9923
4140/9923
4150/9923
4160/9923
4170/9923
4180/9923
4190/9923
4200/9923
4210/9923
4220/9923
4230/9923
4240/9923
4250/9923
4260/9923
4270/9923
4280/9923
4290/9923
4300/9923
4310/9923
4320/9923
4330/9923
4340/9923
4350/9923
4360/9923
4370/9923
4380/9923
4390/9923
4400/9923
4410/9923
4420/9923
4430/9923
4440/9923
4450/9923
4460/9923
4470/9923
4480/9923
4490/9923
4500/9923
4510/9923
4520/9923
4530/9923
4540/9923
4550/9923
4560/9923
4570/9923
4580/9923
4590/9923
4600/9923
4610/9923
4620/9923
4630/9923
4640/9923
4650/9923
4660/9923
4670/9923
4680/9923
4690/9923
4700/9923
4710/9923
4720/9923
4730/9923
4740/9923
4750/9923
4760/9923
4770/9923
4780/9923
4790/9923
4800/9923
4810/9923
4820/9923
4830/9923
4840/9923
4850/9923
4860/9923
4870/9923
4880/9923
4890/9923
4900/9923
4910/9923
4920/9923
4930/9923
4940/9923
4950/9923
4960/9923
4970/9923
4980/9923
4990/9923
5000/9923
5010/9923
5020/9923
5030/9923
5040/9923
5050/9923
5060/9923
5070/9923
5080/9923
5090/9923
5100/9923
5110/9923
5120/9923
5130/9923
5140/9923
5150/9923
5160/9923
5170/9923
5180/9923
5190/9923
5200/9923
5210/9923
5220/9923
5230/9923
5240/9923
5250/9923
5260/9923
5270/9923
5280/9923
5290/9923
5300/9923
5310/9923
5320/9923
5330/9923
5340/9923
5350/9923
5360/9923
5370/9923
5380/9923
5390/9923
5400/9923
5410/9923
5420/9923
5430/9923
5440/9923
5450/9923
5460/9923
5470/9923
5480/9923
5490/9923
5500/9923
5510/9923
5520/9923
5530/9923
5540/9923
5550/9923
5560/9923
5570/9923
5580/9923
5590/9923
5600/9923
5610/9923
5620/9923
5630/9923
5640/9923
5650/9923
5660/9923
5670/9923
5680/9923
5690/9923
5700/9923
5710/9923
5720/9923
5730/9923
5740/9923
5750/9923
5760/9923
5770/9923
5780/9923
5790/9923
5800/9923
5810/9923
5820/9923
5830/9923
5840/9923
5850/9923
5860/9923
5870/9923
5880/9923
5890/9923
5900/9923
5910/9923
5920/9923
5930/9923
5940/9923
5950/9923
5960/9923
5970/9923
5980/9923
5990/9923
6000/9923
6010/9923
6020/9923
6030/9923
6040/9923
6050/9923
6060/9923
6070/9923
6080/9923
6090/9923
6100/9923
6110/9923
6120/9923
6130/9923
6140/9923
6150/9923
6160/9923
6170/9923
6180/9923
6190/9923
6200/9923
6210/9923
6220/9923
6230/9923
6240/9923
6250/9923
6260/9923
6270/9923
6280/9923
6290/9923
6300/9923
6310/9923
6320/9923
6330/9923
6340/9923
6350/9923
6360/9923
6370/9923
6380/9923
6390/9923
6400/9923
6410/9923
6420/9923
6430/9923
6440/9923
6450/9923
6460/9923
6470/9923
6480/9923
6490/9923
6500/9923
6510/9923
6520/9923
6530/9923
6540/9923
6550/9923
6560/9923
6570/9923
6580/9923
6590/9923
6600/9923
6610/9923
6620/9923
6630/9923
6640/9923
6650/9923
6660/9923
6670/9923
6680/9923
6690/9923
6700/9923
6710/9923
6720/9923
6730/9923
6740/9923
6750/9923
6760/9923
6770/9923
6780/9923
6790/9923
6800/9923
6810/9923
6820/9923
6830/9923
6840/9923
6850/9923
6860/9923
6870/9923
6880/9923
6890/9923
6900/9923
6910/9923
6920/9923
6930/9923
6940/9923
6950/9923
6960/9923
6970/9923
6980/9923
6990/9923
7000/9923
7010/9923
7020/9923
7030/9923
7040/9923
7050/9923
7060/9923
7070/9923
7080/9923
7090/9923
7100/9923
7110/9923
7120/9923
7130/9923
7140/9923
7150/9923
7160/9923
7170/9923
7180/9923
7190/9923
7200/9923
7210/9923
7220/9923
7230/9923
7240/9923
7250/9923
7260/9923
7270/9923
7280/9923
7290/9923
7300/9923
7310/9923
7320/9923
7330/9923
7340/9923
7350/9923
7360/9923
7370/9923
7380/9923
7390/9923
7400/9923
7410/9923
7420/9923
7430/9923
7440/9923
7450/9923
7460/9923
7470/9923
7480/9923
7490/9923
7500/9923
7510/9923
7520/9923
7530/9923
7540/9923
7550/9923
7560/9923
7570/9923
7580/9923
7590/9923
7600/9923
7610/9923
7620/9923
7630/9923
7640/9923
7650/9923
7660/9923
7670/9923
7680/9923
7690/9923
7700/9923
7710/9923
7720/9923
7730/9923
7740/9923
7750/9923
7760/9923
7770/9923
7780/9923
7790/9923
7800/9923
7810/9923
7820/9923
7830/9923
7840/9923
7850/9923
7860/9923
7870/9923
7880/9923
7890/9923
7900/9923
7910/9923
7920/9923
7930/9923
7940/9923
7950/9923
7960/9923
7970/9923
7980/9923
7990/9923
8000/9923
8010/9923
8020/9923
8030/9923
8040/9923
8050/9923
8060/9923
8070/9923
8080/9923
8090/9923
8100/9923
8110/9923
8120/9923
8130/9923
8140/9923
8150/9923
8160/9923
8170/9923
8180/9923
8190/9923
8200/9923
8210/9923
8220/9923
8230/9923
8240/9923
8250/9923
8260/9923
8270/9923
8280/9923
8290/9923
8300/9923
8310/9923
8320/9923
8330/9923
8340/9923
8350/9923
8360/9923
8370/9923
8380/9923
8390/9923
8400/9923
8410/9923
8420/9923
8430/9923
8440/9923
8450/9923
8460/9923
8470/9923
8480/9923
8490/9923
8500/9923
8510/9923
8520/9923
8530/9923
8540/9923
8550/9923
8560/9923
8570/9923
8580/9923
8590/9923
8600/9923
8610/9923
8620/9923
8630/9923
8640/9923
8650/9923
8660/9923
8670/9923
8680/9923
8690/9923
8700/9923
8710/9923
8720/9923
8730/9923
8740/9923
8750/9923
8760/9923
8770/9923
8780/9923
8790/9923
8800/9923
8810/9923
8820/9923
8830/9923
8840/9923
8850/9923
8860/9923
8870/9923
8880/9923
8890/9923
8900/9923
8910/9923
8920/9923
8930/9923
8940/9923
8950/9923
8960/9923
8970/9923
8980/9923
8990/9923
9000/9923
9010/9923
9020/9923
9030/9923
9040/9923
9050/9923
9060/9923
9070/9923
9080/9923
9090/9923
9100/9923
9110/9923
9120/9923
9130/9923
9140/9923
9150/9923
9160/9923
9170/9923
9180/9923
9190/9923
9200/9923
9210/9923
9220/9923
9230/9923
9240/9923
9250/9923
9260/9923
9270/9923
9280/9923
9290/9923
9300/9923
9310/9923
9320/9923
9330/9923
9340/9923
9350/9923
9360/9923
9370/9923
9380/9923
9390/9923
9400/9923
9410/9923
9420/9923
9430/9923
9440/9923
9450/9923
9460/9923
9470/9923
9480/9923
9490/9923
9500/9923
9510/9923
9520/9923
9530/9923
9540/9923
9550/9923
9560/9923
9570/9923
9580/9923
9590/9923
9600/9923
9610/9923
9620/9923
9630/9923
9640/9923
9650/9923
9660/9923
9670/9923
9680/9923
9690/9923
9700/9923
9710/9923
9720/9923
9730/9923
9740/9923
9750/9923
9760/9923
9770/9923
9780/9923
9790/9923
9800/9923
9810/9923
9820/9923
9830/9923
9840/9923
9850/9923
9860/9923
9870/9923
9880/9923
9890/9923
9900/9923
9910/9923
9920/9923

 Method: Goal-directed_WGAN-GP_ORGAN
Number of same peptides: 0
